[ 2014-12-19T09:03:47+08:00 ] 127.0.0.1 /kicker/
INFO: [ app_init ] --START--
INFO: Run Behavior\BuildLiteBehavior [ RunTime:0.000000s ]
INFO: [ app_init ] --END-- [ RunTime:0.000000s ]
INFO: [ app_begin ] --START--
INFO: Run Behavior\ReadHtmlCacheBehavior [ RunTime:0.001000s ]
INFO: [ app_begin ] --END-- [ RunTime:0.001000s ]
NOTIC: [8] Undefined index: username C:\xampp\htdocs\kicker\Application\Home\Controller\CommonController.class.php 第 10 行.
NOTIC: [8192] mysql_connect(): The mysql extension is deprecated and will be removed in the future: use mysqli or PDO instead C:\xampp\htdocs\kicker\ThinkPHP\Library\Think\Db\Driver\Mysql.class.php 第 52 行.
SQL: SHOW COLUMNS FROM `hy_goods` [ RunTime:0.025001s ]
SQL: SELECT * FROM `hy_goods` WHERE `cid` = 1 LIMIT 8   [ RunTime:0.001001s ]
SQL: SELECT * FROM `hy_goods` WHERE `cid` = 3 LIMIT 8   [ RunTime:0.000000s ]
SQL: SELECT * FROM `hy_goods` WHERE `cid` = 4 LIMIT 8   [ RunTime:0.000000s ]
INFO: [ view_parse ] --START--
INFO: [ template_filter ] --START--
INFO: Run Behavior\ContentReplaceBehavior [ RunTime:0.000000s ]
INFO: [ template_filter ] --END-- [ RunTime:0.001000s ]
INFO: Run Behavior\ParseTemplateBehavior [ RunTime:0.025001s ]
INFO: [ view_parse ] --END-- [ RunTime:0.026001s ]
INFO: [ view_filter ] --START--
INFO: Run Behavior\WriteHtmlCacheBehavior [ RunTime:0.000000s ]
INFO: [ view_filter ] --END-- [ RunTime:0.000000s ]
INFO: [ app_end ] --START--
INFO: Run Behavior\ShowPageTraceBehavior [ RunTime:0.001000s ]
INFO: [ app_end ] --END-- [ RunTime:0.001000s ]

[ 2014-12-19T09:04:16+08:00 ] 127.0.0.1 /kicker/Home/index/index.html
INFO: [ app_init ] --START--
INFO: Run Behavior\BuildLiteBehavior [ RunTime:0.000000s ]
INFO: [ app_init ] --END-- [ RunTime:0.001000s ]
INFO: [ app_begin ] --START--
INFO: Run Behavior\ReadHtmlCacheBehavior [ RunTime:0.000000s ]
INFO: [ app_begin ] --END-- [ RunTime:0.000000s ]
NOTIC: [8192] mysql_connect(): The mysql extension is deprecated and will be removed in the future: use mysqli or PDO instead C:\xampp\htdocs\kicker\ThinkPHP\Library\Think\Db\Driver\Mysql.class.php 第 52 行.
SQL: SHOW COLUMNS FROM `hy_cart` [ RunTime:0.029002s ]
SQL: SHOW COLUMNS FROM `hy_goods` [ RunTime:0.004000s ]
SQL: SELECT Cart.cart_id AS cart_id,Cart.goods_num AS goods_num,Cart.goods_attr AS goods_attr,Goods.main_title AS main_title,Goods.gid AS gid,Goods.goods_img AS goods_img,Goods.price AS price FROM hy_cart Cart  JOIN hy_goods Goods ON Cart.goods_id = Goods.gid WHERE Cart.user_id = '4'  [ RunTime:0.000000s ]
SQL: SHOW COLUMNS FROM `hy_goods` [ RunTime:0.005001s ]
SQL: SELECT * FROM `hy_goods` WHERE `cid` = 1 LIMIT 8   [ RunTime:0.000000s ]
SQL: SELECT * FROM `hy_goods` WHERE `cid` = 3 LIMIT 8   [ RunTime:0.001000s ]
SQL: SELECT * FROM `hy_goods` WHERE `cid` = 4 LIMIT 8   [ RunTime:0.000000s ]
INFO: [ view_parse ] --START--
INFO: [ template_filter ] --START--
INFO: Run Behavior\ContentReplaceBehavior [ RunTime:0.000000s ]
INFO: [ template_filter ] --END-- [ RunTime:0.000000s ]
INFO: Run Behavior\ParseTemplateBehavior [ RunTime:0.020001s ]
INFO: [ view_parse ] --END-- [ RunTime:0.020001s ]
INFO: [ view_filter ] --START--
INFO: Run Behavior\WriteHtmlCacheBehavior [ RunTime:0.000000s ]
INFO: [ view_filter ] --END-- [ RunTime:0.000000s ]
INFO: [ app_end ] --START--
INFO: Run Behavior\ShowPageTraceBehavior [ RunTime:0.001000s ]
INFO: [ app_end ] --END-- [ RunTime:0.001000s ]

[ 2014-12-19T09:07:32+08:00 ] 127.0.0.1 /kicker/Home/Detail/index.html?gid=11
INFO: [ app_init ] --START--
INFO: Run Behavior\BuildLiteBehavior [ RunTime:0.000000s ]
INFO: [ app_init ] --END-- [ RunTime:0.001000s ]
INFO: [ app_begin ] --START--
INFO: Run Behavior\ReadHtmlCacheBehavior [ RunTime:0.001000s ]
INFO: [ app_begin ] --END-- [ RunTime:0.002000s ]
NOTIC: [8192] mysql_connect(): The mysql extension is deprecated and will be removed in the future: use mysqli or PDO instead C:\xampp\htdocs\kicker\ThinkPHP\Library\Think\Db\Driver\Mysql.class.php 第 52 行.
SQL: SHOW COLUMNS FROM `hy_cart` [ RunTime:0.003000s ]
SQL: SHOW COLUMNS FROM `hy_goods` [ RunTime:0.004000s ]
SQL: SELECT Cart.cart_id AS cart_id,Cart.goods_num AS goods_num,Cart.goods_attr AS goods_attr,Goods.main_title AS main_title,Goods.gid AS gid,Goods.goods_img AS goods_img,Goods.price AS price FROM hy_cart Cart  JOIN hy_goods Goods ON Cart.goods_id = Goods.gid WHERE Cart.user_id = '4'  [ RunTime:0.001000s ]
SQL: SHOW COLUMNS FROM `hy_goods` [ RunTime:0.003000s ]
SQL: SELECT * FROM `hy_goods` WHERE `gid` = 11 LIMIT 1   [ RunTime:0.000000s ]
SQL: SHOW COLUMNS FROM `hy_goods` [ RunTime:0.003000s ]
SQL: SELECT `gid`,`main_title`,`goods_img`,`price`,`buy` FROM `hy_goods` WHERE `cid` = 3 LIMIT 5   [ RunTime:0.001000s ]
SQL: SELECT `gid`,`main_title`,`goods_img`,`price`,`buy` FROM `hy_goods` ORDER BY buy desc LIMIT 5   [ RunTime:0.000000s ]
SQL: SHOW COLUMNS FROM `hy_comment` [ RunTime:0.029001s ]
SQL: SHOW COLUMNS FROM `hy_user` [ RunTime:0.003000s ]
SQL: SELECT Comment.user_id AS user_id,Comment.goods_id AS goods_id,Comment.time AS time,Comment.content AS content,User.uname AS uname,User.head_image AS head_image FROM hy_comment Comment  JOIN hy_user User ON Comment.user_id = User.uid WHERE Comment.goods_id = '11' ORDER BY Comment.time desc  [ RunTime:0.012001s ]
SQL: SELECT count(comm_id) as c,sum(rating) as s FROM hy_comment Comment  JOIN hy_user User ON Comment.user_id = User.uid WHERE Comment.goods_id = '11' LIMIT 1   [ RunTime:0.001000s ]
INFO: [ view_parse ] --START--
INFO: [ template_filter ] --START--
INFO: Run Behavior\ContentReplaceBehavior [ RunTime:0.000000s ]
INFO: [ template_filter ] --END-- [ RunTime:0.000000s ]
INFO: Run Behavior\ParseTemplateBehavior [ RunTime:0.035002s ]
INFO: [ view_parse ] --END-- [ RunTime:0.035002s ]
INFO: [ view_filter ] --START--
INFO: Run Behavior\WriteHtmlCacheBehavior [ RunTime:0.001000s ]
INFO: [ view_filter ] --END-- [ RunTime:0.001000s ]
INFO: [ app_end ] --START--
INFO: Run Behavior\ShowPageTraceBehavior [ RunTime:0.001000s ]
INFO: [ app_end ] --END-- [ RunTime:0.001000s ]

[ 2014-12-19T10:25:16+08:00 ] 127.0.0.1 /kicker/
INFO: [ app_init ] --START--
INFO: Run Behavior\BuildLiteBehavior [ RunTime:0.000000s ]
INFO: [ app_init ] --END-- [ RunTime:0.000000s ]
INFO: [ app_begin ] --START--
INFO: Run Behavior\ReadHtmlCacheBehavior [ RunTime:0.000000s ]
INFO: [ app_begin ] --END-- [ RunTime:0.001001s ]
NOTIC: [8192] mysql_connect(): The mysql extension is deprecated and will be removed in the future: use mysqli or PDO instead C:\xampp\htdocs\kicker\ThinkPHP\Library\Think\Db\Driver\Mysql.class.php 第 52 行.
SQL: SHOW COLUMNS FROM `hy_cart` [ RunTime:0.004000s ]
SQL: SHOW COLUMNS FROM `hy_goods` [ RunTime:0.003001s ]
SQL: SELECT Cart.cart_id AS cart_id,Cart.goods_num AS goods_num,Cart.goods_attr AS goods_attr,Goods.main_title AS main_title,Goods.gid AS gid,Goods.goods_img AS goods_img,Goods.price AS price FROM hy_cart Cart  JOIN hy_goods Goods ON Cart.goods_id = Goods.gid WHERE Cart.user_id = '4'  [ RunTime:0.001000s ]
SQL: SHOW COLUMNS FROM `hy_goods` [ RunTime:0.003000s ]
SQL: SELECT * FROM `hy_goods` WHERE `cid` = 1 LIMIT 8   [ RunTime:0.000000s ]
SQL: SELECT * FROM `hy_goods` WHERE `cid` = 3 LIMIT 8   [ RunTime:0.000000s ]
SQL: SELECT * FROM `hy_goods` WHERE `cid` = 4 LIMIT 8   [ RunTime:0.001000s ]
INFO: [ view_parse ] --START--
INFO: [ template_filter ] --START--
INFO: Run Behavior\ContentReplaceBehavior [ RunTime:0.000000s ]
INFO: [ template_filter ] --END-- [ RunTime:0.000000s ]
INFO: Run Behavior\ParseTemplateBehavior [ RunTime:0.018001s ]
INFO: [ view_parse ] --END-- [ RunTime:0.018001s ]
INFO: [ view_filter ] --START--
INFO: Run Behavior\WriteHtmlCacheBehavior [ RunTime:0.000000s ]
INFO: [ view_filter ] --END-- [ RunTime:0.001000s ]
INFO: [ app_end ] --START--
INFO: Run Behavior\ShowPageTraceBehavior [ RunTime:0.001000s ]
INFO: [ app_end ] --END-- [ RunTime:0.001000s ]

[ 2014-12-19T10:38:39+08:00 ] 127.0.0.1 /kicker/
INFO: [ app_init ] --START--
INFO: Run Behavior\BuildLiteBehavior [ RunTime:0.000000s ]
INFO: [ app_init ] --END-- [ RunTime:0.001000s ]
INFO: [ app_begin ] --START--
INFO: Run Behavior\ReadHtmlCacheBehavior [ RunTime:0.001000s ]
INFO: [ app_begin ] --END-- [ RunTime:0.001000s ]
NOTIC: [8192] mysql_connect(): The mysql extension is deprecated and will be removed in the future: use mysqli or PDO instead C:\xampp\htdocs\kicker\ThinkPHP\Library\Think\Db\Driver\Mysql.class.php 第 52 行.
SQL: SHOW COLUMNS FROM `hy_cart` [ RunTime:0.003000s ]
SQL: SHOW COLUMNS FROM `hy_goods` [ RunTime:0.003000s ]
SQL: SELECT Cart.cart_id AS cart_id,Cart.goods_num AS goods_num,Cart.goods_attr AS goods_attr,Goods.main_title AS main_title,Goods.gid AS gid,Goods.goods_img AS goods_img,Goods.price AS price FROM hy_cart Cart  JOIN hy_goods Goods ON Cart.goods_id = Goods.gid WHERE Cart.user_id = '4'  [ RunTime:0.000000s ]
SQL: SHOW COLUMNS FROM `hy_goods` [ RunTime:0.003000s ]
SQL: SELECT * FROM `hy_goods` WHERE `cid` = 1 LIMIT 8   [ RunTime:0.000000s ]
SQL: SELECT * FROM `hy_goods` WHERE `cid` = 3 LIMIT 8   [ RunTime:0.001000s ]
SQL: SELECT * FROM `hy_goods` WHERE `cid` = 4 LIMIT 8   [ RunTime:0.000000s ]
INFO: [ view_parse ] --START--
INFO: [ template_filter ] --START--
INFO: Run Behavior\ContentReplaceBehavior [ RunTime:0.000000s ]
INFO: [ template_filter ] --END-- [ RunTime:0.000000s ]
INFO: Run Behavior\ParseTemplateBehavior [ RunTime:0.018001s ]
INFO: [ view_parse ] --END-- [ RunTime:0.018001s ]
INFO: [ view_filter ] --START--
INFO: Run Behavior\WriteHtmlCacheBehavior [ RunTime:0.001000s ]
INFO: [ view_filter ] --END-- [ RunTime:0.001000s ]
INFO: [ app_end ] --START--
INFO: Run Behavior\ShowPageTraceBehavior [ RunTime:0.002000s ]
INFO: [ app_end ] --END-- [ RunTime:0.002000s ]

