[ 2014-12-18T09:09:06+08:00 ] 127.0.0.1 /kicker/
INFO: [ app_init ] --START--
INFO: Run Behavior\BuildLiteBehavior [ RunTime:0.000000s ]
INFO: [ app_init ] --END-- [ RunTime:0.001000s ]
INFO: [ app_begin ] --START--
INFO: Run Behavior\ReadHtmlCacheBehavior [ RunTime:0.001000s ]
INFO: [ app_begin ] --END-- [ RunTime:0.001000s ]
NOTIC: [8] Undefined index: username C:\xampp\htdocs\kicker\Application\Home\Controller\CommonController.class.php 第 10 行.
NOTIC: [8192] mysql_connect(): The mysql extension is deprecated and will be removed in the future: use mysqli or PDO instead C:\xampp\htdocs\kicker\ThinkPHP\Library\Think\Db\Driver\Mysql.class.php 第 52 行.
SQL: SHOW COLUMNS FROM `hy_goods` [ RunTime:0.025002s ]
SQL: SELECT * FROM `hy_goods` WHERE `cid` = 1 LIMIT 8   [ RunTime:0.025001s ]
SQL: SELECT * FROM `hy_goods` WHERE `cid` = 3 LIMIT 8   [ RunTime:0.000000s ]
SQL: SELECT * FROM `hy_goods` WHERE `cid` = 4 LIMIT 8   [ RunTime:0.001000s ]
INFO: [ view_parse ] --START--
INFO: [ template_filter ] --START--
INFO: Run Behavior\ContentReplaceBehavior [ RunTime:0.000000s ]
INFO: [ template_filter ] --END-- [ RunTime:0.000000s ]
INFO: Run Behavior\ParseTemplateBehavior [ RunTime:0.027002s ]
INFO: [ view_parse ] --END-- [ RunTime:0.027002s ]
INFO: [ view_filter ] --START--
INFO: Run Behavior\WriteHtmlCacheBehavior [ RunTime:0.000000s ]
INFO: [ view_filter ] --END-- [ RunTime:0.000000s ]
INFO: [ app_end ] --START--
INFO: Run Behavior\ShowPageTraceBehavior [ RunTime:0.001000s ]
INFO: [ app_end ] --END-- [ RunTime:0.001000s ]

[ 2014-12-18T09:45:00+08:00 ] 127.0.0.1 /kicker/
INFO: [ app_init ] --START--
INFO: Run Behavior\BuildLiteBehavior [ RunTime:0.000000s ]
INFO: [ app_init ] --END-- [ RunTime:0.001000s ]
INFO: [ app_begin ] --START--
INFO: Run Behavior\ReadHtmlCacheBehavior [ RunTime:0.001000s ]
INFO: [ app_begin ] --END-- [ RunTime:0.001000s ]
NOTIC: [8] Undefined index: username C:\xampp\htdocs\kicker\Application\Home\Controller\CommonController.class.php 第 10 行.
NOTIC: [8192] mysql_connect(): The mysql extension is deprecated and will be removed in the future: use mysqli or PDO instead C:\xampp\htdocs\kicker\ThinkPHP\Library\Think\Db\Driver\Mysql.class.php 第 52 行.
SQL: SHOW COLUMNS FROM `hy_goods` [ RunTime:0.004000s ]
SQL: SELECT * FROM `hy_goods` WHERE `cid` = 1 LIMIT 8   [ RunTime:0.001000s ]
SQL: SELECT * FROM `hy_goods` WHERE `cid` = 3 LIMIT 8   [ RunTime:0.000000s ]
SQL: SELECT * FROM `hy_goods` WHERE `cid` = 4 LIMIT 8   [ RunTime:0.000000s ]
INFO: [ view_parse ] --START--
INFO: [ template_filter ] --START--
INFO: Run Behavior\ContentReplaceBehavior [ RunTime:0.001000s ]
INFO: [ template_filter ] --END-- [ RunTime:0.001000s ]
INFO: Run Behavior\ParseTemplateBehavior [ RunTime:0.020002s ]
INFO: [ view_parse ] --END-- [ RunTime:0.020002s ]
INFO: [ view_filter ] --START--
INFO: Run Behavior\WriteHtmlCacheBehavior [ RunTime:0.001000s ]
INFO: [ view_filter ] --END-- [ RunTime:0.001000s ]
INFO: [ app_end ] --START--
INFO: Run Behavior\ShowPageTraceBehavior [ RunTime:0.001000s ]
INFO: [ app_end ] --END-- [ RunTime:0.001000s ]

[ 2014-12-18T09:45:11+08:00 ] 127.0.0.1 /kicker/Home/index/index.html
INFO: [ app_init ] --START--
INFO: Run Behavior\BuildLiteBehavior [ RunTime:0.000000s ]
INFO: [ app_init ] --END-- [ RunTime:0.000000s ]
INFO: [ app_begin ] --START--
INFO: Run Behavior\ReadHtmlCacheBehavior [ RunTime:0.000000s ]
INFO: [ app_begin ] --END-- [ RunTime:0.000000s ]
NOTIC: [8192] mysql_connect(): The mysql extension is deprecated and will be removed in the future: use mysqli or PDO instead C:\xampp\htdocs\kicker\ThinkPHP\Library\Think\Db\Driver\Mysql.class.php 第 52 行.
SQL: SHOW COLUMNS FROM `hy_cart` [ RunTime:0.011001s ]
SQL: SHOW COLUMNS FROM `hy_goods` [ RunTime:0.004000s ]
SQL: SELECT Cart.cart_id AS cart_id,Cart.goods_num AS goods_num,Cart.goods_attr AS goods_attr,Goods.main_title AS main_title,Goods.gid AS gid,Goods.goods_img AS goods_img,Goods.price AS price FROM hy_cart Cart  JOIN hy_goods Goods ON Cart.goods_id = Goods.gid WHERE Cart.user_id = '4'  [ RunTime:0.114006s ]
SQL: SHOW COLUMNS FROM `hy_goods` [ RunTime:0.004001s ]
SQL: SELECT * FROM `hy_goods` WHERE `cid` = 1 LIMIT 8   [ RunTime:0.001000s ]
SQL: SELECT * FROM `hy_goods` WHERE `cid` = 3 LIMIT 8   [ RunTime:0.000000s ]
SQL: SELECT * FROM `hy_goods` WHERE `cid` = 4 LIMIT 8   [ RunTime:0.000000s ]
INFO: [ view_parse ] --START--
INFO: [ template_filter ] --START--
INFO: Run Behavior\ContentReplaceBehavior [ RunTime:0.000000s ]
INFO: [ template_filter ] --END-- [ RunTime:0.001000s ]
INFO: Run Behavior\ParseTemplateBehavior [ RunTime:0.018001s ]
INFO: [ view_parse ] --END-- [ RunTime:0.018001s ]
INFO: [ view_filter ] --START--
INFO: Run Behavior\WriteHtmlCacheBehavior [ RunTime:0.000000s ]
INFO: [ view_filter ] --END-- [ RunTime:0.000000s ]
INFO: [ app_end ] --START--
INFO: Run Behavior\ShowPageTraceBehavior [ RunTime:0.001000s ]
INFO: [ app_end ] --END-- [ RunTime:0.001000s ]

[ 2014-12-18T14:37:37+08:00 ] 127.0.0.1 /kicker/
INFO: [ app_init ] --START--
INFO: Run Behavior\BuildLiteBehavior [ RunTime:0.000000s ]
INFO: [ app_init ] --END-- [ RunTime:0.000000s ]
INFO: [ app_begin ] --START--
INFO: Run Behavior\ReadHtmlCacheBehavior [ RunTime:0.001000s ]
INFO: [ app_begin ] --END-- [ RunTime:0.001000s ]
NOTIC: [8192] mysql_connect(): The mysql extension is deprecated and will be removed in the future: use mysqli or PDO instead C:\xampp\htdocs\kicker\ThinkPHP\Library\Think\Db\Driver\Mysql.class.php 第 52 行.
SQL: SHOW COLUMNS FROM `hy_cart` [ RunTime:0.004000s ]
SQL: SHOW COLUMNS FROM `hy_goods` [ RunTime:0.005000s ]
SQL: SELECT Cart.cart_id AS cart_id,Cart.goods_num AS goods_num,Cart.goods_attr AS goods_attr,Goods.main_title AS main_title,Goods.gid AS gid,Goods.goods_img AS goods_img,Goods.price AS price FROM hy_cart Cart  JOIN hy_goods Goods ON Cart.goods_id = Goods.gid WHERE Cart.user_id = '4'  [ RunTime:0.001000s ]
SQL: SHOW COLUMNS FROM `hy_goods` [ RunTime:0.006001s ]
SQL: SELECT * FROM `hy_goods` WHERE `cid` = 1 LIMIT 8   [ RunTime:0.000000s ]
SQL: SELECT * FROM `hy_goods` WHERE `cid` = 3 LIMIT 8   [ RunTime:0.020001s ]
SQL: SELECT * FROM `hy_goods` WHERE `cid` = 4 LIMIT 8   [ RunTime:0.001000s ]
INFO: [ view_parse ] --START--
INFO: [ template_filter ] --START--
INFO: Run Behavior\ContentReplaceBehavior [ RunTime:0.000000s ]
INFO: [ template_filter ] --END-- [ RunTime:0.000000s ]
INFO: Run Behavior\ParseTemplateBehavior [ RunTime:0.028002s ]
INFO: [ view_parse ] --END-- [ RunTime:0.028002s ]
INFO: [ view_filter ] --START--
INFO: Run Behavior\WriteHtmlCacheBehavior [ RunTime:0.000000s ]
INFO: [ view_filter ] --END-- [ RunTime:0.000000s ]
INFO: [ app_end ] --START--
INFO: Run Behavior\ShowPageTraceBehavior [ RunTime:0.001000s ]
INFO: [ app_end ] --END-- [ RunTime:0.001000s ]

[ 2014-12-18T14:46:06+08:00 ] 127.0.0.1 /kicker/Home/index/index.html
INFO: [ app_init ] --START--
INFO: Run Behavior\BuildLiteBehavior [ RunTime:0.000000s ]
INFO: [ app_init ] --END-- [ RunTime:0.001000s ]
INFO: [ app_begin ] --START--
INFO: Run Behavior\ReadHtmlCacheBehavior [ RunTime:0.001000s ]
INFO: [ app_begin ] --END-- [ RunTime:0.001000s ]
NOTIC: [8192] mysql_connect(): The mysql extension is deprecated and will be removed in the future: use mysqli or PDO instead C:\xampp\htdocs\kicker\ThinkPHP\Library\Think\Db\Driver\Mysql.class.php 第 52 行.
SQL: SHOW COLUMNS FROM `hy_cart` [ RunTime:0.004001s ]
SQL: SHOW COLUMNS FROM `hy_goods` [ RunTime:0.004000s ]
SQL: SELECT Cart.cart_id AS cart_id,Cart.goods_num AS goods_num,Cart.goods_attr AS goods_attr,Goods.main_title AS main_title,Goods.gid AS gid,Goods.goods_img AS goods_img,Goods.price AS price FROM hy_cart Cart  JOIN hy_goods Goods ON Cart.goods_id = Goods.gid WHERE Cart.user_id = '4'  [ RunTime:0.000000s ]
SQL: SHOW COLUMNS FROM `hy_goods` [ RunTime:0.004000s ]
SQL: SELECT * FROM `hy_goods` WHERE `cid` = 1 LIMIT 8   [ RunTime:0.001000s ]
SQL: SELECT * FROM `hy_goods` WHERE `cid` = 3 LIMIT 8   [ RunTime:0.001000s ]
SQL: SELECT * FROM `hy_goods` WHERE `cid` = 4 LIMIT 8   [ RunTime:0.000000s ]
INFO: [ view_parse ] --START--
INFO: [ template_filter ] --START--
INFO: Run Behavior\ContentReplaceBehavior [ RunTime:0.000000s ]
INFO: [ template_filter ] --END-- [ RunTime:0.000000s ]
INFO: Run Behavior\ParseTemplateBehavior [ RunTime:0.018001s ]
INFO: [ view_parse ] --END-- [ RunTime:0.018001s ]
INFO: [ view_filter ] --START--
INFO: Run Behavior\WriteHtmlCacheBehavior [ RunTime:0.001000s ]
INFO: [ view_filter ] --END-- [ RunTime:0.001000s ]
INFO: [ app_end ] --START--
INFO: Run Behavior\ShowPageTraceBehavior [ RunTime:0.002001s ]
INFO: [ app_end ] --END-- [ RunTime:0.002001s ]

[ 2014-12-18T14:46:27+08:00 ] 127.0.0.1 /kicker/Home/index/index.html
INFO: [ app_init ] --START--
INFO: Run Behavior\BuildLiteBehavior [ RunTime:0.000000s ]
INFO: [ app_init ] --END-- [ RunTime:0.001000s ]
INFO: [ app_begin ] --START--
INFO: Run Behavior\ReadHtmlCacheBehavior [ RunTime:0.001000s ]
INFO: [ app_begin ] --END-- [ RunTime:0.001000s ]
NOTIC: [8192] mysql_connect(): The mysql extension is deprecated and will be removed in the future: use mysqli or PDO instead C:\xampp\htdocs\kicker\ThinkPHP\Library\Think\Db\Driver\Mysql.class.php 第 52 行.
SQL: SHOW COLUMNS FROM `hy_cart` [ RunTime:0.005000s ]
SQL: SHOW COLUMNS FROM `hy_goods` [ RunTime:0.003000s ]
SQL: SELECT Cart.cart_id AS cart_id,Cart.goods_num AS goods_num,Cart.goods_attr AS goods_attr,Goods.main_title AS main_title,Goods.gid AS gid,Goods.goods_img AS goods_img,Goods.price AS price FROM hy_cart Cart  JOIN hy_goods Goods ON Cart.goods_id = Goods.gid WHERE Cart.user_id = '4'  [ RunTime:0.000000s ]
SQL: SHOW COLUMNS FROM `hy_goods` [ RunTime:0.005000s ]
SQL: SELECT * FROM `hy_goods` WHERE `cid` = 1 LIMIT 8   [ RunTime:0.001001s ]
SQL: SELECT * FROM `hy_goods` WHERE `cid` = 3 LIMIT 8   [ RunTime:0.000000s ]
SQL: SELECT * FROM `hy_goods` WHERE `cid` = 4 LIMIT 8   [ RunTime:0.001000s ]
INFO: [ view_parse ] --START--
INFO: [ template_filter ] --START--
INFO: Run Behavior\ContentReplaceBehavior [ RunTime:0.000000s ]
INFO: [ template_filter ] --END-- [ RunTime:0.001001s ]
INFO: Run Behavior\ParseTemplateBehavior [ RunTime:0.020001s ]
INFO: [ view_parse ] --END-- [ RunTime:0.020001s ]
INFO: [ view_filter ] --START--
INFO: Run Behavior\WriteHtmlCacheBehavior [ RunTime:0.000000s ]
INFO: [ view_filter ] --END-- [ RunTime:0.000000s ]
INFO: [ app_end ] --START--
INFO: Run Behavior\ShowPageTraceBehavior [ RunTime:0.001000s ]
INFO: [ app_end ] --END-- [ RunTime:0.001000s ]

[ 2014-12-18T14:46:30+08:00 ] 127.0.0.1 /kicker/Home/Detail/index.html?gid=3
INFO: [ app_init ] --START--
INFO: Run Behavior\BuildLiteBehavior [ RunTime:0.000000s ]
INFO: [ app_init ] --END-- [ RunTime:0.001000s ]
INFO: [ app_begin ] --START--
INFO: Run Behavior\ReadHtmlCacheBehavior [ RunTime:0.001000s ]
INFO: [ app_begin ] --END-- [ RunTime:0.001000s ]
NOTIC: [8192] mysql_connect(): The mysql extension is deprecated and will be removed in the future: use mysqli or PDO instead C:\xampp\htdocs\kicker\ThinkPHP\Library\Think\Db\Driver\Mysql.class.php 第 52 行.
SQL: SHOW COLUMNS FROM `hy_cart` [ RunTime:0.005000s ]
SQL: SHOW COLUMNS FROM `hy_goods` [ RunTime:0.004000s ]
SQL: SELECT Cart.cart_id AS cart_id,Cart.goods_num AS goods_num,Cart.goods_attr AS goods_attr,Goods.main_title AS main_title,Goods.gid AS gid,Goods.goods_img AS goods_img,Goods.price AS price FROM hy_cart Cart  JOIN hy_goods Goods ON Cart.goods_id = Goods.gid WHERE Cart.user_id = '4'  [ RunTime:0.000000s ]
SQL: SHOW COLUMNS FROM `hy_goods` [ RunTime:0.004000s ]
SQL: SELECT * FROM `hy_goods` WHERE `gid` = 3 LIMIT 1   [ RunTime:0.001000s ]
SQL: SHOW COLUMNS FROM `hy_goods` [ RunTime:0.004000s ]
SQL: SELECT `gid`,`main_title`,`goods_img`,`price`,`buy` FROM `hy_goods` WHERE `cid` = 1 LIMIT 5   [ RunTime:0.000000s ]
SQL: SELECT `gid`,`main_title`,`goods_img`,`price`,`buy` FROM `hy_goods` ORDER BY buy desc LIMIT 5   [ RunTime:0.001000s ]
SQL: SHOW COLUMNS FROM `hy_comment` [ RunTime:0.005000s ]
SQL: SHOW COLUMNS FROM `hy_user` [ RunTime:0.004000s ]
SQL: SELECT Comment.user_id AS user_id,Comment.goods_id AS goods_id,Comment.time AS time,Comment.content AS content,User.uname AS uname,User.head_image AS head_image FROM hy_comment Comment  JOIN hy_user User ON Comment.user_id = User.uid WHERE Comment.goods_id = '3' ORDER BY Comment.time desc  [ RunTime:0.009001s ]
SQL: SELECT count(comm_id) as c,sum(rating) as s FROM hy_comment Comment  JOIN hy_user User ON Comment.user_id = User.uid WHERE Comment.goods_id = '3' LIMIT 1   [ RunTime:0.001000s ]
INFO: [ view_parse ] --START--
INFO: [ template_filter ] --START--
INFO: Run Behavior\ContentReplaceBehavior [ RunTime:0.000000s ]
INFO: [ template_filter ] --END-- [ RunTime:0.000000s ]
INFO: Run Behavior\ParseTemplateBehavior [ RunTime:0.024001s ]
INFO: [ view_parse ] --END-- [ RunTime:0.024001s ]
INFO: [ view_filter ] --START--
INFO: Run Behavior\WriteHtmlCacheBehavior [ RunTime:0.000000s ]
INFO: [ view_filter ] --END-- [ RunTime:0.000000s ]
INFO: [ app_end ] --START--
INFO: Run Behavior\ShowPageTraceBehavior [ RunTime:0.001000s ]
INFO: [ app_end ] --END-- [ RunTime:0.001000s ]

[ 2014-12-18T14:46:45+08:00 ] 127.0.0.1 /kicker/Home/index/index.html
INFO: [ app_init ] --START--
INFO: Run Behavior\BuildLiteBehavior [ RunTime:0.000000s ]
INFO: [ app_init ] --END-- [ RunTime:0.001000s ]
INFO: [ app_begin ] --START--
INFO: Run Behavior\ReadHtmlCacheBehavior [ RunTime:0.001000s ]
INFO: [ app_begin ] --END-- [ RunTime:0.001000s ]
NOTIC: [8192] mysql_connect(): The mysql extension is deprecated and will be removed in the future: use mysqli or PDO instead C:\xampp\htdocs\kicker\ThinkPHP\Library\Think\Db\Driver\Mysql.class.php 第 52 行.
SQL: SHOW COLUMNS FROM `hy_cart` [ RunTime:0.004000s ]
SQL: SHOW COLUMNS FROM `hy_goods` [ RunTime:0.005001s ]
SQL: SELECT Cart.cart_id AS cart_id,Cart.goods_num AS goods_num,Cart.goods_attr AS goods_attr,Goods.main_title AS main_title,Goods.gid AS gid,Goods.goods_img AS goods_img,Goods.price AS price FROM hy_cart Cart  JOIN hy_goods Goods ON Cart.goods_id = Goods.gid WHERE Cart.user_id = '4'  [ RunTime:0.001000s ]
SQL: SHOW COLUMNS FROM `hy_goods` [ RunTime:0.004000s ]
SQL: SELECT * FROM `hy_goods` WHERE `cid` = 1 LIMIT 8   [ RunTime:0.000000s ]
SQL: SELECT * FROM `hy_goods` WHERE `cid` = 3 LIMIT 8   [ RunTime:0.000000s ]
SQL: SELECT * FROM `hy_goods` WHERE `cid` = 4 LIMIT 8   [ RunTime:0.000000s ]
INFO: [ view_parse ] --START--
INFO: [ template_filter ] --START--
INFO: Run Behavior\ContentReplaceBehavior [ RunTime:0.000000s ]
INFO: [ template_filter ] --END-- [ RunTime:0.000000s ]
INFO: Run Behavior\ParseTemplateBehavior [ RunTime:0.019001s ]
INFO: [ view_parse ] --END-- [ RunTime:0.019001s ]
INFO: [ view_filter ] --START--
INFO: Run Behavior\WriteHtmlCacheBehavior [ RunTime:0.001000s ]
INFO: [ view_filter ] --END-- [ RunTime:0.001000s ]
INFO: [ app_end ] --START--
INFO: Run Behavior\ShowPageTraceBehavior [ RunTime:0.002000s ]
INFO: [ app_end ] --END-- [ RunTime:0.002000s ]

[ 2014-12-18T14:46:47+08:00 ] 127.0.0.1 /kicker/Home/Detail/index.html?gid=3
INFO: [ app_init ] --START--
INFO: Run Behavior\BuildLiteBehavior [ RunTime:0.000000s ]
INFO: [ app_init ] --END-- [ RunTime:0.001000s ]
INFO: [ app_begin ] --START--
INFO: Run Behavior\ReadHtmlCacheBehavior [ RunTime:0.001000s ]
INFO: [ app_begin ] --END-- [ RunTime:0.001000s ]
NOTIC: [8192] mysql_connect(): The mysql extension is deprecated and will be removed in the future: use mysqli or PDO instead C:\xampp\htdocs\kicker\ThinkPHP\Library\Think\Db\Driver\Mysql.class.php 第 52 行.
SQL: SHOW COLUMNS FROM `hy_cart` [ RunTime:0.004000s ]
SQL: SHOW COLUMNS FROM `hy_goods` [ RunTime:0.004001s ]
SQL: SELECT Cart.cart_id AS cart_id,Cart.goods_num AS goods_num,Cart.goods_attr AS goods_attr,Goods.main_title AS main_title,Goods.gid AS gid,Goods.goods_img AS goods_img,Goods.price AS price FROM hy_cart Cart  JOIN hy_goods Goods ON Cart.goods_id = Goods.gid WHERE Cart.user_id = '4'  [ RunTime:0.001000s ]
SQL: SHOW COLUMNS FROM `hy_goods` [ RunTime:0.004000s ]
SQL: SELECT * FROM `hy_goods` WHERE `gid` = 3 LIMIT 1   [ RunTime:0.001000s ]
SQL: SHOW COLUMNS FROM `hy_goods` [ RunTime:0.004000s ]
SQL: SELECT `gid`,`main_title`,`goods_img`,`price`,`buy` FROM `hy_goods` WHERE `cid` = 1 LIMIT 5   [ RunTime:0.001000s ]
SQL: SELECT `gid`,`main_title`,`goods_img`,`price`,`buy` FROM `hy_goods` ORDER BY buy desc LIMIT 5   [ RunTime:0.000000s ]
SQL: SHOW COLUMNS FROM `hy_comment` [ RunTime:0.004001s ]
SQL: SHOW COLUMNS FROM `hy_user` [ RunTime:0.004000s ]
SQL: SELECT Comment.user_id AS user_id,Comment.goods_id AS goods_id,Comment.time AS time,Comment.content AS content,User.uname AS uname,User.head_image AS head_image FROM hy_comment Comment  JOIN hy_user User ON Comment.user_id = User.uid WHERE Comment.goods_id = '3' ORDER BY Comment.time desc  [ RunTime:0.001000s ]
SQL: SELECT count(comm_id) as c,sum(rating) as s FROM hy_comment Comment  JOIN hy_user User ON Comment.user_id = User.uid WHERE Comment.goods_id = '3' LIMIT 1   [ RunTime:0.000000s ]
INFO: [ view_parse ] --START--
INFO: [ template_filter ] --START--
INFO: Run Behavior\ContentReplaceBehavior [ RunTime:0.001000s ]
INFO: [ template_filter ] --END-- [ RunTime:0.001000s ]
INFO: Run Behavior\ParseTemplateBehavior [ RunTime:0.024001s ]
INFO: [ view_parse ] --END-- [ RunTime:0.024001s ]
INFO: [ view_filter ] --START--
INFO: Run Behavior\WriteHtmlCacheBehavior [ RunTime:0.000000s ]
INFO: [ view_filter ] --END-- [ RunTime:0.000000s ]
INFO: [ app_end ] --START--
INFO: Run Behavior\ShowPageTraceBehavior [ RunTime:0.001000s ]
INFO: [ app_end ] --END-- [ RunTime:0.001000s ]

[ 2014-12-18T14:46:59+08:00 ] 127.0.0.1 /kicker/Home/index/index.html
INFO: [ app_init ] --START--
INFO: Run Behavior\BuildLiteBehavior [ RunTime:0.000000s ]
INFO: [ app_init ] --END-- [ RunTime:0.001001s ]
INFO: [ app_begin ] --START--
INFO: Run Behavior\ReadHtmlCacheBehavior [ RunTime:0.001000s ]
INFO: [ app_begin ] --END-- [ RunTime:0.001000s ]
NOTIC: [8192] mysql_connect(): The mysql extension is deprecated and will be removed in the future: use mysqli or PDO instead C:\xampp\htdocs\kicker\ThinkPHP\Library\Think\Db\Driver\Mysql.class.php 第 52 行.
SQL: SHOW COLUMNS FROM `hy_cart` [ RunTime:0.004001s ]
SQL: SHOW COLUMNS FROM `hy_goods` [ RunTime:0.005000s ]
SQL: SELECT Cart.cart_id AS cart_id,Cart.goods_num AS goods_num,Cart.goods_attr AS goods_attr,Goods.main_title AS main_title,Goods.gid AS gid,Goods.goods_img AS goods_img,Goods.price AS price FROM hy_cart Cart  JOIN hy_goods Goods ON Cart.goods_id = Goods.gid WHERE Cart.user_id = '4'  [ RunTime:0.000000s ]
SQL: SHOW COLUMNS FROM `hy_goods` [ RunTime:0.004000s ]
SQL: SELECT * FROM `hy_goods` WHERE `cid` = 1 LIMIT 8   [ RunTime:0.001000s ]
SQL: SELECT * FROM `hy_goods` WHERE `cid` = 3 LIMIT 8   [ RunTime:0.000000s ]
SQL: SELECT * FROM `hy_goods` WHERE `cid` = 4 LIMIT 8   [ RunTime:0.000000s ]
INFO: [ view_parse ] --START--
INFO: [ template_filter ] --START--
INFO: Run Behavior\ContentReplaceBehavior [ RunTime:0.000000s ]
INFO: [ template_filter ] --END-- [ RunTime:0.000000s ]
INFO: Run Behavior\ParseTemplateBehavior [ RunTime:0.018001s ]
INFO: [ view_parse ] --END-- [ RunTime:0.019001s ]
INFO: [ view_filter ] --START--
INFO: Run Behavior\WriteHtmlCacheBehavior [ RunTime:0.000000s ]
INFO: [ view_filter ] --END-- [ RunTime:0.001001s ]
INFO: [ app_end ] --START--
INFO: Run Behavior\ShowPageTraceBehavior [ RunTime:0.001000s ]
INFO: [ app_end ] --END-- [ RunTime:0.001000s ]

[ 2014-12-18T14:47:02+08:00 ] 127.0.0.1 /kicker/Home/Detail/index.html?gid=19
INFO: [ app_init ] --START--
INFO: Run Behavior\BuildLiteBehavior [ RunTime:0.000000s ]
INFO: [ app_init ] --END-- [ RunTime:0.001000s ]
INFO: [ app_begin ] --START--
INFO: Run Behavior\ReadHtmlCacheBehavior [ RunTime:0.002000s ]
INFO: [ app_begin ] --END-- [ RunTime:0.002000s ]
NOTIC: [8192] mysql_connect(): The mysql extension is deprecated and will be removed in the future: use mysqli or PDO instead C:\xampp\htdocs\kicker\ThinkPHP\Library\Think\Db\Driver\Mysql.class.php 第 52 行.
SQL: SHOW COLUMNS FROM `hy_cart` [ RunTime:0.003000s ]
SQL: SHOW COLUMNS FROM `hy_goods` [ RunTime:0.004000s ]
SQL: SELECT Cart.cart_id AS cart_id,Cart.goods_num AS goods_num,Cart.goods_attr AS goods_attr,Goods.main_title AS main_title,Goods.gid AS gid,Goods.goods_img AS goods_img,Goods.price AS price FROM hy_cart Cart  JOIN hy_goods Goods ON Cart.goods_id = Goods.gid WHERE Cart.user_id = '4'  [ RunTime:0.000000s ]
SQL: SHOW COLUMNS FROM `hy_goods` [ RunTime:0.004000s ]
SQL: SELECT * FROM `hy_goods` WHERE `gid` = 19 LIMIT 1   [ RunTime:0.000000s ]
SQL: SHOW COLUMNS FROM `hy_goods` [ RunTime:0.004000s ]
SQL: SELECT `gid`,`main_title`,`goods_img`,`price`,`buy` FROM `hy_goods` WHERE `cid` = 4 LIMIT 5   [ RunTime:0.000000s ]
SQL: SELECT `gid`,`main_title`,`goods_img`,`price`,`buy` FROM `hy_goods` ORDER BY buy desc LIMIT 5   [ RunTime:0.001000s ]
SQL: SHOW COLUMNS FROM `hy_comment` [ RunTime:0.004000s ]
SQL: SHOW COLUMNS FROM `hy_user` [ RunTime:0.004000s ]
SQL: SELECT Comment.user_id AS user_id,Comment.goods_id AS goods_id,Comment.time AS time,Comment.content AS content,User.uname AS uname,User.head_image AS head_image FROM hy_comment Comment  JOIN hy_user User ON Comment.user_id = User.uid WHERE Comment.goods_id = '19' ORDER BY Comment.time desc  [ RunTime:0.000000s ]
SQL: SELECT count(comm_id) as c,sum(rating) as s FROM hy_comment Comment  JOIN hy_user User ON Comment.user_id = User.uid WHERE Comment.goods_id = '19' LIMIT 1   [ RunTime:0.000000s ]
NOTIC: [2] Division by zero C:\xampp\htdocs\kicker\Application\Home\Model\CommentViewModel.class.php 第 27 行.
INFO: [ view_parse ] --START--
INFO: [ template_filter ] --START--
INFO: Run Behavior\ContentReplaceBehavior [ RunTime:0.000000s ]
INFO: [ template_filter ] --END-- [ RunTime:0.000000s ]
INFO: Run Behavior\ParseTemplateBehavior [ RunTime:0.024001s ]
INFO: [ view_parse ] --END-- [ RunTime:0.024001s ]
INFO: [ view_filter ] --START--
INFO: Run Behavior\WriteHtmlCacheBehavior [ RunTime:0.001000s ]
INFO: [ view_filter ] --END-- [ RunTime:0.001000s ]
INFO: [ app_end ] --START--
INFO: Run Behavior\ShowPageTraceBehavior [ RunTime:0.001000s ]
INFO: [ app_end ] --END-- [ RunTime:0.001000s ]

[ 2014-12-18T14:48:31+08:00 ] 127.0.0.1 /kicker/Home/index/index.html
INFO: [ app_init ] --START--
INFO: Run Behavior\BuildLiteBehavior [ RunTime:0.000000s ]
INFO: [ app_init ] --END-- [ RunTime:0.001000s ]
INFO: [ app_begin ] --START--
INFO: Run Behavior\ReadHtmlCacheBehavior [ RunTime:0.002000s ]
INFO: [ app_begin ] --END-- [ RunTime:0.002000s ]
NOTIC: [8192] mysql_connect(): The mysql extension is deprecated and will be removed in the future: use mysqli or PDO instead C:\xampp\htdocs\kicker\ThinkPHP\Library\Think\Db\Driver\Mysql.class.php 第 52 行.
SQL: SHOW COLUMNS FROM `hy_cart` [ RunTime:0.005000s ]
SQL: SHOW COLUMNS FROM `hy_goods` [ RunTime:0.004001s ]
SQL: SELECT Cart.cart_id AS cart_id,Cart.goods_num AS goods_num,Cart.goods_attr AS goods_attr,Goods.main_title AS main_title,Goods.gid AS gid,Goods.goods_img AS goods_img,Goods.price AS price FROM hy_cart Cart  JOIN hy_goods Goods ON Cart.goods_id = Goods.gid WHERE Cart.user_id = '4'  [ RunTime:0.001000s ]
SQL: SHOW COLUMNS FROM `hy_goods` [ RunTime:0.003000s ]
SQL: SELECT * FROM `hy_goods` WHERE `cid` = 1 LIMIT 8   [ RunTime:0.000000s ]
SQL: SELECT * FROM `hy_goods` WHERE `cid` = 3 LIMIT 8   [ RunTime:0.000000s ]
SQL: SELECT * FROM `hy_goods` WHERE `cid` = 4 LIMIT 8   [ RunTime:0.001000s ]
INFO: [ view_parse ] --START--
INFO: [ template_filter ] --START--
INFO: Run Behavior\ContentReplaceBehavior [ RunTime:0.000000s ]
INFO: [ template_filter ] --END-- [ RunTime:0.000000s ]
INFO: Run Behavior\ParseTemplateBehavior [ RunTime:0.018001s ]
INFO: [ view_parse ] --END-- [ RunTime:0.018001s ]
INFO: [ view_filter ] --START--
INFO: Run Behavior\WriteHtmlCacheBehavior [ RunTime:0.001000s ]
INFO: [ view_filter ] --END-- [ RunTime:0.001000s ]
INFO: [ app_end ] --START--
INFO: Run Behavior\ShowPageTraceBehavior [ RunTime:0.001000s ]
INFO: [ app_end ] --END-- [ RunTime:0.001000s ]

[ 2014-12-18T15:08:25+08:00 ] 127.0.0.1 /kicker/Home/index/index.html
INFO: [ app_init ] --START--
INFO: Run Behavior\BuildLiteBehavior [ RunTime:0.000000s ]
INFO: [ app_init ] --END-- [ RunTime:0.001000s ]
INFO: [ app_begin ] --START--
INFO: Run Behavior\ReadHtmlCacheBehavior [ RunTime:0.000000s ]
INFO: [ app_begin ] --END-- [ RunTime:0.001000s ]
NOTIC: [8192] mysql_connect(): The mysql extension is deprecated and will be removed in the future: use mysqli or PDO instead C:\xampp\htdocs\kicker\ThinkPHP\Library\Think\Db\Driver\Mysql.class.php 第 52 行.
SQL: SHOW COLUMNS FROM `hy_cart` [ RunTime:0.004000s ]
SQL: SHOW COLUMNS FROM `hy_goods` [ RunTime:0.004000s ]
SQL: SELECT Cart.cart_id AS cart_id,Cart.goods_num AS goods_num,Cart.goods_attr AS goods_attr,Goods.main_title AS main_title,Goods.gid AS gid,Goods.goods_img AS goods_img,Goods.price AS price FROM hy_cart Cart  JOIN hy_goods Goods ON Cart.goods_id = Goods.gid WHERE Cart.user_id = '4'  [ RunTime:0.001000s ]
SQL: SHOW COLUMNS FROM `hy_goods` [ RunTime:0.004001s ]
SQL: SELECT * FROM `hy_goods` WHERE `cid` = 1 LIMIT 8   [ RunTime:0.001000s ]
SQL: SELECT * FROM `hy_goods` WHERE `cid` = 3 LIMIT 8   [ RunTime:0.001000s ]
SQL: SELECT * FROM `hy_goods` WHERE `cid` = 4 LIMIT 8   [ RunTime:0.001000s ]
INFO: [ view_parse ] --START--
INFO: [ template_filter ] --START--
INFO: Run Behavior\ContentReplaceBehavior [ RunTime:0.000000s ]
INFO: [ template_filter ] --END-- [ RunTime:0.001000s ]
INFO: Run Behavior\ParseTemplateBehavior [ RunTime:0.019001s ]
INFO: [ view_parse ] --END-- [ RunTime:0.019001s ]
INFO: [ view_filter ] --START--
INFO: Run Behavior\WriteHtmlCacheBehavior [ RunTime:0.001000s ]
INFO: [ view_filter ] --END-- [ RunTime:0.001000s ]
INFO: [ app_end ] --START--
INFO: Run Behavior\ShowPageTraceBehavior [ RunTime:0.002000s ]
INFO: [ app_end ] --END-- [ RunTime:0.002000s ]

[ 2014-12-18T15:08:28+08:00 ] 127.0.0.1 /kicker/Home/Detail/index.html?gid=3
INFO: [ app_init ] --START--
INFO: Run Behavior\BuildLiteBehavior [ RunTime:0.000000s ]
INFO: [ app_init ] --END-- [ RunTime:0.001000s ]
INFO: [ app_begin ] --START--
INFO: Run Behavior\ReadHtmlCacheBehavior [ RunTime:0.001000s ]
INFO: [ app_begin ] --END-- [ RunTime:0.001000s ]
NOTIC: [8192] mysql_connect(): The mysql extension is deprecated and will be removed in the future: use mysqli or PDO instead C:\xampp\htdocs\kicker\ThinkPHP\Library\Think\Db\Driver\Mysql.class.php 第 52 行.
SQL: SHOW COLUMNS FROM `hy_cart` [ RunTime:0.004000s ]
SQL: SHOW COLUMNS FROM `hy_goods` [ RunTime:0.004000s ]
SQL: SELECT Cart.cart_id AS cart_id,Cart.goods_num AS goods_num,Cart.goods_attr AS goods_attr,Goods.main_title AS main_title,Goods.gid AS gid,Goods.goods_img AS goods_img,Goods.price AS price FROM hy_cart Cart  JOIN hy_goods Goods ON Cart.goods_id = Goods.gid WHERE Cart.user_id = '4'  [ RunTime:0.000000s ]
SQL: SHOW COLUMNS FROM `hy_goods` [ RunTime:0.004000s ]
SQL: SELECT * FROM `hy_goods` WHERE `gid` = 3 LIMIT 1   [ RunTime:0.000000s ]
SQL: SHOW COLUMNS FROM `hy_goods` [ RunTime:0.004000s ]
SQL: SELECT `gid`,`main_title`,`goods_img`,`price`,`buy` FROM `hy_goods` WHERE `cid` = 1 LIMIT 5   [ RunTime:0.000000s ]
SQL: SELECT `gid`,`main_title`,`goods_img`,`price`,`buy` FROM `hy_goods` ORDER BY buy desc LIMIT 5   [ RunTime:0.000000s ]
SQL: SHOW COLUMNS FROM `hy_comment` [ RunTime:0.004000s ]
SQL: SHOW COLUMNS FROM `hy_user` [ RunTime:0.004000s ]
SQL: SELECT Comment.user_id AS user_id,Comment.goods_id AS goods_id,Comment.time AS time,Comment.content AS content,User.uname AS uname,User.head_image AS head_image FROM hy_comment Comment  JOIN hy_user User ON Comment.user_id = User.uid WHERE Comment.goods_id = '3' ORDER BY Comment.time desc  [ RunTime:0.001000s ]
SQL: SELECT count(comm_id) as c,sum(rating) as s FROM hy_comment Comment  JOIN hy_user User ON Comment.user_id = User.uid WHERE Comment.goods_id = '3' LIMIT 1   [ RunTime:0.000000s ]
INFO: [ view_parse ] --START--
INFO: [ template_filter ] --START--
INFO: Run Behavior\ContentReplaceBehavior [ RunTime:0.000000s ]
INFO: [ template_filter ] --END-- [ RunTime:0.000000s ]
INFO: Run Behavior\ParseTemplateBehavior [ RunTime:0.023001s ]
INFO: [ view_parse ] --END-- [ RunTime:0.023001s ]
INFO: [ view_filter ] --START--
INFO: Run Behavior\WriteHtmlCacheBehavior [ RunTime:0.001000s ]
INFO: [ view_filter ] --END-- [ RunTime:0.001000s ]
INFO: [ app_end ] --START--
INFO: Run Behavior\ShowPageTraceBehavior [ RunTime:0.001000s ]
INFO: [ app_end ] --END-- [ RunTime:0.002000s ]

[ 2014-12-18T15:10:10+08:00 ] 127.0.0.1 /kicker/Home/Detail/index.html?gid=3
INFO: [ app_init ] --START--
INFO: Run Behavior\BuildLiteBehavior [ RunTime:0.000000s ]
INFO: [ app_init ] --END-- [ RunTime:0.001000s ]
INFO: [ app_begin ] --START--
INFO: Run Behavior\ReadHtmlCacheBehavior [ RunTime:0.001000s ]
INFO: [ app_begin ] --END-- [ RunTime:0.001000s ]
NOTIC: [8192] mysql_connect(): The mysql extension is deprecated and will be removed in the future: use mysqli or PDO instead C:\xampp\htdocs\kicker\ThinkPHP\Library\Think\Db\Driver\Mysql.class.php 第 52 行.
SQL: SHOW COLUMNS FROM `hy_cart` [ RunTime:0.004000s ]
SQL: SHOW COLUMNS FROM `hy_goods` [ RunTime:0.004001s ]
SQL: SELECT Cart.cart_id AS cart_id,Cart.goods_num AS goods_num,Cart.goods_attr AS goods_attr,Goods.main_title AS main_title,Goods.gid AS gid,Goods.goods_img AS goods_img,Goods.price AS price FROM hy_cart Cart  JOIN hy_goods Goods ON Cart.goods_id = Goods.gid WHERE Cart.user_id = '4'  [ RunTime:0.001000s ]
SQL: SHOW COLUMNS FROM `hy_goods` [ RunTime:0.004000s ]
SQL: SELECT * FROM `hy_goods` WHERE `gid` = 3 LIMIT 1   [ RunTime:0.001000s ]
SQL: SHOW COLUMNS FROM `hy_goods` [ RunTime:0.005000s ]
SQL: SELECT `gid`,`main_title`,`goods_img`,`price`,`buy` FROM `hy_goods` WHERE `cid` = 1 LIMIT 5   [ RunTime:0.001000s ]
SQL: SELECT `gid`,`main_title`,`goods_img`,`price`,`buy` FROM `hy_goods` ORDER BY buy desc LIMIT 5   [ RunTime:0.000000s ]
SQL: SHOW COLUMNS FROM `hy_comment` [ RunTime:0.004001s ]
SQL: SHOW COLUMNS FROM `hy_user` [ RunTime:0.004000s ]
SQL: SELECT Comment.user_id AS user_id,Comment.goods_id AS goods_id,Comment.time AS time,Comment.content AS content,User.uname AS uname,User.head_image AS head_image FROM hy_comment Comment  JOIN hy_user User ON Comment.user_id = User.uid WHERE Comment.goods_id = '3' ORDER BY Comment.time desc  [ RunTime:0.001000s ]
SQL: SELECT count(comm_id) as c,sum(rating) as s FROM hy_comment Comment  JOIN hy_user User ON Comment.user_id = User.uid WHERE Comment.goods_id = '3' LIMIT 1   [ RunTime:0.000000s ]
INFO: [ view_parse ] --START--
INFO: [ template_filter ] --START--
INFO: Run Behavior\ContentReplaceBehavior [ RunTime:0.000000s ]
INFO: [ template_filter ] --END-- [ RunTime:0.000000s ]
INFO: Run Behavior\ParseTemplateBehavior [ RunTime:0.023001s ]
INFO: [ view_parse ] --END-- [ RunTime:0.023001s ]
INFO: [ view_filter ] --START--
INFO: Run Behavior\WriteHtmlCacheBehavior [ RunTime:0.001000s ]
INFO: [ view_filter ] --END-- [ RunTime:0.001000s ]
INFO: [ app_end ] --START--
INFO: Run Behavior\ShowPageTraceBehavior [ RunTime:0.001000s ]
INFO: [ app_end ] --END-- [ RunTime:0.001000s ]

[ 2014-12-18T15:20:50+08:00 ] 127.0.0.1 /kicker/Home/index/index.html
INFO: [ app_init ] --START--
INFO: Run Behavior\BuildLiteBehavior [ RunTime:0.000000s ]
INFO: [ app_init ] --END-- [ RunTime:0.001000s ]
INFO: [ app_begin ] --START--
INFO: Run Behavior\ReadHtmlCacheBehavior [ RunTime:0.001000s ]
INFO: [ app_begin ] --END-- [ RunTime:0.001000s ]
NOTIC: [8192] mysql_connect(): The mysql extension is deprecated and will be removed in the future: use mysqli or PDO instead C:\xampp\htdocs\kicker\ThinkPHP\Library\Think\Db\Driver\Mysql.class.php 第 52 行.
SQL: SHOW COLUMNS FROM `hy_cart` [ RunTime:0.004001s ]
SQL: SHOW COLUMNS FROM `hy_goods` [ RunTime:0.004000s ]
SQL: SELECT Cart.cart_id AS cart_id,Cart.goods_num AS goods_num,Cart.goods_attr AS goods_attr,Goods.main_title AS main_title,Goods.gid AS gid,Goods.goods_img AS goods_img,Goods.price AS price FROM hy_cart Cart  JOIN hy_goods Goods ON Cart.goods_id = Goods.gid WHERE Cart.user_id = '4'  [ RunTime:0.001000s ]
SQL: SHOW COLUMNS FROM `hy_goods` [ RunTime:0.005000s ]
SQL: SELECT * FROM `hy_goods` WHERE `cid` = 1 LIMIT 8   [ RunTime:0.000000s ]
SQL: SELECT * FROM `hy_goods` WHERE `cid` = 3 LIMIT 8   [ RunTime:0.000000s ]
SQL: SELECT * FROM `hy_goods` WHERE `cid` = 4 LIMIT 8   [ RunTime:0.001000s ]
INFO: [ view_parse ] --START--
INFO: [ template_filter ] --START--
INFO: Run Behavior\ContentReplaceBehavior [ RunTime:0.001000s ]
INFO: [ template_filter ] --END-- [ RunTime:0.001000s ]
INFO: Run Behavior\ParseTemplateBehavior [ RunTime:0.019001s ]
INFO: [ view_parse ] --END-- [ RunTime:0.019001s ]
INFO: [ view_filter ] --START--
INFO: Run Behavior\WriteHtmlCacheBehavior [ RunTime:0.001001s ]
INFO: [ view_filter ] --END-- [ RunTime:0.001001s ]
INFO: [ app_end ] --START--
INFO: Run Behavior\ShowPageTraceBehavior [ RunTime:0.003000s ]
INFO: [ app_end ] --END-- [ RunTime:0.003000s ]

[ 2014-12-18T15:20:55+08:00 ] 127.0.0.1 /kicker/Home/Detail/index.html?gid=3
INFO: [ app_init ] --START--
INFO: Run Behavior\BuildLiteBehavior [ RunTime:0.000000s ]
INFO: [ app_init ] --END-- [ RunTime:0.000000s ]
INFO: [ app_begin ] --START--
INFO: Run Behavior\ReadHtmlCacheBehavior [ RunTime:0.000000s ]
INFO: [ app_begin ] --END-- [ RunTime:0.000000s ]
NOTIC: [8192] mysql_connect(): The mysql extension is deprecated and will be removed in the future: use mysqli or PDO instead C:\xampp\htdocs\kicker\ThinkPHP\Library\Think\Db\Driver\Mysql.class.php 第 52 行.
SQL: SHOW COLUMNS FROM `hy_cart` [ RunTime:0.003000s ]
SQL: SHOW COLUMNS FROM `hy_goods` [ RunTime:0.003000s ]
SQL: SELECT Cart.cart_id AS cart_id,Cart.goods_num AS goods_num,Cart.goods_attr AS goods_attr,Goods.main_title AS main_title,Goods.gid AS gid,Goods.goods_img AS goods_img,Goods.price AS price FROM hy_cart Cart  JOIN hy_goods Goods ON Cart.goods_id = Goods.gid WHERE Cart.user_id = '4'  [ RunTime:0.000000s ]
SQL: SHOW COLUMNS FROM `hy_goods` [ RunTime:0.005001s ]
SQL: SELECT * FROM `hy_goods` WHERE `gid` = 3 LIMIT 1   [ RunTime:0.000000s ]
SQL: SHOW COLUMNS FROM `hy_goods` [ RunTime:0.003000s ]
SQL: SELECT `gid`,`main_title`,`goods_img`,`price`,`buy` FROM `hy_goods` WHERE `cid` = 1 LIMIT 5   [ RunTime:0.000000s ]
SQL: SELECT `gid`,`main_title`,`goods_img`,`price`,`buy` FROM `hy_goods` ORDER BY buy desc LIMIT 5   [ RunTime:0.001000s ]
SQL: SHOW COLUMNS FROM `hy_comment` [ RunTime:0.004000s ]
SQL: SHOW COLUMNS FROM `hy_user` [ RunTime:0.004001s ]
SQL: SELECT Comment.user_id AS user_id,Comment.goods_id AS goods_id,Comment.time AS time,Comment.content AS content,User.uname AS uname,User.head_image AS head_image FROM hy_comment Comment  JOIN hy_user User ON Comment.user_id = User.uid WHERE Comment.goods_id = '3' ORDER BY Comment.time desc  [ RunTime:0.007000s ]
SQL: SELECT count(comm_id) as c,sum(rating) as s FROM hy_comment Comment  JOIN hy_user User ON Comment.user_id = User.uid WHERE Comment.goods_id = '3' LIMIT 1   [ RunTime:0.000000s ]
INFO: [ view_parse ] --START--
INFO: [ template_filter ] --START--
INFO: Run Behavior\ContentReplaceBehavior [ RunTime:0.000000s ]
INFO: [ template_filter ] --END-- [ RunTime:0.000000s ]
INFO: Run Behavior\ParseTemplateBehavior [ RunTime:0.024001s ]
INFO: [ view_parse ] --END-- [ RunTime:0.024001s ]
INFO: [ view_filter ] --START--
INFO: Run Behavior\WriteHtmlCacheBehavior [ RunTime:0.001000s ]
INFO: [ view_filter ] --END-- [ RunTime:0.001000s ]
INFO: [ app_end ] --START--
INFO: Run Behavior\ShowPageTraceBehavior [ RunTime:0.001000s ]
INFO: [ app_end ] --END-- [ RunTime:0.001000s ]

[ 2014-12-18T15:21:24+08:00 ] 127.0.0.1 /kicker/Home/index/index.html
INFO: [ app_init ] --START--
INFO: Run Behavior\BuildLiteBehavior [ RunTime:0.000000s ]
INFO: [ app_init ] --END-- [ RunTime:0.000000s ]
INFO: [ app_begin ] --START--
INFO: Run Behavior\ReadHtmlCacheBehavior [ RunTime:0.001000s ]
INFO: [ app_begin ] --END-- [ RunTime:0.001000s ]
NOTIC: [8192] mysql_connect(): The mysql extension is deprecated and will be removed in the future: use mysqli or PDO instead C:\xampp\htdocs\kicker\ThinkPHP\Library\Think\Db\Driver\Mysql.class.php 第 52 行.
SQL: SHOW COLUMNS FROM `hy_cart` [ RunTime:0.003001s ]
SQL: SHOW COLUMNS FROM `hy_goods` [ RunTime:0.003000s ]
SQL: SELECT Cart.cart_id AS cart_id,Cart.goods_num AS goods_num,Cart.goods_attr AS goods_attr,Goods.main_title AS main_title,Goods.gid AS gid,Goods.goods_img AS goods_img,Goods.price AS price FROM hy_cart Cart  JOIN hy_goods Goods ON Cart.goods_id = Goods.gid WHERE Cart.user_id = '4'  [ RunTime:0.000000s ]
SQL: SHOW COLUMNS FROM `hy_goods` [ RunTime:0.003000s ]
SQL: SELECT * FROM `hy_goods` WHERE `cid` = 1 LIMIT 8   [ RunTime:0.000000s ]
SQL: SELECT * FROM `hy_goods` WHERE `cid` = 3 LIMIT 8   [ RunTime:0.000000s ]
SQL: SELECT * FROM `hy_goods` WHERE `cid` = 4 LIMIT 8   [ RunTime:0.001000s ]
INFO: [ view_parse ] --START--
INFO: [ template_filter ] --START--
INFO: Run Behavior\ContentReplaceBehavior [ RunTime:0.001000s ]
INFO: [ template_filter ] --END-- [ RunTime:0.001000s ]
INFO: Run Behavior\ParseTemplateBehavior [ RunTime:0.019001s ]
INFO: [ view_parse ] --END-- [ RunTime:0.019001s ]
INFO: [ view_filter ] --START--
INFO: Run Behavior\WriteHtmlCacheBehavior [ RunTime:0.001000s ]
INFO: [ view_filter ] --END-- [ RunTime:0.001000s ]
INFO: [ app_end ] --START--
INFO: Run Behavior\ShowPageTraceBehavior [ RunTime:0.001001s ]
INFO: [ app_end ] --END-- [ RunTime:0.001001s ]

[ 2014-12-18T15:21:36+08:00 ] 127.0.0.1 /kicker/Home/index/index.html
INFO: [ app_init ] --START--
INFO: Run Behavior\BuildLiteBehavior [ RunTime:0.000000s ]
INFO: [ app_init ] --END-- [ RunTime:0.000000s ]
INFO: [ app_begin ] --START--
INFO: Run Behavior\ReadHtmlCacheBehavior [ RunTime:0.001000s ]
INFO: [ app_begin ] --END-- [ RunTime:0.001000s ]
NOTIC: [8192] mysql_connect(): The mysql extension is deprecated and will be removed in the future: use mysqli or PDO instead C:\xampp\htdocs\kicker\ThinkPHP\Library\Think\Db\Driver\Mysql.class.php 第 52 行.
SQL: SHOW COLUMNS FROM `hy_cart` [ RunTime:0.004000s ]
SQL: SHOW COLUMNS FROM `hy_goods` [ RunTime:0.004001s ]
SQL: SELECT Cart.cart_id AS cart_id,Cart.goods_num AS goods_num,Cart.goods_attr AS goods_attr,Goods.main_title AS main_title,Goods.gid AS gid,Goods.goods_img AS goods_img,Goods.price AS price FROM hy_cart Cart  JOIN hy_goods Goods ON Cart.goods_id = Goods.gid WHERE Cart.user_id = '4'  [ RunTime:0.001000s ]
SQL: SHOW COLUMNS FROM `hy_goods` [ RunTime:0.004000s ]
SQL: SELECT * FROM `hy_goods` WHERE `cid` = 1 LIMIT 8   [ RunTime:0.001000s ]
SQL: SELECT * FROM `hy_goods` WHERE `cid` = 3 LIMIT 8   [ RunTime:0.000000s ]
SQL: SELECT * FROM `hy_goods` WHERE `cid` = 4 LIMIT 8   [ RunTime:0.001000s ]
INFO: [ view_parse ] --START--
INFO: [ template_filter ] --START--
INFO: Run Behavior\ContentReplaceBehavior [ RunTime:0.001000s ]
INFO: [ template_filter ] --END-- [ RunTime:0.001000s ]
INFO: Run Behavior\ParseTemplateBehavior [ RunTime:0.019001s ]
INFO: [ view_parse ] --END-- [ RunTime:0.019001s ]
INFO: [ view_filter ] --START--
INFO: Run Behavior\WriteHtmlCacheBehavior [ RunTime:0.000000s ]
INFO: [ view_filter ] --END-- [ RunTime:0.000000s ]
INFO: [ app_end ] --START--
INFO: Run Behavior\ShowPageTraceBehavior [ RunTime:0.001000s ]
INFO: [ app_end ] --END-- [ RunTime:0.001000s ]

[ 2014-12-18T15:23:21+08:00 ] 127.0.0.1 /kicker/Home/Detail/index.html?gid=3
INFO: [ app_init ] --START--
INFO: Run Behavior\BuildLiteBehavior [ RunTime:0.000000s ]
INFO: [ app_init ] --END-- [ RunTime:0.001000s ]
INFO: [ app_begin ] --START--
INFO: Run Behavior\ReadHtmlCacheBehavior [ RunTime:0.001001s ]
INFO: [ app_begin ] --END-- [ RunTime:0.001001s ]
NOTIC: [8192] mysql_connect(): The mysql extension is deprecated and will be removed in the future: use mysqli or PDO instead C:\xampp\htdocs\kicker\ThinkPHP\Library\Think\Db\Driver\Mysql.class.php 第 52 行.
SQL: SHOW COLUMNS FROM `hy_cart` [ RunTime:0.004000s ]
SQL: SHOW COLUMNS FROM `hy_goods` [ RunTime:0.004000s ]
SQL: SELECT Cart.cart_id AS cart_id,Cart.goods_num AS goods_num,Cart.goods_attr AS goods_attr,Goods.main_title AS main_title,Goods.gid AS gid,Goods.goods_img AS goods_img,Goods.price AS price FROM hy_cart Cart  JOIN hy_goods Goods ON Cart.goods_id = Goods.gid WHERE Cart.user_id = '4'  [ RunTime:0.001000s ]
SQL: SHOW COLUMNS FROM `hy_goods` [ RunTime:0.004000s ]
SQL: SELECT * FROM `hy_goods` WHERE `gid` = 3 LIMIT 1   [ RunTime:0.001000s ]
SQL: SHOW COLUMNS FROM `hy_goods` [ RunTime:0.004000s ]
SQL: SELECT `gid`,`main_title`,`goods_img`,`price`,`buy` FROM `hy_goods` WHERE `cid` = 1 LIMIT 5   [ RunTime:0.000000s ]
SQL: SELECT `gid`,`main_title`,`goods_img`,`price`,`buy` FROM `hy_goods` ORDER BY buy desc LIMIT 5   [ RunTime:0.000000s ]
SQL: SHOW COLUMNS FROM `hy_comment` [ RunTime:0.003000s ]
SQL: SHOW COLUMNS FROM `hy_user` [ RunTime:0.004000s ]
SQL: SELECT Comment.user_id AS user_id,Comment.goods_id AS goods_id,Comment.time AS time,Comment.content AS content,User.uname AS uname,User.head_image AS head_image FROM hy_comment Comment  JOIN hy_user User ON Comment.user_id = User.uid WHERE Comment.goods_id = '3' ORDER BY Comment.time desc  [ RunTime:0.000000s ]
SQL: SELECT count(comm_id) as c,sum(rating) as s FROM hy_comment Comment  JOIN hy_user User ON Comment.user_id = User.uid WHERE Comment.goods_id = '3' LIMIT 1   [ RunTime:0.000000s ]
INFO: [ view_parse ] --START--
INFO: [ template_filter ] --START--
INFO: Run Behavior\ContentReplaceBehavior [ RunTime:0.000000s ]
INFO: [ template_filter ] --END-- [ RunTime:0.000000s ]
INFO: Run Behavior\ParseTemplateBehavior [ RunTime:0.024001s ]
INFO: [ view_parse ] --END-- [ RunTime:0.024001s ]
INFO: [ view_filter ] --START--
INFO: Run Behavior\WriteHtmlCacheBehavior [ RunTime:0.000000s ]
INFO: [ view_filter ] --END-- [ RunTime:0.000000s ]
INFO: [ app_end ] --START--
INFO: Run Behavior\ShowPageTraceBehavior [ RunTime:0.001000s ]
INFO: [ app_end ] --END-- [ RunTime:0.001000s ]

[ 2014-12-18T15:23:40+08:00 ] 127.0.0.1 /kicker/Home/index/index.html
INFO: [ app_init ] --START--
INFO: Run Behavior\BuildLiteBehavior [ RunTime:0.000000s ]
INFO: [ app_init ] --END-- [ RunTime:0.000000s ]
INFO: [ app_begin ] --START--
INFO: Run Behavior\ReadHtmlCacheBehavior [ RunTime:0.001000s ]
INFO: [ app_begin ] --END-- [ RunTime:0.001000s ]
NOTIC: [8192] mysql_connect(): The mysql extension is deprecated and will be removed in the future: use mysqli or PDO instead C:\xampp\htdocs\kicker\ThinkPHP\Library\Think\Db\Driver\Mysql.class.php 第 52 行.
SQL: SHOW COLUMNS FROM `hy_cart` [ RunTime:0.004000s ]
SQL: SHOW COLUMNS FROM `hy_goods` [ RunTime:0.004000s ]
SQL: SELECT Cart.cart_id AS cart_id,Cart.goods_num AS goods_num,Cart.goods_attr AS goods_attr,Goods.main_title AS main_title,Goods.gid AS gid,Goods.goods_img AS goods_img,Goods.price AS price FROM hy_cart Cart  JOIN hy_goods Goods ON Cart.goods_id = Goods.gid WHERE Cart.user_id = '4'  [ RunTime:0.000000s ]
SQL: SHOW COLUMNS FROM `hy_goods` [ RunTime:0.004000s ]
SQL: SELECT * FROM `hy_goods` WHERE `cid` = 1 LIMIT 8   [ RunTime:0.001000s ]
SQL: SELECT * FROM `hy_goods` WHERE `cid` = 3 LIMIT 8   [ RunTime:0.001000s ]
SQL: SELECT * FROM `hy_goods` WHERE `cid` = 4 LIMIT 8   [ RunTime:0.000000s ]
INFO: [ view_parse ] --START--
INFO: [ template_filter ] --START--
INFO: Run Behavior\ContentReplaceBehavior [ RunTime:0.001000s ]
INFO: [ template_filter ] --END-- [ RunTime:0.001000s ]
INFO: Run Behavior\ParseTemplateBehavior [ RunTime:0.019002s ]
INFO: [ view_parse ] --END-- [ RunTime:0.019002s ]
INFO: [ view_filter ] --START--
INFO: Run Behavior\WriteHtmlCacheBehavior [ RunTime:0.001000s ]
INFO: [ view_filter ] --END-- [ RunTime:0.001000s ]
INFO: [ app_end ] --START--
INFO: Run Behavior\ShowPageTraceBehavior [ RunTime:0.001000s ]
INFO: [ app_end ] --END-- [ RunTime:0.002000s ]

[ 2014-12-18T15:24:51+08:00 ] 127.0.0.1 /kicker/Home/index/index.html
INFO: [ app_init ] --START--
INFO: Run Behavior\BuildLiteBehavior [ RunTime:0.000000s ]
INFO: [ app_init ] --END-- [ RunTime:0.001000s ]
INFO: [ app_begin ] --START--
INFO: Run Behavior\ReadHtmlCacheBehavior [ RunTime:0.001000s ]
INFO: [ app_begin ] --END-- [ RunTime:0.001000s ]
NOTIC: [8] Undefined index: username C:\xampp\htdocs\kicker\Application\Home\Controller\CommonController.class.php 第 10 行.
NOTIC: [8192] mysql_connect(): The mysql extension is deprecated and will be removed in the future: use mysqli or PDO instead C:\xampp\htdocs\kicker\ThinkPHP\Library\Think\Db\Driver\Mysql.class.php 第 52 行.
SQL: SHOW COLUMNS FROM `hy_goods` [ RunTime:0.005000s ]
SQL: SELECT * FROM `hy_goods` WHERE `cid` = 1 LIMIT 8   [ RunTime:0.001000s ]
SQL: SELECT * FROM `hy_goods` WHERE `cid` = 3 LIMIT 8   [ RunTime:0.000000s ]
SQL: SELECT * FROM `hy_goods` WHERE `cid` = 4 LIMIT 8   [ RunTime:0.000000s ]
INFO: [ view_parse ] --START--
INFO: [ template_filter ] --START--
INFO: Run Behavior\ContentReplaceBehavior [ RunTime:0.000000s ]
INFO: [ template_filter ] --END-- [ RunTime:0.000000s ]
INFO: Run Behavior\ParseTemplateBehavior [ RunTime:0.020001s ]
INFO: [ view_parse ] --END-- [ RunTime:0.020001s ]
INFO: [ view_filter ] --START--
INFO: Run Behavior\WriteHtmlCacheBehavior [ RunTime:0.000000s ]
INFO: [ view_filter ] --END-- [ RunTime:0.000000s ]
INFO: [ app_end ] --START--
INFO: Run Behavior\ShowPageTraceBehavior [ RunTime:0.001000s ]
INFO: [ app_end ] --END-- [ RunTime:0.001000s ]

[ 2014-12-18T15:25:14+08:00 ] 127.0.0.1 /kicker/Home/index/index.html
INFO: [ app_init ] --START--
INFO: Run Behavior\BuildLiteBehavior [ RunTime:0.000000s ]
INFO: [ app_init ] --END-- [ RunTime:0.001000s ]
INFO: [ app_begin ] --START--
INFO: Run Behavior\ReadHtmlCacheBehavior [ RunTime:0.001000s ]
INFO: [ app_begin ] --END-- [ RunTime:0.001000s ]
NOTIC: [8192] mysql_connect(): The mysql extension is deprecated and will be removed in the future: use mysqli or PDO instead C:\xampp\htdocs\kicker\ThinkPHP\Library\Think\Db\Driver\Mysql.class.php 第 52 行.
SQL: SHOW COLUMNS FROM `hy_cart` [ RunTime:0.004000s ]
SQL: SHOW COLUMNS FROM `hy_goods` [ RunTime:0.005000s ]
SQL: SELECT Cart.cart_id AS cart_id,Cart.goods_num AS goods_num,Cart.goods_attr AS goods_attr,Goods.main_title AS main_title,Goods.gid AS gid,Goods.goods_img AS goods_img,Goods.price AS price FROM hy_cart Cart  JOIN hy_goods Goods ON Cart.goods_id = Goods.gid WHERE Cart.user_id = '4'  [ RunTime:0.001000s ]
SQL: SHOW COLUMNS FROM `hy_goods` [ RunTime:0.004000s ]
SQL: SELECT * FROM `hy_goods` WHERE `cid` = 1 LIMIT 8   [ RunTime:0.001000s ]
SQL: SELECT * FROM `hy_goods` WHERE `cid` = 3 LIMIT 8   [ RunTime:0.001000s ]
SQL: SELECT * FROM `hy_goods` WHERE `cid` = 4 LIMIT 8   [ RunTime:0.001001s ]
INFO: [ view_parse ] --START--
INFO: [ template_filter ] --START--
INFO: Run Behavior\ContentReplaceBehavior [ RunTime:0.000000s ]
INFO: [ template_filter ] --END-- [ RunTime:0.000000s ]
INFO: Run Behavior\ParseTemplateBehavior [ RunTime:0.026001s ]
INFO: [ view_parse ] --END-- [ RunTime:0.027001s ]
INFO: [ view_filter ] --START--
INFO: Run Behavior\WriteHtmlCacheBehavior [ RunTime:0.000000s ]
INFO: [ view_filter ] --END-- [ RunTime:0.000000s ]
INFO: [ app_end ] --START--
INFO: Run Behavior\ShowPageTraceBehavior [ RunTime:0.000000s ]
INFO: [ app_end ] --END-- [ RunTime:0.000000s ]

[ 2014-12-18T15:26:18+08:00 ] 127.0.0.1 /kicker/Home/index/index.html
INFO: [ app_init ] --START--
INFO: Run Behavior\BuildLiteBehavior [ RunTime:0.000000s ]
INFO: [ app_init ] --END-- [ RunTime:0.001000s ]
INFO: [ app_begin ] --START--
INFO: Run Behavior\ReadHtmlCacheBehavior [ RunTime:0.001000s ]
INFO: [ app_begin ] --END-- [ RunTime:0.001000s ]
NOTIC: [8192] mysql_connect(): The mysql extension is deprecated and will be removed in the future: use mysqli or PDO instead C:\xampp\htdocs\kicker\ThinkPHP\Library\Think\Db\Driver\Mysql.class.php 第 52 行.
SQL: SHOW COLUMNS FROM `hy_cart` [ RunTime:0.005000s ]
SQL: SHOW COLUMNS FROM `hy_goods` [ RunTime:0.004000s ]
SQL: SELECT Cart.cart_id AS cart_id,Cart.goods_num AS goods_num,Cart.goods_attr AS goods_attr,Goods.main_title AS main_title,Goods.gid AS gid,Goods.goods_img AS goods_img,Goods.price AS price FROM hy_cart Cart  JOIN hy_goods Goods ON Cart.goods_id = Goods.gid WHERE Cart.user_id = '4'  [ RunTime:0.000000s ]
SQL: SHOW COLUMNS FROM `hy_goods` [ RunTime:0.005001s ]
SQL: SELECT * FROM `hy_goods` WHERE `cid` = 1 LIMIT 8   [ RunTime:0.000000s ]
SQL: SELECT * FROM `hy_goods` WHERE `cid` = 3 LIMIT 8   [ RunTime:0.000000s ]
SQL: SELECT * FROM `hy_goods` WHERE `cid` = 4 LIMIT 8   [ RunTime:0.000000s ]
INFO: [ view_parse ] --START--
INFO: [ template_filter ] --START--
INFO: Run Behavior\ContentReplaceBehavior [ RunTime:0.000000s ]
INFO: [ template_filter ] --END-- [ RunTime:0.000000s ]
INFO: Run Behavior\ParseTemplateBehavior [ RunTime:0.024001s ]
INFO: [ view_parse ] --END-- [ RunTime:0.024001s ]
INFO: [ view_filter ] --START--
INFO: Run Behavior\WriteHtmlCacheBehavior [ RunTime:0.002000s ]
INFO: [ view_filter ] --END-- [ RunTime:0.002000s ]
INFO: [ app_end ] --START--
INFO: Run Behavior\ShowPageTraceBehavior [ RunTime:0.001000s ]
INFO: [ app_end ] --END-- [ RunTime:0.002000s ]

[ 2014-12-18T15:27:32+08:00 ] 127.0.0.1 /kicker/Home/index/index.html
INFO: [ app_init ] --START--
INFO: Run Behavior\BuildLiteBehavior [ RunTime:0.000000s ]
INFO: [ app_init ] --END-- [ RunTime:0.001000s ]
INFO: [ app_begin ] --START--
INFO: Run Behavior\ReadHtmlCacheBehavior [ RunTime:0.001001s ]
INFO: [ app_begin ] --END-- [ RunTime:0.001001s ]
NOTIC: [8192] mysql_connect(): The mysql extension is deprecated and will be removed in the future: use mysqli or PDO instead C:\xampp\htdocs\kicker\ThinkPHP\Library\Think\Db\Driver\Mysql.class.php 第 52 行.
SQL: SHOW COLUMNS FROM `hy_cart` [ RunTime:0.004000s ]
SQL: SHOW COLUMNS FROM `hy_goods` [ RunTime:0.007000s ]
SQL: SELECT Cart.cart_id AS cart_id,Cart.goods_num AS goods_num,Cart.goods_attr AS goods_attr,Goods.main_title AS main_title,Goods.gid AS gid,Goods.goods_img AS goods_img,Goods.price AS price FROM hy_cart Cart  JOIN hy_goods Goods ON Cart.goods_id = Goods.gid WHERE Cart.user_id = '4'  [ RunTime:0.001001s ]
SQL: SHOW COLUMNS FROM `hy_goods` [ RunTime:0.005000s ]
SQL: SELECT * FROM `hy_goods` WHERE `cid` = 1 LIMIT 8   [ RunTime:0.004000s ]
SQL: SELECT * FROM `hy_goods` WHERE `cid` = 3 LIMIT 8   [ RunTime:0.001000s ]
SQL: SELECT * FROM `hy_goods` WHERE `cid` = 4 LIMIT 8   [ RunTime:0.001000s ]
INFO: [ view_parse ] --START--
INFO: [ template_filter ] --START--
INFO: Run Behavior\ContentReplaceBehavior [ RunTime:0.001000s ]
INFO: [ template_filter ] --END-- [ RunTime:0.001000s ]
INFO: Run Behavior\ParseTemplateBehavior [ RunTime:0.034002s ]
INFO: [ view_parse ] --END-- [ RunTime:0.034002s ]
INFO: [ view_filter ] --START--
INFO: Run Behavior\WriteHtmlCacheBehavior [ RunTime:0.001000s ]
INFO: [ view_filter ] --END-- [ RunTime:0.001000s ]
INFO: [ app_end ] --START--
INFO: Run Behavior\ShowPageTraceBehavior [ RunTime:0.018001s ]
INFO: [ app_end ] --END-- [ RunTime:0.018001s ]

[ 2014-12-18T15:27:37+08:00 ] 127.0.0.1 /kicker/Home/index/%7B:U(%22Member/Cart/getTotalPrice%22)%7D
INFO: [ app_init ] --START--
INFO: Run Behavior\BuildLiteBehavior [ RunTime:0.000000s ]
INFO: [ app_init ] --END-- [ RunTime:0.001000s ]
INFO: [ app_begin ] --START--
INFO: Run Behavior\ReadHtmlCacheBehavior [ RunTime:0.001000s ]
INFO: [ app_begin ] --END-- [ RunTime:0.001000s ]
NOTIC: [8192] mysql_connect(): The mysql extension is deprecated and will be removed in the future: use mysqli or PDO instead C:\xampp\htdocs\kicker\ThinkPHP\Library\Think\Db\Driver\Mysql.class.php 第 52 行.
SQL: SHOW COLUMNS FROM `hy_cart` [ RunTime:0.004000s ]
SQL: SHOW COLUMNS FROM `hy_goods` [ RunTime:0.004000s ]
SQL: SELECT Cart.cart_id AS cart_id,Cart.goods_num AS goods_num,Cart.goods_attr AS goods_attr,Goods.main_title AS main_title,Goods.gid AS gid,Goods.goods_img AS goods_img,Goods.price AS price FROM hy_cart Cart  JOIN hy_goods Goods ON Cart.goods_id = Goods.gid WHERE Cart.user_id = '4'  [ RunTime:0.001000s ]
ERR: 非法操作:{:U("Member

[ 2014-12-18T15:28:34+08:00 ] 127.0.0.1 /kicker/Home/index/index.html
INFO: [ app_init ] --START--
INFO: Run Behavior\BuildLiteBehavior [ RunTime:0.000000s ]
INFO: [ app_init ] --END-- [ RunTime:0.001000s ]
INFO: [ app_begin ] --START--
INFO: Run Behavior\ReadHtmlCacheBehavior [ RunTime:0.001000s ]
INFO: [ app_begin ] --END-- [ RunTime:0.001000s ]
NOTIC: [8192] mysql_connect(): The mysql extension is deprecated and will be removed in the future: use mysqli or PDO instead C:\xampp\htdocs\kicker\ThinkPHP\Library\Think\Db\Driver\Mysql.class.php 第 52 行.
SQL: SHOW COLUMNS FROM `hy_cart` [ RunTime:0.004000s ]
SQL: SHOW COLUMNS FROM `hy_goods` [ RunTime:0.005001s ]
SQL: SELECT Cart.cart_id AS cart_id,Cart.goods_num AS goods_num,Cart.goods_attr AS goods_attr,Goods.main_title AS main_title,Goods.gid AS gid,Goods.goods_img AS goods_img,Goods.price AS price FROM hy_cart Cart  JOIN hy_goods Goods ON Cart.goods_id = Goods.gid WHERE Cart.user_id = '4'  [ RunTime:0.001000s ]
SQL: SHOW COLUMNS FROM `hy_goods` [ RunTime:0.004000s ]
SQL: SELECT * FROM `hy_goods` WHERE `cid` = 1 LIMIT 8   [ RunTime:0.001000s ]
SQL: SELECT * FROM `hy_goods` WHERE `cid` = 3 LIMIT 8   [ RunTime:0.000000s ]
SQL: SELECT * FROM `hy_goods` WHERE `cid` = 4 LIMIT 8   [ RunTime:0.000000s ]
INFO: [ view_parse ] --START--
INFO: [ template_filter ] --START--
INFO: Run Behavior\ContentReplaceBehavior [ RunTime:0.000000s ]
INFO: [ template_filter ] --END-- [ RunTime:0.000000s ]
INFO: Run Behavior\ParseTemplateBehavior [ RunTime:0.021001s ]
INFO: [ view_parse ] --END-- [ RunTime:0.021001s ]
INFO: [ view_filter ] --START--
INFO: Run Behavior\WriteHtmlCacheBehavior [ RunTime:0.000000s ]
INFO: [ view_filter ] --END-- [ RunTime:0.001000s ]
INFO: [ app_end ] --START--
INFO: Run Behavior\ShowPageTraceBehavior [ RunTime:0.001000s ]
INFO: [ app_end ] --END-- [ RunTime:0.001000s ]

[ 2014-12-18T15:28:38+08:00 ] 127.0.0.1 /kicker/Home/Detail/index.html?gid=3
INFO: [ app_init ] --START--
INFO: Run Behavior\BuildLiteBehavior [ RunTime:0.000000s ]
INFO: [ app_init ] --END-- [ RunTime:0.000000s ]
INFO: [ app_begin ] --START--
INFO: Run Behavior\ReadHtmlCacheBehavior [ RunTime:0.002000s ]
INFO: [ app_begin ] --END-- [ RunTime:0.002000s ]
NOTIC: [8192] mysql_connect(): The mysql extension is deprecated and will be removed in the future: use mysqli or PDO instead C:\xampp\htdocs\kicker\ThinkPHP\Library\Think\Db\Driver\Mysql.class.php 第 52 行.
SQL: SHOW COLUMNS FROM `hy_cart` [ RunTime:0.005000s ]
SQL: SHOW COLUMNS FROM `hy_goods` [ RunTime:0.004000s ]
SQL: SELECT Cart.cart_id AS cart_id,Cart.goods_num AS goods_num,Cart.goods_attr AS goods_attr,Goods.main_title AS main_title,Goods.gid AS gid,Goods.goods_img AS goods_img,Goods.price AS price FROM hy_cart Cart  JOIN hy_goods Goods ON Cart.goods_id = Goods.gid WHERE Cart.user_id = '4'  [ RunTime:0.001000s ]
SQL: SHOW COLUMNS FROM `hy_goods` [ RunTime:0.006001s ]
SQL: SELECT * FROM `hy_goods` WHERE `gid` = 3 LIMIT 1   [ RunTime:0.000000s ]
SQL: SHOW COLUMNS FROM `hy_goods` [ RunTime:0.005000s ]
SQL: SELECT `gid`,`main_title`,`goods_img`,`price`,`buy` FROM `hy_goods` WHERE `cid` = 1 LIMIT 5   [ RunTime:0.000000s ]
SQL: SELECT `gid`,`main_title`,`goods_img`,`price`,`buy` FROM `hy_goods` ORDER BY buy desc LIMIT 5   [ RunTime:0.000000s ]
SQL: SHOW COLUMNS FROM `hy_comment` [ RunTime:0.004001s ]
SQL: SHOW COLUMNS FROM `hy_user` [ RunTime:0.005000s ]
SQL: SELECT Comment.user_id AS user_id,Comment.goods_id AS goods_id,Comment.time AS time,Comment.content AS content,User.uname AS uname,User.head_image AS head_image FROM hy_comment Comment  JOIN hy_user User ON Comment.user_id = User.uid WHERE Comment.goods_id = '3' ORDER BY Comment.time desc  [ RunTime:0.001000s ]
SQL: SELECT count(comm_id) as c,sum(rating) as s FROM hy_comment Comment  JOIN hy_user User ON Comment.user_id = User.uid WHERE Comment.goods_id = '3' LIMIT 1   [ RunTime:0.001000s ]
INFO: [ view_parse ] --START--
INFO: [ template_filter ] --START--
INFO: Run Behavior\ContentReplaceBehavior [ RunTime:0.000000s ]
INFO: [ template_filter ] --END-- [ RunTime:0.001000s ]
INFO: Run Behavior\ParseTemplateBehavior [ RunTime:0.026002s ]
INFO: [ view_parse ] --END-- [ RunTime:0.026002s ]
INFO: [ view_filter ] --START--
INFO: Run Behavior\WriteHtmlCacheBehavior [ RunTime:0.002000s ]
INFO: [ view_filter ] --END-- [ RunTime:0.002000s ]
INFO: [ app_end ] --START--
INFO: Run Behavior\ShowPageTraceBehavior [ RunTime:0.001000s ]
INFO: [ app_end ] --END-- [ RunTime:0.001000s ]

[ 2014-12-18T15:28:45+08:00 ] 127.0.0.1 /kicker/Home/Detail/%7B:U(%22Member/Cart/getTotalPrice%22)%7D
INFO: [ app_init ] --START--
INFO: Run Behavior\BuildLiteBehavior [ RunTime:0.000000s ]
INFO: [ app_init ] --END-- [ RunTime:0.000000s ]
INFO: [ app_begin ] --START--
INFO: Run Behavior\ReadHtmlCacheBehavior [ RunTime:0.001000s ]
INFO: [ app_begin ] --END-- [ RunTime:0.001000s ]
NOTIC: [8192] mysql_connect(): The mysql extension is deprecated and will be removed in the future: use mysqli or PDO instead C:\xampp\htdocs\kicker\ThinkPHP\Library\Think\Db\Driver\Mysql.class.php 第 52 行.
SQL: SHOW COLUMNS FROM `hy_cart` [ RunTime:0.004000s ]
SQL: SHOW COLUMNS FROM `hy_goods` [ RunTime:0.004000s ]
SQL: SELECT Cart.cart_id AS cart_id,Cart.goods_num AS goods_num,Cart.goods_attr AS goods_attr,Goods.main_title AS main_title,Goods.gid AS gid,Goods.goods_img AS goods_img,Goods.price AS price FROM hy_cart Cart  JOIN hy_goods Goods ON Cart.goods_id = Goods.gid WHERE Cart.user_id = '4'  [ RunTime:0.001000s ]
ERR: 非法操作:{:U("Member

[ 2014-12-18T15:29:18+08:00 ] 127.0.0.1 /kicker/Home/index/index.html
INFO: [ app_init ] --START--
INFO: Run Behavior\BuildLiteBehavior [ RunTime:0.000000s ]
INFO: [ app_init ] --END-- [ RunTime:0.001000s ]
INFO: [ app_begin ] --START--
INFO: Run Behavior\ReadHtmlCacheBehavior [ RunTime:0.001000s ]
INFO: [ app_begin ] --END-- [ RunTime:0.001000s ]
NOTIC: [8192] mysql_connect(): The mysql extension is deprecated and will be removed in the future: use mysqli or PDO instead C:\xampp\htdocs\kicker\ThinkPHP\Library\Think\Db\Driver\Mysql.class.php 第 52 行.
SQL: SHOW COLUMNS FROM `hy_cart` [ RunTime:0.004000s ]
SQL: SHOW COLUMNS FROM `hy_goods` [ RunTime:0.004000s ]
SQL: SELECT Cart.cart_id AS cart_id,Cart.goods_num AS goods_num,Cart.goods_attr AS goods_attr,Goods.main_title AS main_title,Goods.gid AS gid,Goods.goods_img AS goods_img,Goods.price AS price FROM hy_cart Cart  JOIN hy_goods Goods ON Cart.goods_id = Goods.gid WHERE Cart.user_id = '4'  [ RunTime:0.000000s ]
SQL: SHOW COLUMNS FROM `hy_goods` [ RunTime:0.005000s ]
SQL: SELECT * FROM `hy_goods` WHERE `cid` = 1 LIMIT 8   [ RunTime:0.001000s ]
SQL: SELECT * FROM `hy_goods` WHERE `cid` = 3 LIMIT 8   [ RunTime:0.000000s ]
SQL: SELECT * FROM `hy_goods` WHERE `cid` = 4 LIMIT 8   [ RunTime:0.001001s ]
INFO: [ view_parse ] --START--
INFO: [ template_filter ] --START--
INFO: Run Behavior\ContentReplaceBehavior [ RunTime:0.000000s ]
INFO: [ template_filter ] --END-- [ RunTime:0.000000s ]
INFO: Run Behavior\ParseTemplateBehavior [ RunTime:0.021001s ]
INFO: [ view_parse ] --END-- [ RunTime:0.021001s ]
INFO: [ view_filter ] --START--
INFO: Run Behavior\WriteHtmlCacheBehavior [ RunTime:0.001000s ]
INFO: [ view_filter ] --END-- [ RunTime:0.001000s ]
INFO: [ app_end ] --START--
INFO: Run Behavior\ShowPageTraceBehavior [ RunTime:0.001000s ]
INFO: [ app_end ] --END-- [ RunTime:0.001000s ]

[ 2014-12-18T15:29:20+08:00 ] 127.0.0.1 /kicker/Home/Detail/index.html?gid=3
INFO: [ app_init ] --START--
INFO: Run Behavior\BuildLiteBehavior [ RunTime:0.000000s ]
INFO: [ app_init ] --END-- [ RunTime:0.000000s ]
INFO: [ app_begin ] --START--
INFO: Run Behavior\ReadHtmlCacheBehavior [ RunTime:0.001000s ]
INFO: [ app_begin ] --END-- [ RunTime:0.001000s ]
NOTIC: [8192] mysql_connect(): The mysql extension is deprecated and will be removed in the future: use mysqli or PDO instead C:\xampp\htdocs\kicker\ThinkPHP\Library\Think\Db\Driver\Mysql.class.php 第 52 行.
SQL: SHOW COLUMNS FROM `hy_cart` [ RunTime:0.004001s ]
SQL: SHOW COLUMNS FROM `hy_goods` [ RunTime:0.004000s ]
SQL: SELECT Cart.cart_id AS cart_id,Cart.goods_num AS goods_num,Cart.goods_attr AS goods_attr,Goods.main_title AS main_title,Goods.gid AS gid,Goods.goods_img AS goods_img,Goods.price AS price FROM hy_cart Cart  JOIN hy_goods Goods ON Cart.goods_id = Goods.gid WHERE Cart.user_id = '4'  [ RunTime:0.000000s ]
SQL: SHOW COLUMNS FROM `hy_goods` [ RunTime:0.006000s ]
SQL: SELECT * FROM `hy_goods` WHERE `gid` = 3 LIMIT 1   [ RunTime:0.000000s ]
SQL: SHOW COLUMNS FROM `hy_goods` [ RunTime:0.005001s ]
SQL: SELECT `gid`,`main_title`,`goods_img`,`price`,`buy` FROM `hy_goods` WHERE `cid` = 1 LIMIT 5   [ RunTime:0.000000s ]
SQL: SELECT `gid`,`main_title`,`goods_img`,`price`,`buy` FROM `hy_goods` ORDER BY buy desc LIMIT 5   [ RunTime:0.000000s ]
SQL: SHOW COLUMNS FROM `hy_comment` [ RunTime:0.004001s ]
SQL: SHOW COLUMNS FROM `hy_user` [ RunTime:0.005000s ]
SQL: SELECT Comment.user_id AS user_id,Comment.goods_id AS goods_id,Comment.time AS time,Comment.content AS content,User.uname AS uname,User.head_image AS head_image FROM hy_comment Comment  JOIN hy_user User ON Comment.user_id = User.uid WHERE Comment.goods_id = '3' ORDER BY Comment.time desc  [ RunTime:0.001000s ]
SQL: SELECT count(comm_id) as c,sum(rating) as s FROM hy_comment Comment  JOIN hy_user User ON Comment.user_id = User.uid WHERE Comment.goods_id = '3' LIMIT 1   [ RunTime:0.000000s ]
INFO: [ view_parse ] --START--
INFO: [ template_filter ] --START--
INFO: Run Behavior\ContentReplaceBehavior [ RunTime:0.000000s ]
INFO: [ template_filter ] --END-- [ RunTime:0.000000s ]
INFO: Run Behavior\ParseTemplateBehavior [ RunTime:0.026002s ]
INFO: [ view_parse ] --END-- [ RunTime:0.026002s ]
INFO: [ view_filter ] --START--
INFO: Run Behavior\WriteHtmlCacheBehavior [ RunTime:0.001000s ]
INFO: [ view_filter ] --END-- [ RunTime:0.001000s ]
INFO: [ app_end ] --START--
INFO: Run Behavior\ShowPageTraceBehavior [ RunTime:0.001000s ]
INFO: [ app_end ] --END-- [ RunTime:0.001000s ]

[ 2014-12-18T15:29:25+08:00 ] 127.0.0.1 /kicker/Home/Detail/%7B:U(%22Member/Cart/getTotalPrice%22)%7D
INFO: [ app_init ] --START--
INFO: Run Behavior\BuildLiteBehavior [ RunTime:0.000000s ]
INFO: [ app_init ] --END-- [ RunTime:0.001000s ]
INFO: [ app_begin ] --START--
INFO: Run Behavior\ReadHtmlCacheBehavior [ RunTime:0.001000s ]
INFO: [ app_begin ] --END-- [ RunTime:0.001000s ]
NOTIC: [8192] mysql_connect(): The mysql extension is deprecated and will be removed in the future: use mysqli or PDO instead C:\xampp\htdocs\kicker\ThinkPHP\Library\Think\Db\Driver\Mysql.class.php 第 52 行.
SQL: SHOW COLUMNS FROM `hy_cart` [ RunTime:0.005000s ]
SQL: SHOW COLUMNS FROM `hy_goods` [ RunTime:0.004001s ]
SQL: SELECT Cart.cart_id AS cart_id,Cart.goods_num AS goods_num,Cart.goods_attr AS goods_attr,Goods.main_title AS main_title,Goods.gid AS gid,Goods.goods_img AS goods_img,Goods.price AS price FROM hy_cart Cart  JOIN hy_goods Goods ON Cart.goods_id = Goods.gid WHERE Cart.user_id = '4'  [ RunTime:0.000000s ]
ERR: 非法操作:{:U("Member

[ 2014-12-18T15:30:52+08:00 ] 127.0.0.1 /kicker/Home/Detail/index.html?gid=3
INFO: [ app_init ] --START--
INFO: Run Behavior\BuildLiteBehavior [ RunTime:0.000000s ]
INFO: [ app_init ] --END-- [ RunTime:0.001000s ]
INFO: [ app_begin ] --START--
INFO: Run Behavior\ReadHtmlCacheBehavior [ RunTime:0.001000s ]
INFO: [ app_begin ] --END-- [ RunTime:0.001000s ]
NOTIC: [8192] mysql_connect(): The mysql extension is deprecated and will be removed in the future: use mysqli or PDO instead C:\xampp\htdocs\kicker\ThinkPHP\Library\Think\Db\Driver\Mysql.class.php 第 52 行.
SQL: SHOW COLUMNS FROM `hy_cart` [ RunTime:0.004001s ]
SQL: SHOW COLUMNS FROM `hy_goods` [ RunTime:0.004000s ]
SQL: SELECT Cart.cart_id AS cart_id,Cart.goods_num AS goods_num,Cart.goods_attr AS goods_attr,Goods.main_title AS main_title,Goods.gid AS gid,Goods.goods_img AS goods_img,Goods.price AS price FROM hy_cart Cart  JOIN hy_goods Goods ON Cart.goods_id = Goods.gid WHERE Cart.user_id = '4'  [ RunTime:0.001000s ]
SQL: SHOW COLUMNS FROM `hy_goods` [ RunTime:0.005000s ]
SQL: SELECT * FROM `hy_goods` WHERE `gid` = 3 LIMIT 1   [ RunTime:0.001000s ]
SQL: SHOW COLUMNS FROM `hy_goods` [ RunTime:0.004001s ]
SQL: SELECT `gid`,`main_title`,`goods_img`,`price`,`buy` FROM `hy_goods` WHERE `cid` = 1 LIMIT 5   [ RunTime:0.000000s ]
SQL: SELECT `gid`,`main_title`,`goods_img`,`price`,`buy` FROM `hy_goods` ORDER BY buy desc LIMIT 5   [ RunTime:0.001000s ]
SQL: SHOW COLUMNS FROM `hy_comment` [ RunTime:0.004000s ]
SQL: SHOW COLUMNS FROM `hy_user` [ RunTime:0.005000s ]
SQL: SELECT Comment.user_id AS user_id,Comment.goods_id AS goods_id,Comment.time AS time,Comment.content AS content,User.uname AS uname,User.head_image AS head_image FROM hy_comment Comment  JOIN hy_user User ON Comment.user_id = User.uid WHERE Comment.goods_id = '3' ORDER BY Comment.time desc  [ RunTime:0.000000s ]
SQL: SELECT count(comm_id) as c,sum(rating) as s FROM hy_comment Comment  JOIN hy_user User ON Comment.user_id = User.uid WHERE Comment.goods_id = '3' LIMIT 1   [ RunTime:0.001000s ]
INFO: [ view_parse ] --START--
INFO: [ template_filter ] --START--
INFO: Run Behavior\ContentReplaceBehavior [ RunTime:0.000000s ]
INFO: [ template_filter ] --END-- [ RunTime:0.000000s ]
INFO: Run Behavior\ParseTemplateBehavior [ RunTime:0.025002s ]
INFO: [ view_parse ] --END-- [ RunTime:0.025002s ]
INFO: [ view_filter ] --START--
INFO: Run Behavior\WriteHtmlCacheBehavior [ RunTime:0.001000s ]
INFO: [ view_filter ] --END-- [ RunTime:0.001000s ]
INFO: [ app_end ] --START--
INFO: Run Behavior\ShowPageTraceBehavior [ RunTime:0.005000s ]
INFO: [ app_end ] --END-- [ RunTime:0.005000s ]

