[ 2014-12-25T15:45:14+08:00 ] 127.0.0.1 /kicker/
INFO: [ app_init ] --START--
INFO: Run Behavior\BuildLiteBehavior [ RunTime:0.000000s ]
INFO: [ app_init ] --END-- [ RunTime:0.012001s ]
INFO: [ app_begin ] --START--
INFO: Run Behavior\ReadHtmlCacheBehavior [ RunTime:0.001000s ]
INFO: [ app_begin ] --END-- [ RunTime:0.001000s ]
NOTIC: [8] Undefined index: username C:\xampp\htdocs\kicker\Application\Home\Controller\CommonController.class.php 第 10 行.
NOTIC: [8192] mysql_connect(): The mysql extension is deprecated and will be removed in the future: use mysqli or PDO instead C:\xampp\htdocs\kicker\ThinkPHP\Library\Think\Db\Driver\Mysql.class.php 第 52 行.
SQL: SHOW COLUMNS FROM `hy_goods` [ RunTime:0.327019s ]
SQL: SELECT * FROM `hy_goods` WHERE `cid` = 1 LIMIT 8   [ RunTime:0.021001s ]
SQL: SELECT * FROM `hy_goods` WHERE `cid` = 3 LIMIT 8   [ RunTime:0.000000s ]
SQL: SELECT * FROM `hy_goods` WHERE `cid` = 4 LIMIT 8   [ RunTime:0.000000s ]
INFO: [ view_parse ] --START--
INFO: [ template_filter ] --START--
INFO: Run Behavior\ContentReplaceBehavior [ RunTime:0.000000s ]
INFO: [ template_filter ] --END-- [ RunTime:0.000000s ]
INFO: Run Behavior\ParseTemplateBehavior [ RunTime:0.184011s ]
INFO: [ view_parse ] --END-- [ RunTime:0.184011s ]
INFO: [ view_filter ] --START--
INFO: Run Behavior\WriteHtmlCacheBehavior [ RunTime:0.001000s ]
INFO: [ view_filter ] --END-- [ RunTime:0.001000s ]
INFO: [ app_end ] --START--
INFO: Run Behavior\ShowPageTraceBehavior [ RunTime:0.001000s ]
INFO: [ app_end ] --END-- [ RunTime:0.002000s ]

[ 2014-12-25T16:32:46+08:00 ] 127.0.0.1 /kicker/
INFO: [ app_init ] --START--
INFO: Run Behavior\BuildLiteBehavior [ RunTime:0.000000s ]
INFO: [ app_init ] --END-- [ RunTime:0.001000s ]
INFO: [ app_begin ] --START--
INFO: Run Behavior\ReadHtmlCacheBehavior [ RunTime:0.001000s ]
INFO: [ app_begin ] --END-- [ RunTime:0.002000s ]
NOTIC: [8] Undefined index: username C:\xampp\htdocs\kicker\Application\Home\Controller\CommonController.class.php 第 10 行.
NOTIC: [8192] mysql_connect(): The mysql extension is deprecated and will be removed in the future: use mysqli or PDO instead C:\xampp\htdocs\kicker\ThinkPHP\Library\Think\Db\Driver\Mysql.class.php 第 52 行.
SQL: SHOW COLUMNS FROM `hy_goods` [ RunTime:0.004000s ]
SQL: SELECT * FROM `hy_goods` WHERE `cid` = 1 LIMIT 8   [ RunTime:0.001001s ]
SQL: SELECT * FROM `hy_goods` WHERE `cid` = 3 LIMIT 8   [ RunTime:0.001000s ]
SQL: SELECT * FROM `hy_goods` WHERE `cid` = 4 LIMIT 8   [ RunTime:0.000000s ]
INFO: [ view_parse ] --START--
INFO: [ template_filter ] --START--
INFO: Run Behavior\ContentReplaceBehavior [ RunTime:0.001000s ]
INFO: [ template_filter ] --END-- [ RunTime:0.001000s ]
INFO: Run Behavior\ParseTemplateBehavior [ RunTime:0.020001s ]
INFO: [ view_parse ] --END-- [ RunTime:0.020001s ]
INFO: [ view_filter ] --START--
INFO: Run Behavior\WriteHtmlCacheBehavior [ RunTime:0.001000s ]
INFO: [ view_filter ] --END-- [ RunTime:0.001000s ]
INFO: [ app_end ] --START--
INFO: Run Behavior\ShowPageTraceBehavior [ RunTime:0.001000s ]
INFO: [ app_end ] --END-- [ RunTime:0.001000s ]

[ 2014-12-25T16:32:56+08:00 ] 127.0.0.1 /kicker/Home/Detail/index.html?gid=12
INFO: [ app_init ] --START--
INFO: Run Behavior\BuildLiteBehavior [ RunTime:0.000000s ]
INFO: [ app_init ] --END-- [ RunTime:0.000000s ]
INFO: [ app_begin ] --START--
INFO: Run Behavior\ReadHtmlCacheBehavior [ RunTime:0.001000s ]
INFO: [ app_begin ] --END-- [ RunTime:0.001000s ]
NOTIC: [8] Undefined index: username C:\xampp\htdocs\kicker\Application\Home\Controller\CommonController.class.php 第 10 行.
NOTIC: [8192] mysql_connect(): The mysql extension is deprecated and will be removed in the future: use mysqli or PDO instead C:\xampp\htdocs\kicker\ThinkPHP\Library\Think\Db\Driver\Mysql.class.php 第 52 行.
SQL: SHOW COLUMNS FROM `hy_goods` [ RunTime:0.004001s ]
SQL: SELECT * FROM `hy_goods` WHERE `gid` = 12 LIMIT 1   [ RunTime:0.000000s ]
SQL: SHOW COLUMNS FROM `hy_goods` [ RunTime:0.004000s ]
SQL: SELECT `gid`,`main_title`,`goods_img`,`price`,`buy` FROM `hy_goods` WHERE `cid` = 3 LIMIT 5   [ RunTime:0.000000s ]
SQL: SELECT `gid`,`main_title`,`goods_img`,`price`,`buy` FROM `hy_goods` ORDER BY buy desc LIMIT 5   [ RunTime:0.001000s ]
SQL: SHOW COLUMNS FROM `hy_comment` [ RunTime:0.016001s ]
SQL: SHOW COLUMNS FROM `hy_user` [ RunTime:0.043003s ]
SQL: SELECT Comment.user_id AS user_id,Comment.goods_id AS goods_id,Comment.time AS time,Comment.content AS content,User.uname AS uname,User.head_image AS head_image FROM hy_comment Comment  JOIN hy_user User ON Comment.user_id = User.uid WHERE Comment.goods_id = '12' ORDER BY Comment.time desc  [ RunTime:0.019001s ]
SQL: SELECT count(comm_id) as c,sum(rating) as s FROM hy_comment Comment  JOIN hy_user User ON Comment.user_id = User.uid WHERE Comment.goods_id = '12' LIMIT 1   [ RunTime:0.015001s ]
NOTIC: [2] Division by zero C:\xampp\htdocs\kicker\Application\Home\Model\CommentViewModel.class.php 第 27 行.
INFO: [ view_parse ] --START--
INFO: [ template_filter ] --START--
INFO: Run Behavior\ContentReplaceBehavior [ RunTime:0.001001s ]
INFO: [ template_filter ] --END-- [ RunTime:0.001001s ]
INFO: Run Behavior\ParseTemplateBehavior [ RunTime:0.033002s ]
INFO: [ view_parse ] --END-- [ RunTime:0.033002s ]
INFO: [ view_filter ] --START--
INFO: Run Behavior\WriteHtmlCacheBehavior [ RunTime:0.001000s ]
INFO: [ view_filter ] --END-- [ RunTime:0.001000s ]
INFO: [ app_end ] --START--
INFO: Run Behavior\ShowPageTraceBehavior [ RunTime:0.001000s ]
INFO: [ app_end ] --END-- [ RunTime:0.001000s ]

[ 2014-12-25T16:33:01+08:00 ] 127.0.0.1 /kicker/Home/index/index.html
INFO: [ app_init ] --START--
INFO: Run Behavior\BuildLiteBehavior [ RunTime:0.000000s ]
INFO: [ app_init ] --END-- [ RunTime:0.001000s ]
INFO: [ app_begin ] --START--
INFO: Run Behavior\ReadHtmlCacheBehavior [ RunTime:0.001000s ]
INFO: [ app_begin ] --END-- [ RunTime:0.001000s ]
NOTIC: [8] Undefined index: username C:\xampp\htdocs\kicker\Application\Home\Controller\CommonController.class.php 第 10 行.
NOTIC: [8192] mysql_connect(): The mysql extension is deprecated and will be removed in the future: use mysqli or PDO instead C:\xampp\htdocs\kicker\ThinkPHP\Library\Think\Db\Driver\Mysql.class.php 第 52 行.
SQL: SHOW COLUMNS FROM `hy_goods` [ RunTime:0.005000s ]
SQL: SELECT `main_title`,`gid`,`goods_img`,`price` FROM `hy_goods` WHERE `gid` = 12 LIMIT 1   [ RunTime:0.001000s ]
NOTIC: [8] Undefined index: goods_attr C:\xampp\htdocs\kicker\Application\Member\Controller\CartController.class.php 第 84 行.
NOTIC: [8] Undefined index: cart_id C:\xampp\htdocs\kicker\Application\Member\Controller\CartController.class.php 第 88 行.
SQL: SELECT * FROM `hy_goods` WHERE `cid` = 1 LIMIT 8   [ RunTime:0.001000s ]
SQL: SELECT * FROM `hy_goods` WHERE `cid` = 3 LIMIT 8   [ RunTime:0.000000s ]
SQL: SELECT * FROM `hy_goods` WHERE `cid` = 4 LIMIT 8   [ RunTime:0.000000s ]
INFO: [ view_parse ] --START--
INFO: [ template_filter ] --START--
INFO: Run Behavior\ContentReplaceBehavior [ RunTime:0.000000s ]
INFO: [ template_filter ] --END-- [ RunTime:0.000000s ]
INFO: Run Behavior\ParseTemplateBehavior [ RunTime:0.022002s ]
INFO: [ view_parse ] --END-- [ RunTime:0.022002s ]
INFO: [ view_filter ] --START--
INFO: Run Behavior\WriteHtmlCacheBehavior [ RunTime:0.001000s ]
INFO: [ view_filter ] --END-- [ RunTime:0.001000s ]
INFO: [ app_end ] --START--
INFO: Run Behavior\ShowPageTraceBehavior [ RunTime:0.001000s ]
INFO: [ app_end ] --END-- [ RunTime:0.002000s ]

[ 2014-12-25T16:33:02+08:00 ] 127.0.0.1 /kicker/Home/Detail/index.html?gid=3
INFO: [ app_init ] --START--
INFO: Run Behavior\BuildLiteBehavior [ RunTime:0.000000s ]
INFO: [ app_init ] --END-- [ RunTime:0.000000s ]
INFO: [ app_begin ] --START--
INFO: Run Behavior\ReadHtmlCacheBehavior [ RunTime:0.001000s ]
INFO: [ app_begin ] --END-- [ RunTime:0.001000s ]
NOTIC: [8] Undefined index: username C:\xampp\htdocs\kicker\Application\Home\Controller\CommonController.class.php 第 10 行.
NOTIC: [8192] mysql_connect(): The mysql extension is deprecated and will be removed in the future: use mysqli or PDO instead C:\xampp\htdocs\kicker\ThinkPHP\Library\Think\Db\Driver\Mysql.class.php 第 52 行.
SQL: SHOW COLUMNS FROM `hy_goods` [ RunTime:0.004000s ]
SQL: SELECT `main_title`,`gid`,`goods_img`,`price` FROM `hy_goods` WHERE `gid` = 12 LIMIT 1   [ RunTime:0.000000s ]
NOTIC: [8] Undefined index: goods_attr C:\xampp\htdocs\kicker\Application\Member\Controller\CartController.class.php 第 84 行.
NOTIC: [8] Undefined index: cart_id C:\xampp\htdocs\kicker\Application\Member\Controller\CartController.class.php 第 88 行.
SQL: SELECT * FROM `hy_goods` WHERE `gid` = 3 LIMIT 1   [ RunTime:0.001000s ]
SQL: SHOW COLUMNS FROM `hy_goods` [ RunTime:0.004000s ]
SQL: SELECT `gid`,`main_title`,`goods_img`,`price`,`buy` FROM `hy_goods` WHERE `cid` = 1 LIMIT 5   [ RunTime:0.000000s ]
SQL: SELECT `gid`,`main_title`,`goods_img`,`price`,`buy` FROM `hy_goods` ORDER BY buy desc LIMIT 5   [ RunTime:0.000000s ]
SQL: SHOW COLUMNS FROM `hy_comment` [ RunTime:0.004001s ]
SQL: SHOW COLUMNS FROM `hy_user` [ RunTime:0.004000s ]
SQL: SELECT Comment.user_id AS user_id,Comment.goods_id AS goods_id,Comment.time AS time,Comment.content AS content,User.uname AS uname,User.head_image AS head_image FROM hy_comment Comment  JOIN hy_user User ON Comment.user_id = User.uid WHERE Comment.goods_id = '3' ORDER BY Comment.time desc  [ RunTime:0.001000s ]
SQL: SELECT count(comm_id) as c,sum(rating) as s FROM hy_comment Comment  JOIN hy_user User ON Comment.user_id = User.uid WHERE Comment.goods_id = '3' LIMIT 1   [ RunTime:0.001000s ]
INFO: [ view_parse ] --START--
INFO: [ template_filter ] --START--
INFO: Run Behavior\ContentReplaceBehavior [ RunTime:0.000000s ]
INFO: [ template_filter ] --END-- [ RunTime:0.000000s ]
INFO: Run Behavior\ParseTemplateBehavior [ RunTime:0.023001s ]
INFO: [ view_parse ] --END-- [ RunTime:0.023001s ]
INFO: [ view_filter ] --START--
INFO: Run Behavior\WriteHtmlCacheBehavior [ RunTime:0.001000s ]
INFO: [ view_filter ] --END-- [ RunTime:0.001000s ]
INFO: [ app_end ] --START--
INFO: Run Behavior\ShowPageTraceBehavior [ RunTime:0.002000s ]
INFO: [ app_end ] --END-- [ RunTime:0.002000s ]

[ 2014-12-25T16:33:15+08:00 ] 127.0.0.1 /kicker/Home/index/index.html
INFO: [ app_init ] --START--
INFO: Run Behavior\BuildLiteBehavior [ RunTime:0.000000s ]
INFO: [ app_init ] --END-- [ RunTime:0.001000s ]
INFO: [ app_begin ] --START--
INFO: Run Behavior\ReadHtmlCacheBehavior [ RunTime:0.001001s ]
INFO: [ app_begin ] --END-- [ RunTime:0.001001s ]
NOTIC: [8192] mysql_connect(): The mysql extension is deprecated and will be removed in the future: use mysqli or PDO instead C:\xampp\htdocs\kicker\ThinkPHP\Library\Think\Db\Driver\Mysql.class.php 第 52 行.
SQL: SHOW COLUMNS FROM `hy_cart` [ RunTime:0.009000s ]
SQL: SHOW COLUMNS FROM `hy_goods` [ RunTime:0.005001s ]
SQL: SELECT Cart.cart_id AS cart_id FROM hy_cart Cart  JOIN hy_goods Goods ON Cart.goods_id = Goods.gid WHERE `goods_id` = 12 AND Cart.user_id = 4 LIMIT 1   [ RunTime:0.001000s ]
SQL: SHOW COLUMNS FROM `hy_cart` [ RunTime:0.003000s ]
SQL: INSERT INTO `hy_cart` (`user_id`,`goods_id`,`goods_num`,`goods_attr`) VALUES (4,12,1,'\n									42								') [ RunTime:0.065004s ]
SQL: SELECT Cart.cart_id AS cart_id FROM hy_cart Cart  JOIN hy_goods Goods ON Cart.goods_id = Goods.gid WHERE `goods_id` = 3 AND Cart.user_id = 4 LIMIT 1   [ RunTime:0.000000s ]
SQL: SHOW COLUMNS FROM `hy_cart` [ RunTime:0.005000s ]
SQL: INSERT INTO `hy_cart` (`user_id`,`goods_id`,`goods_num`,`goods_attr`) VALUES (4,3,3,'\n									M								') [ RunTime:0.075004s ]
SQL: SELECT Cart.cart_id AS cart_id,Cart.goods_num AS goods_num,Cart.goods_attr AS goods_attr,Goods.main_title AS main_title,Goods.gid AS gid,Goods.goods_img AS goods_img,Goods.price AS price FROM hy_cart Cart  JOIN hy_goods Goods ON Cart.goods_id = Goods.gid WHERE Cart.user_id = '4'  [ RunTime:0.001000s ]
SQL: SHOW COLUMNS FROM `hy_goods` [ RunTime:0.006001s ]
SQL: SELECT * FROM `hy_goods` WHERE `cid` = 1 LIMIT 8   [ RunTime:0.001000s ]
SQL: SELECT * FROM `hy_goods` WHERE `cid` = 3 LIMIT 8   [ RunTime:0.000000s ]
SQL: SELECT * FROM `hy_goods` WHERE `cid` = 4 LIMIT 8   [ RunTime:0.000000s ]
INFO: [ view_parse ] --START--
INFO: [ template_filter ] --START--
INFO: Run Behavior\ContentReplaceBehavior [ RunTime:0.000000s ]
INFO: [ template_filter ] --END-- [ RunTime:0.000000s ]
INFO: Run Behavior\ParseTemplateBehavior [ RunTime:0.020001s ]
INFO: [ view_parse ] --END-- [ RunTime:0.020001s ]
INFO: [ view_filter ] --START--
INFO: Run Behavior\WriteHtmlCacheBehavior [ RunTime:0.001000s ]
INFO: [ view_filter ] --END-- [ RunTime:0.001000s ]
INFO: [ app_end ] --START--
INFO: Run Behavior\ShowPageTraceBehavior [ RunTime:0.001000s ]
INFO: [ app_end ] --END-- [ RunTime:0.001000s ]

[ 2014-12-25T16:34:11+08:00 ] 127.0.0.1 /kicker/Home/Detail/index.html?gid=12
INFO: [ app_init ] --START--
INFO: Run Behavior\BuildLiteBehavior [ RunTime:0.000000s ]
INFO: [ app_init ] --END-- [ RunTime:0.001000s ]
INFO: [ app_begin ] --START--
INFO: Run Behavior\ReadHtmlCacheBehavior [ RunTime:0.001000s ]
INFO: [ app_begin ] --END-- [ RunTime:0.001000s ]
NOTIC: [8192] mysql_connect(): The mysql extension is deprecated and will be removed in the future: use mysqli or PDO instead C:\xampp\htdocs\kicker\ThinkPHP\Library\Think\Db\Driver\Mysql.class.php 第 52 行.
SQL: SHOW COLUMNS FROM `hy_cart` [ RunTime:0.004000s ]
SQL: SHOW COLUMNS FROM `hy_goods` [ RunTime:0.004000s ]
SQL: SELECT Cart.cart_id AS cart_id,Cart.goods_num AS goods_num,Cart.goods_attr AS goods_attr,Goods.main_title AS main_title,Goods.gid AS gid,Goods.goods_img AS goods_img,Goods.price AS price FROM hy_cart Cart  JOIN hy_goods Goods ON Cart.goods_id = Goods.gid WHERE Cart.user_id = '4'  [ RunTime:0.000000s ]
SQL: SHOW COLUMNS FROM `hy_goods` [ RunTime:0.004000s ]
SQL: SELECT * FROM `hy_goods` WHERE `gid` = 12 LIMIT 1   [ RunTime:0.001000s ]
SQL: SHOW COLUMNS FROM `hy_goods` [ RunTime:0.004001s ]
SQL: SELECT `gid`,`main_title`,`goods_img`,`price`,`buy` FROM `hy_goods` WHERE `cid` = 3 LIMIT 5   [ RunTime:0.000000s ]
SQL: SELECT `gid`,`main_title`,`goods_img`,`price`,`buy` FROM `hy_goods` ORDER BY buy desc LIMIT 5   [ RunTime:0.000000s ]
SQL: SHOW COLUMNS FROM `hy_comment` [ RunTime:0.005000s ]
SQL: SHOW COLUMNS FROM `hy_user` [ RunTime:0.003000s ]
SQL: SELECT Comment.user_id AS user_id,Comment.goods_id AS goods_id,Comment.time AS time,Comment.content AS content,User.uname AS uname,User.head_image AS head_image FROM hy_comment Comment  JOIN hy_user User ON Comment.user_id = User.uid WHERE Comment.goods_id = '12' ORDER BY Comment.time desc  [ RunTime:0.000000s ]
SQL: SELECT count(comm_id) as c,sum(rating) as s FROM hy_comment Comment  JOIN hy_user User ON Comment.user_id = User.uid WHERE Comment.goods_id = '12' LIMIT 1   [ RunTime:0.001000s ]
NOTIC: [2] Division by zero C:\xampp\htdocs\kicker\Application\Home\Model\CommentViewModel.class.php 第 27 行.
INFO: [ view_parse ] --START--
INFO: [ template_filter ] --START--
INFO: Run Behavior\ContentReplaceBehavior [ RunTime:0.001000s ]
INFO: [ template_filter ] --END-- [ RunTime:0.001000s ]
INFO: Run Behavior\ParseTemplateBehavior [ RunTime:0.023002s ]
INFO: [ view_parse ] --END-- [ RunTime:0.024002s ]
INFO: [ view_filter ] --START--
INFO: Run Behavior\WriteHtmlCacheBehavior [ RunTime:0.000000s ]
INFO: [ view_filter ] --END-- [ RunTime:0.000000s ]
INFO: [ app_end ] --START--
INFO: Run Behavior\ShowPageTraceBehavior [ RunTime:0.001000s ]
INFO: [ app_end ] --END-- [ RunTime:0.001000s ]

[ 2014-12-25T16:34:58+08:00 ] 127.0.0.1 /kicker/
INFO: [ app_init ] --START--
INFO: Run Behavior\BuildLiteBehavior [ RunTime:0.000000s ]
INFO: [ app_init ] --END-- [ RunTime:0.001000s ]
INFO: [ app_begin ] --START--
INFO: Run Behavior\ReadHtmlCacheBehavior [ RunTime:0.001000s ]
INFO: [ app_begin ] --END-- [ RunTime:0.001000s ]
NOTIC: [8192] mysql_connect(): The mysql extension is deprecated and will be removed in the future: use mysqli or PDO instead C:\xampp\htdocs\kicker\ThinkPHP\Library\Think\Db\Driver\Mysql.class.php 第 52 行.
SQL: SHOW COLUMNS FROM `hy_cart` [ RunTime:0.004000s ]
SQL: SHOW COLUMNS FROM `hy_goods` [ RunTime:0.004000s ]
SQL: SELECT Cart.cart_id AS cart_id,Cart.goods_num AS goods_num,Cart.goods_attr AS goods_attr,Goods.main_title AS main_title,Goods.gid AS gid,Goods.goods_img AS goods_img,Goods.price AS price FROM hy_cart Cart  JOIN hy_goods Goods ON Cart.goods_id = Goods.gid WHERE Cart.user_id = '4'  [ RunTime:0.000000s ]
SQL: SHOW COLUMNS FROM `hy_goods` [ RunTime:0.004001s ]
SQL: SELECT * FROM `hy_goods` WHERE `cid` = 1 LIMIT 8   [ RunTime:0.001000s ]
SQL: SELECT * FROM `hy_goods` WHERE `cid` = 3 LIMIT 8   [ RunTime:0.001000s ]
SQL: SELECT * FROM `hy_goods` WHERE `cid` = 4 LIMIT 8   [ RunTime:0.000000s ]
INFO: [ view_parse ] --START--
INFO: [ template_filter ] --START--
INFO: Run Behavior\ContentReplaceBehavior [ RunTime:0.000000s ]
INFO: [ template_filter ] --END-- [ RunTime:0.000000s ]
INFO: Run Behavior\ParseTemplateBehavior [ RunTime:0.020001s ]
INFO: [ view_parse ] --END-- [ RunTime:0.020001s ]
INFO: [ view_filter ] --START--
INFO: Run Behavior\WriteHtmlCacheBehavior [ RunTime:0.001000s ]
INFO: [ view_filter ] --END-- [ RunTime:0.001000s ]
INFO: [ app_end ] --START--
INFO: Run Behavior\ShowPageTraceBehavior [ RunTime:0.002000s ]
INFO: [ app_end ] --END-- [ RunTime:0.002000s ]

[ 2014-12-25T16:35:01+08:00 ] 127.0.0.1 /kicker/Home/Detail/index.html?gid=3
INFO: [ app_init ] --START--
INFO: Run Behavior\BuildLiteBehavior [ RunTime:0.000000s ]
INFO: [ app_init ] --END-- [ RunTime:0.001000s ]
INFO: [ app_begin ] --START--
INFO: Run Behavior\ReadHtmlCacheBehavior [ RunTime:0.001000s ]
INFO: [ app_begin ] --END-- [ RunTime:0.001000s ]
NOTIC: [8192] mysql_connect(): The mysql extension is deprecated and will be removed in the future: use mysqli or PDO instead C:\xampp\htdocs\kicker\ThinkPHP\Library\Think\Db\Driver\Mysql.class.php 第 52 行.
SQL: SHOW COLUMNS FROM `hy_cart` [ RunTime:0.004000s ]
SQL: SHOW COLUMNS FROM `hy_goods` [ RunTime:0.004000s ]
SQL: SELECT Cart.cart_id AS cart_id,Cart.goods_num AS goods_num,Cart.goods_attr AS goods_attr,Goods.main_title AS main_title,Goods.gid AS gid,Goods.goods_img AS goods_img,Goods.price AS price FROM hy_cart Cart  JOIN hy_goods Goods ON Cart.goods_id = Goods.gid WHERE Cart.user_id = '4'  [ RunTime:0.000000s ]
SQL: SHOW COLUMNS FROM `hy_goods` [ RunTime:0.004000s ]
SQL: SELECT * FROM `hy_goods` WHERE `gid` = 3 LIMIT 1   [ RunTime:0.001000s ]
SQL: SHOW COLUMNS FROM `hy_goods` [ RunTime:0.005000s ]
SQL: SELECT `gid`,`main_title`,`goods_img`,`price`,`buy` FROM `hy_goods` WHERE `cid` = 1 LIMIT 5   [ RunTime:0.000000s ]
SQL: SELECT `gid`,`main_title`,`goods_img`,`price`,`buy` FROM `hy_goods` ORDER BY buy desc LIMIT 5   [ RunTime:0.000000s ]
SQL: SHOW COLUMNS FROM `hy_comment` [ RunTime:0.004001s ]
SQL: SHOW COLUMNS FROM `hy_user` [ RunTime:0.004000s ]
SQL: SELECT Comment.user_id AS user_id,Comment.goods_id AS goods_id,Comment.time AS time,Comment.content AS content,User.uname AS uname,User.head_image AS head_image FROM hy_comment Comment  JOIN hy_user User ON Comment.user_id = User.uid WHERE Comment.goods_id = '3' ORDER BY Comment.time desc  [ RunTime:0.001000s ]
SQL: SELECT count(comm_id) as c,sum(rating) as s FROM hy_comment Comment  JOIN hy_user User ON Comment.user_id = User.uid WHERE Comment.goods_id = '3' LIMIT 1   [ RunTime:0.000000s ]
INFO: [ view_parse ] --START--
INFO: [ template_filter ] --START--
INFO: Run Behavior\ContentReplaceBehavior [ RunTime:0.000000s ]
INFO: [ template_filter ] --END-- [ RunTime:0.000000s ]
INFO: Run Behavior\ParseTemplateBehavior [ RunTime:0.024001s ]
INFO: [ view_parse ] --END-- [ RunTime:0.024001s ]
INFO: [ view_filter ] --START--
INFO: Run Behavior\WriteHtmlCacheBehavior [ RunTime:0.000000s ]
INFO: [ view_filter ] --END-- [ RunTime:0.000000s ]
INFO: [ app_end ] --START--
INFO: Run Behavior\ShowPageTraceBehavior [ RunTime:0.001000s ]
INFO: [ app_end ] --END-- [ RunTime:0.001000s ]

[ 2014-12-25T16:37:18+08:00 ] 127.0.0.1 /kicker/
INFO: [ app_init ] --START--
INFO: Run Behavior\BuildLiteBehavior [ RunTime:0.000000s ]
INFO: [ app_init ] --END-- [ RunTime:0.001000s ]
INFO: [ app_begin ] --START--
INFO: Run Behavior\ReadHtmlCacheBehavior [ RunTime:0.001000s ]
INFO: [ app_begin ] --END-- [ RunTime:0.001000s ]
NOTIC: [8192] mysql_connect(): The mysql extension is deprecated and will be removed in the future: use mysqli or PDO instead C:\xampp\htdocs\kicker\ThinkPHP\Library\Think\Db\Driver\Mysql.class.php 第 52 行.
SQL: SHOW COLUMNS FROM `hy_cart` [ RunTime:0.004000s ]
SQL: SHOW COLUMNS FROM `hy_goods` [ RunTime:0.004001s ]
SQL: SELECT Cart.cart_id AS cart_id,Cart.goods_num AS goods_num,Cart.goods_attr AS goods_attr,Goods.main_title AS main_title,Goods.gid AS gid,Goods.goods_img AS goods_img,Goods.price AS price FROM hy_cart Cart  JOIN hy_goods Goods ON Cart.goods_id = Goods.gid WHERE Cart.user_id = '4'  [ RunTime:0.001000s ]
SQL: SHOW COLUMNS FROM `hy_goods` [ RunTime:0.004000s ]
SQL: SELECT * FROM `hy_goods` WHERE `cid` = 1 LIMIT 8   [ RunTime:0.000000s ]
SQL: SELECT * FROM `hy_goods` WHERE `cid` = 3 LIMIT 8   [ RunTime:0.000000s ]
SQL: SELECT * FROM `hy_goods` WHERE `cid` = 4 LIMIT 8   [ RunTime:0.001000s ]
INFO: [ view_parse ] --START--
INFO: [ template_filter ] --START--
INFO: Run Behavior\ContentReplaceBehavior [ RunTime:0.000000s ]
INFO: [ template_filter ] --END-- [ RunTime:0.000000s ]
INFO: Run Behavior\ParseTemplateBehavior [ RunTime:0.020001s ]
INFO: [ view_parse ] --END-- [ RunTime:0.020001s ]
INFO: [ view_filter ] --START--
INFO: Run Behavior\WriteHtmlCacheBehavior [ RunTime:0.000000s ]
INFO: [ view_filter ] --END-- [ RunTime:0.000000s ]
INFO: [ app_end ] --START--
INFO: Run Behavior\ShowPageTraceBehavior [ RunTime:0.001000s ]
INFO: [ app_end ] --END-- [ RunTime:0.001000s ]

[ 2014-12-25T16:37:26+08:00 ] 127.0.0.1 /kicker/Home/Detail/index.html?gid=8
INFO: [ app_init ] --START--
INFO: Run Behavior\BuildLiteBehavior [ RunTime:0.000000s ]
INFO: [ app_init ] --END-- [ RunTime:0.001000s ]
INFO: [ app_begin ] --START--
INFO: Run Behavior\ReadHtmlCacheBehavior [ RunTime:0.001000s ]
INFO: [ app_begin ] --END-- [ RunTime:0.001000s ]
NOTIC: [8192] mysql_connect(): The mysql extension is deprecated and will be removed in the future: use mysqli or PDO instead C:\xampp\htdocs\kicker\ThinkPHP\Library\Think\Db\Driver\Mysql.class.php 第 52 行.
SQL: SHOW COLUMNS FROM `hy_cart` [ RunTime:0.005000s ]
SQL: SHOW COLUMNS FROM `hy_goods` [ RunTime:0.004001s ]
SQL: SELECT Cart.cart_id AS cart_id,Cart.goods_num AS goods_num,Cart.goods_attr AS goods_attr,Goods.main_title AS main_title,Goods.gid AS gid,Goods.goods_img AS goods_img,Goods.price AS price FROM hy_cart Cart  JOIN hy_goods Goods ON Cart.goods_id = Goods.gid WHERE Cart.user_id = '4'  [ RunTime:0.000000s ]
SQL: SHOW COLUMNS FROM `hy_goods` [ RunTime:0.004000s ]
SQL: SELECT * FROM `hy_goods` WHERE `gid` = 8 LIMIT 1   [ RunTime:0.000000s ]
SQL: SHOW COLUMNS FROM `hy_goods` [ RunTime:0.004000s ]
SQL: SELECT `gid`,`main_title`,`goods_img`,`price`,`buy` FROM `hy_goods` WHERE `cid` = 1 LIMIT 5   [ RunTime:0.000000s ]
SQL: SELECT `gid`,`main_title`,`goods_img`,`price`,`buy` FROM `hy_goods` ORDER BY buy desc LIMIT 5   [ RunTime:0.000000s ]
SQL: SHOW COLUMNS FROM `hy_comment` [ RunTime:0.004001s ]
SQL: SHOW COLUMNS FROM `hy_user` [ RunTime:0.004000s ]
SQL: SELECT Comment.user_id AS user_id,Comment.goods_id AS goods_id,Comment.time AS time,Comment.content AS content,User.uname AS uname,User.head_image AS head_image FROM hy_comment Comment  JOIN hy_user User ON Comment.user_id = User.uid WHERE Comment.goods_id = '8' ORDER BY Comment.time desc  [ RunTime:0.001000s ]
SQL: SELECT count(comm_id) as c,sum(rating) as s FROM hy_comment Comment  JOIN hy_user User ON Comment.user_id = User.uid WHERE Comment.goods_id = '8' LIMIT 1   [ RunTime:0.001000s ]
NOTIC: [2] Division by zero C:\xampp\htdocs\kicker\Application\Home\Model\CommentViewModel.class.php 第 27 行.
INFO: [ view_parse ] --START--
INFO: [ template_filter ] --START--
INFO: Run Behavior\ContentReplaceBehavior [ RunTime:0.000000s ]
INFO: [ template_filter ] --END-- [ RunTime:0.000000s ]
INFO: Run Behavior\ParseTemplateBehavior [ RunTime:0.023001s ]
INFO: [ view_parse ] --END-- [ RunTime:0.023001s ]
INFO: [ view_filter ] --START--
INFO: Run Behavior\WriteHtmlCacheBehavior [ RunTime:0.001000s ]
INFO: [ view_filter ] --END-- [ RunTime:0.001000s ]
INFO: [ app_end ] --START--
INFO: Run Behavior\ShowPageTraceBehavior [ RunTime:0.001000s ]
INFO: [ app_end ] --END-- [ RunTime:0.002000s ]

[ 2014-12-25T16:40:04+08:00 ] 127.0.0.1 /kicker/
INFO: [ app_init ] --START--
INFO: Run Behavior\BuildLiteBehavior [ RunTime:0.000000s ]
INFO: [ app_init ] --END-- [ RunTime:0.001000s ]
INFO: [ app_begin ] --START--
INFO: Run Behavior\ReadHtmlCacheBehavior [ RunTime:0.001000s ]
INFO: [ app_begin ] --END-- [ RunTime:0.001000s ]
NOTIC: [8192] mysql_connect(): The mysql extension is deprecated and will be removed in the future: use mysqli or PDO instead C:\xampp\htdocs\kicker\ThinkPHP\Library\Think\Db\Driver\Mysql.class.php 第 52 行.
SQL: SHOW COLUMNS FROM `hy_cart` [ RunTime:0.003000s ]
SQL: SHOW COLUMNS FROM `hy_goods` [ RunTime:0.003000s ]
SQL: SELECT Cart.cart_id AS cart_id,Cart.goods_num AS goods_num,Cart.goods_attr AS goods_attr,Goods.main_title AS main_title,Goods.gid AS gid,Goods.goods_img AS goods_img,Goods.price AS price FROM hy_cart Cart  JOIN hy_goods Goods ON Cart.goods_id = Goods.gid WHERE Cart.user_id = '4'  [ RunTime:0.000000s ]
SQL: SHOW COLUMNS FROM `hy_goods` [ RunTime:0.004000s ]
SQL: SELECT * FROM `hy_goods` WHERE `cid` = 1 LIMIT 8   [ RunTime:0.000000s ]
SQL: SELECT * FROM `hy_goods` WHERE `cid` = 3 LIMIT 8   [ RunTime:0.001000s ]
SQL: SELECT * FROM `hy_goods` WHERE `cid` = 4 LIMIT 8   [ RunTime:0.000000s ]
INFO: [ view_parse ] --START--
INFO: [ template_filter ] --START--
INFO: Run Behavior\ContentReplaceBehavior [ RunTime:0.000000s ]
INFO: [ template_filter ] --END-- [ RunTime:0.001000s ]
INFO: Run Behavior\ParseTemplateBehavior [ RunTime:0.021002s ]
INFO: [ view_parse ] --END-- [ RunTime:0.021002s ]
INFO: [ view_filter ] --START--
INFO: Run Behavior\WriteHtmlCacheBehavior [ RunTime:0.001000s ]
INFO: [ view_filter ] --END-- [ RunTime:0.001000s ]
INFO: [ app_end ] --START--
INFO: Run Behavior\ShowPageTraceBehavior [ RunTime:0.001000s ]
INFO: [ app_end ] --END-- [ RunTime:0.001000s ]

[ 2014-12-25T16:40:12+08:00 ] 127.0.0.1 /kicker/Home/Detail/index.html?gid=11
INFO: [ app_init ] --START--
INFO: Run Behavior\BuildLiteBehavior [ RunTime:0.000000s ]
INFO: [ app_init ] --END-- [ RunTime:0.001000s ]
INFO: [ app_begin ] --START--
INFO: Run Behavior\ReadHtmlCacheBehavior [ RunTime:0.002000s ]
INFO: [ app_begin ] --END-- [ RunTime:0.002000s ]
NOTIC: [8192] mysql_connect(): The mysql extension is deprecated and will be removed in the future: use mysqli or PDO instead C:\xampp\htdocs\kicker\ThinkPHP\Library\Think\Db\Driver\Mysql.class.php 第 52 行.
SQL: SHOW COLUMNS FROM `hy_cart` [ RunTime:0.003000s ]
SQL: SHOW COLUMNS FROM `hy_goods` [ RunTime:0.004000s ]
SQL: SELECT Cart.cart_id AS cart_id,Cart.goods_num AS goods_num,Cart.goods_attr AS goods_attr,Goods.main_title AS main_title,Goods.gid AS gid,Goods.goods_img AS goods_img,Goods.price AS price FROM hy_cart Cart  JOIN hy_goods Goods ON Cart.goods_id = Goods.gid WHERE Cart.user_id = '4'  [ RunTime:0.001000s ]
SQL: SHOW COLUMNS FROM `hy_goods` [ RunTime:0.004000s ]
SQL: SELECT * FROM `hy_goods` WHERE `gid` = 11 LIMIT 1   [ RunTime:0.001000s ]
SQL: SHOW COLUMNS FROM `hy_goods` [ RunTime:0.005000s ]
SQL: SELECT `gid`,`main_title`,`goods_img`,`price`,`buy` FROM `hy_goods` WHERE `cid` = 3 LIMIT 5   [ RunTime:0.000000s ]
SQL: SELECT `gid`,`main_title`,`goods_img`,`price`,`buy` FROM `hy_goods` ORDER BY buy desc LIMIT 5   [ RunTime:0.001000s ]
SQL: SHOW COLUMNS FROM `hy_comment` [ RunTime:0.005000s ]
SQL: SHOW COLUMNS FROM `hy_user` [ RunTime:0.004001s ]
SQL: SELECT Comment.user_id AS user_id,Comment.goods_id AS goods_id,Comment.time AS time,Comment.content AS content,User.uname AS uname,User.head_image AS head_image FROM hy_comment Comment  JOIN hy_user User ON Comment.user_id = User.uid WHERE Comment.goods_id = '11' ORDER BY Comment.time desc  [ RunTime:0.000000s ]
SQL: SELECT count(comm_id) as c,sum(rating) as s FROM hy_comment Comment  JOIN hy_user User ON Comment.user_id = User.uid WHERE Comment.goods_id = '11' LIMIT 1   [ RunTime:0.000000s ]
INFO: [ view_parse ] --START--
INFO: [ template_filter ] --START--
INFO: Run Behavior\ContentReplaceBehavior [ RunTime:0.000000s ]
INFO: [ template_filter ] --END-- [ RunTime:0.000000s ]
INFO: Run Behavior\ParseTemplateBehavior [ RunTime:0.028001s ]
INFO: [ view_parse ] --END-- [ RunTime:0.028001s ]
INFO: [ view_filter ] --START--
INFO: Run Behavior\WriteHtmlCacheBehavior [ RunTime:0.002000s ]
INFO: [ view_filter ] --END-- [ RunTime:0.002000s ]
INFO: [ app_end ] --START--
INFO: Run Behavior\ShowPageTraceBehavior [ RunTime:0.003001s ]
INFO: [ app_end ] --END-- [ RunTime:0.003001s ]

