[ 2015-01-13T11:16:32+08:00 ] 127.0.0.1 /kicker/
INFO: [ app_init ] --START--
INFO: Run Behavior\BuildLiteBehavior [ RunTime:0.000000s ]
INFO: [ app_init ] --END-- [ RunTime:0.008000s ]
INFO: [ app_begin ] --START--
INFO: Run Behavior\ReadHtmlCacheBehavior [ RunTime:0.007001s ]
INFO: [ app_begin ] --END-- [ RunTime:0.007001s ]
NOTIC: [8] Undefined index: username C:\xampp\htdocs\kicker\Application\Home\Controller\CommonController.class.php 第 10 行.
NOTIC: [8192] mysql_connect(): The mysql extension is deprecated and will be removed in the future: use mysqli or PDO instead C:\xampp\htdocs\kicker\ThinkPHP\Library\Think\Db\Driver\Mysql.class.php 第 52 行.
SQL: SHOW COLUMNS FROM `hy_goods` [ RunTime:0.056003s ]
SQL: SELECT * FROM `hy_goods` WHERE `cid` = 1 LIMIT 8   [ RunTime:0.001000s ]
SQL: SELECT * FROM `hy_goods` WHERE `cid` = 3 LIMIT 8   [ RunTime:0.000000s ]
SQL: SELECT * FROM `hy_goods` WHERE `cid` = 4 LIMIT 8   [ RunTime:0.000000s ]
INFO: [ view_parse ] --START--
INFO: [ template_filter ] --START--
INFO: Run Behavior\ContentReplaceBehavior [ RunTime:0.001000s ]
INFO: [ template_filter ] --END-- [ RunTime:0.001000s ]
INFO: Run Behavior\ParseTemplateBehavior [ RunTime:0.055003s ]
INFO: [ view_parse ] --END-- [ RunTime:0.055003s ]
INFO: [ view_filter ] --START--
INFO: Run Behavior\WriteHtmlCacheBehavior [ RunTime:0.006001s ]
INFO: [ view_filter ] --END-- [ RunTime:0.006001s ]
INFO: [ app_end ] --START--
INFO: Run Behavior\ShowPageTraceBehavior [ RunTime:0.018001s ]
INFO: [ app_end ] --END-- [ RunTime:0.018001s ]

[ 2015-01-13T13:50:12+08:00 ] 127.0.0.1 /kicker/
INFO: [ app_init ] --START--
INFO: Run Behavior\BuildLiteBehavior [ RunTime:0.000000s ]
INFO: [ app_init ] --END-- [ RunTime:0.000000s ]
INFO: [ app_begin ] --START--
INFO: Run Behavior\ReadHtmlCacheBehavior [ RunTime:0.000000s ]
INFO: [ app_begin ] --END-- [ RunTime:0.000000s ]
NOTIC: [8] Undefined index: username C:\xampp\htdocs\kicker\Application\Home\Controller\CommonController.class.php 第 10 行.
NOTIC: [8192] mysql_connect(): The mysql extension is deprecated and will be removed in the future: use mysqli or PDO instead C:\xampp\htdocs\kicker\ThinkPHP\Library\Think\Db\Driver\Mysql.class.php 第 52 行.
SQL: SHOW COLUMNS FROM `hy_goods` [ RunTime:0.004000s ]
SQL: SELECT * FROM `hy_goods` WHERE `cid` = 1 LIMIT 8   [ RunTime:0.001000s ]
SQL: SELECT * FROM `hy_goods` WHERE `cid` = 3 LIMIT 8   [ RunTime:0.000000s ]
SQL: SELECT * FROM `hy_goods` WHERE `cid` = 4 LIMIT 8   [ RunTime:0.000000s ]
INFO: [ view_parse ] --START--
INFO: [ template_filter ] --START--
INFO: Run Behavior\ContentReplaceBehavior [ RunTime:0.000000s ]
INFO: [ template_filter ] --END-- [ RunTime:0.000000s ]
INFO: Run Behavior\ParseTemplateBehavior [ RunTime:0.019001s ]
INFO: [ view_parse ] --END-- [ RunTime:0.019001s ]
INFO: [ view_filter ] --START--
INFO: Run Behavior\WriteHtmlCacheBehavior [ RunTime:0.000000s ]
INFO: [ view_filter ] --END-- [ RunTime:0.000000s ]
INFO: [ app_end ] --START--
INFO: Run Behavior\ShowPageTraceBehavior [ RunTime:0.000000s ]
INFO: [ app_end ] --END-- [ RunTime:0.000000s ]

