[ 2015-04-22T17:13:48+08:00 ] 127.0.0.1 /kicker/
INFO: [ app_init ] --START--
INFO: Run Behavior\BuildLiteBehavior [ RunTime:0.000000s ]
INFO: [ app_init ] --END-- [ RunTime:0.000000s ]
INFO: [ app_begin ] --START--
INFO: Run Behavior\ReadHtmlCacheBehavior [ RunTime:0.001000s ]
INFO: [ app_begin ] --END-- [ RunTime:0.001000s ]
NOTIC: [8] Undefined index: username C:\xampp\htdocs\kicker\Application\Home\Controller\CommonController.class.php 第 10 行.
NOTIC: [8192] mysql_connect(): The mysql extension is deprecated and will be removed in the future: use mysqli or PDO instead C:\xampp\htdocs\kicker\ThinkPHP\Library\Think\Db\Driver\Mysql.class.php 第 52 行.
SQL: SHOW COLUMNS FROM `hy_goods` [ RunTime:0.021001s ]
SQL: SELECT * FROM `hy_goods` WHERE `cid` = 1 LIMIT 8   [ RunTime:0.001000s ]
SQL: SELECT * FROM `hy_goods` WHERE `cid` = 3 LIMIT 8   [ RunTime:0.000000s ]
SQL: SELECT * FROM `hy_goods` WHERE `cid` = 4 LIMIT 8   [ RunTime:0.001000s ]
INFO: [ view_parse ] --START--
INFO: [ template_filter ] --START--
INFO: Run Behavior\ContentReplaceBehavior [ RunTime:0.000000s ]
INFO: [ template_filter ] --END-- [ RunTime:0.000000s ]
INFO: Run Behavior\ParseTemplateBehavior [ RunTime:0.111006s ]
INFO: [ view_parse ] --END-- [ RunTime:0.111006s ]
INFO: [ view_filter ] --START--
INFO: Run Behavior\WriteHtmlCacheBehavior [ RunTime:0.001000s ]
INFO: [ view_filter ] --END-- [ RunTime:0.001000s ]
INFO: [ app_end ] --START--
INFO: Run Behavior\ShowPageTraceBehavior [ RunTime:0.001000s ]
INFO: [ app_end ] --END-- [ RunTime:0.001000s ]

[ 2015-04-22T17:20:06+08:00 ] 127.0.0.1 /kicker/Home/Filter/index.html?cid=1&page=1
INFO: [ app_init ] --START--
INFO: Run Behavior\BuildLiteBehavior [ RunTime:0.000000s ]
INFO: [ app_init ] --END-- [ RunTime:0.000000s ]
INFO: [ app_begin ] --START--
INFO: Run Behavior\ReadHtmlCacheBehavior [ RunTime:0.001000s ]
INFO: [ app_begin ] --END-- [ RunTime:0.001000s ]
NOTIC: [8] Undefined index: username C:\xampp\htdocs\kicker\Application\Home\Controller\CommonController.class.php 第 10 行.
NOTIC: [8192] mysql_connect(): The mysql extension is deprecated and will be removed in the future: use mysqli or PDO instead C:\xampp\htdocs\kicker\ThinkPHP\Library\Think\Db\Driver\Mysql.class.php 第 52 行.
SQL: SHOW COLUMNS FROM `hy_goods` [ RunTime:0.003000s ]
NOTIC: [2] Missing argument 9 for Home\Model\GoodsModel::filterGoods(), called in C:\xampp\htdocs\kicker\Application\Home\Controller\FilterController.class.php on line 39 and defined C:\xampp\htdocs\kicker\Application\Home\Model\GoodsModel.class.php 第 35 行.
NOTIC: [8] Undefined variable: limit C:\xampp\htdocs\kicker\Application\Home\Model\GoodsModel.class.php 第 63 行.
SQL: SELECT `gid`,`main_title`,`price`,`goods_img`,`buy` FROM `hy_goods` WHERE ( cid=1 )  [ RunTime:0.001000s ]
SQL: SELECT `gid`,`main_title`,`price`,`goods_img`,`buy` FROM `hy_goods` WHERE ( cid=1 ) LIMIT 0,3   [ RunTime:0.000000s ]
SQL: SHOW COLUMNS FROM `hy_category` [ RunTime:0.041003s ]
SQL: SELECT `attr`,`band` FROM `hy_category` WHERE `cid` = 1 LIMIT 1   [ RunTime:0.000000s ]
INFO: [ view_parse ] --START--
INFO: [ template_filter ] --START--
INFO: Run Behavior\ContentReplaceBehavior [ RunTime:0.000000s ]
INFO: [ template_filter ] --END-- [ RunTime:0.000000s ]
INFO: Run Behavior\ParseTemplateBehavior [ RunTime:0.046002s ]
INFO: [ view_parse ] --END-- [ RunTime:0.047002s ]
INFO: [ view_filter ] --START--
INFO: Run Behavior\WriteHtmlCacheBehavior [ RunTime:0.000000s ]
INFO: [ view_filter ] --END-- [ RunTime:0.000000s ]
INFO: [ app_end ] --START--
INFO: Run Behavior\ShowPageTraceBehavior [ RunTime:0.001000s ]
INFO: [ app_end ] --END-- [ RunTime:0.001000s ]

[ 2015-04-22T17:20:09+08:00 ] 127.0.0.1 /kicker/Home/Filter/index.html?cid=1&band=nike&page=1
INFO: [ app_init ] --START--
INFO: Run Behavior\BuildLiteBehavior [ RunTime:0.000000s ]
INFO: [ app_init ] --END-- [ RunTime:0.001000s ]
INFO: [ app_begin ] --START--
INFO: Run Behavior\ReadHtmlCacheBehavior [ RunTime:0.001000s ]
INFO: [ app_begin ] --END-- [ RunTime:0.001000s ]
NOTIC: [8] Undefined index: username C:\xampp\htdocs\kicker\Application\Home\Controller\CommonController.class.php 第 10 行.
NOTIC: [8192] mysql_connect(): The mysql extension is deprecated and will be removed in the future: use mysqli or PDO instead C:\xampp\htdocs\kicker\ThinkPHP\Library\Think\Db\Driver\Mysql.class.php 第 52 行.
SQL: SHOW COLUMNS FROM `hy_goods` [ RunTime:0.003000s ]
NOTIC: [2] Missing argument 9 for Home\Model\GoodsModel::filterGoods(), called in C:\xampp\htdocs\kicker\Application\Home\Controller\FilterController.class.php on line 39 and defined C:\xampp\htdocs\kicker\Application\Home\Model\GoodsModel.class.php 第 35 行.
NOTIC: [8] Undefined variable: limit C:\xampp\htdocs\kicker\Application\Home\Model\GoodsModel.class.php 第 63 行.
SQL: SELECT `gid`,`main_title`,`price`,`goods_img`,`buy` FROM `hy_goods` WHERE ( cid=1 and band ="nike" )  [ RunTime:0.000000s ]
SQL: SELECT `gid`,`main_title`,`price`,`goods_img`,`buy` FROM `hy_goods` WHERE ( cid=1 and band ="nike" ) LIMIT 0,3   [ RunTime:0.001000s ]
SQL: SHOW COLUMNS FROM `hy_category` [ RunTime:0.002000s ]
SQL: SELECT `attr`,`band` FROM `hy_category` WHERE `cid` = 1 LIMIT 1   [ RunTime:0.000000s ]
INFO: [ view_parse ] --START--
INFO: [ template_filter ] --START--
INFO: Run Behavior\ContentReplaceBehavior [ RunTime:0.000000s ]
INFO: [ template_filter ] --END-- [ RunTime:0.000000s ]
INFO: Run Behavior\ParseTemplateBehavior [ RunTime:0.012001s ]
INFO: [ view_parse ] --END-- [ RunTime:0.012001s ]
INFO: [ view_filter ] --START--
INFO: Run Behavior\WriteHtmlCacheBehavior [ RunTime:0.000000s ]
INFO: [ view_filter ] --END-- [ RunTime:0.000000s ]
INFO: [ app_end ] --START--
INFO: Run Behavior\ShowPageTraceBehavior [ RunTime:0.000000s ]
INFO: [ app_end ] --END-- [ RunTime:0.000000s ]

[ 2015-04-22T17:20:11+08:00 ] 127.0.0.1 /kicker/Home/Filter/index.html?cid=1&band=adidas&page=1
INFO: [ app_init ] --START--
INFO: Run Behavior\BuildLiteBehavior [ RunTime:0.000000s ]
INFO: [ app_init ] --END-- [ RunTime:0.000000s ]
INFO: [ app_begin ] --START--
INFO: Run Behavior\ReadHtmlCacheBehavior [ RunTime:0.000000s ]
INFO: [ app_begin ] --END-- [ RunTime:0.000000s ]
NOTIC: [8] Undefined index: username C:\xampp\htdocs\kicker\Application\Home\Controller\CommonController.class.php 第 10 行.
NOTIC: [8192] mysql_connect(): The mysql extension is deprecated and will be removed in the future: use mysqli or PDO instead C:\xampp\htdocs\kicker\ThinkPHP\Library\Think\Db\Driver\Mysql.class.php 第 52 行.
SQL: SHOW COLUMNS FROM `hy_goods` [ RunTime:0.003000s ]
NOTIC: [2] Missing argument 9 for Home\Model\GoodsModel::filterGoods(), called in C:\xampp\htdocs\kicker\Application\Home\Controller\FilterController.class.php on line 39 and defined C:\xampp\htdocs\kicker\Application\Home\Model\GoodsModel.class.php 第 35 行.
NOTIC: [8] Undefined variable: limit C:\xampp\htdocs\kicker\Application\Home\Model\GoodsModel.class.php 第 63 行.
SQL: SELECT `gid`,`main_title`,`price`,`goods_img`,`buy` FROM `hy_goods` WHERE ( cid=1 and band ="adidas" )  [ RunTime:0.000000s ]
SQL: SELECT `gid`,`main_title`,`price`,`goods_img`,`buy` FROM `hy_goods` WHERE ( cid=1 and band ="adidas" ) LIMIT 0,3   [ RunTime:0.000000s ]
SQL: SHOW COLUMNS FROM `hy_category` [ RunTime:0.002000s ]
SQL: SELECT `attr`,`band` FROM `hy_category` WHERE `cid` = 1 LIMIT 1   [ RunTime:0.000000s ]
INFO: [ view_parse ] --START--
INFO: [ template_filter ] --START--
INFO: Run Behavior\ContentReplaceBehavior [ RunTime:0.000000s ]
INFO: [ template_filter ] --END-- [ RunTime:0.000000s ]
INFO: Run Behavior\ParseTemplateBehavior [ RunTime:0.012001s ]
INFO: [ view_parse ] --END-- [ RunTime:0.012001s ]
INFO: [ view_filter ] --START--
INFO: Run Behavior\WriteHtmlCacheBehavior [ RunTime:0.000000s ]
INFO: [ view_filter ] --END-- [ RunTime:0.000000s ]
INFO: [ app_end ] --START--
INFO: Run Behavior\ShowPageTraceBehavior [ RunTime:0.000000s ]
INFO: [ app_end ] --END-- [ RunTime:0.000000s ]

[ 2015-04-22T17:20:13+08:00 ] 127.0.0.1 /kicker/Home/Filter/index.html?cid=1&band=puma&page=1
INFO: [ app_init ] --START--
INFO: Run Behavior\BuildLiteBehavior [ RunTime:0.000000s ]
INFO: [ app_init ] --END-- [ RunTime:0.000000s ]
INFO: [ app_begin ] --START--
INFO: Run Behavior\ReadHtmlCacheBehavior [ RunTime:0.000000s ]
INFO: [ app_begin ] --END-- [ RunTime:0.000000s ]
NOTIC: [8] Undefined index: username C:\xampp\htdocs\kicker\Application\Home\Controller\CommonController.class.php 第 10 行.
NOTIC: [8192] mysql_connect(): The mysql extension is deprecated and will be removed in the future: use mysqli or PDO instead C:\xampp\htdocs\kicker\ThinkPHP\Library\Think\Db\Driver\Mysql.class.php 第 52 行.
SQL: SHOW COLUMNS FROM `hy_goods` [ RunTime:0.002000s ]
NOTIC: [2] Missing argument 9 for Home\Model\GoodsModel::filterGoods(), called in C:\xampp\htdocs\kicker\Application\Home\Controller\FilterController.class.php on line 39 and defined C:\xampp\htdocs\kicker\Application\Home\Model\GoodsModel.class.php 第 35 行.
NOTIC: [8] Undefined variable: limit C:\xampp\htdocs\kicker\Application\Home\Model\GoodsModel.class.php 第 63 行.
SQL: SELECT `gid`,`main_title`,`price`,`goods_img`,`buy` FROM `hy_goods` WHERE ( cid=1 and band ="puma" )  [ RunTime:0.001000s ]
SQL: SELECT `gid`,`main_title`,`price`,`goods_img`,`buy` FROM `hy_goods` WHERE ( cid=1 and band ="puma" ) LIMIT 0,3   [ RunTime:0.000000s ]
SQL: SHOW COLUMNS FROM `hy_category` [ RunTime:0.002000s ]
SQL: SELECT `attr`,`band` FROM `hy_category` WHERE `cid` = 1 LIMIT 1   [ RunTime:0.001000s ]
INFO: [ view_parse ] --START--
INFO: [ template_filter ] --START--
INFO: Run Behavior\ContentReplaceBehavior [ RunTime:0.000000s ]
INFO: [ template_filter ] --END-- [ RunTime:0.000000s ]
INFO: Run Behavior\ParseTemplateBehavior [ RunTime:0.013001s ]
INFO: [ view_parse ] --END-- [ RunTime:0.013001s ]
INFO: [ view_filter ] --START--
INFO: Run Behavior\WriteHtmlCacheBehavior [ RunTime:0.000000s ]
INFO: [ view_filter ] --END-- [ RunTime:0.000000s ]
INFO: [ app_end ] --START--
INFO: Run Behavior\ShowPageTraceBehavior [ RunTime:0.003000s ]
INFO: [ app_end ] --END-- [ RunTime:0.003000s ]

[ 2015-04-22T17:20:15+08:00 ] 127.0.0.1 /kicker/Home/Filter/index.html?cid=1&page=1
INFO: [ app_init ] --START--
INFO: Run Behavior\BuildLiteBehavior [ RunTime:0.000000s ]
INFO: [ app_init ] --END-- [ RunTime:0.000000s ]
INFO: [ app_begin ] --START--
INFO: Run Behavior\ReadHtmlCacheBehavior [ RunTime:0.000000s ]
INFO: [ app_begin ] --END-- [ RunTime:0.000000s ]
NOTIC: [8] Undefined index: username C:\xampp\htdocs\kicker\Application\Home\Controller\CommonController.class.php 第 10 行.
NOTIC: [8192] mysql_connect(): The mysql extension is deprecated and will be removed in the future: use mysqli or PDO instead C:\xampp\htdocs\kicker\ThinkPHP\Library\Think\Db\Driver\Mysql.class.php 第 52 行.
SQL: SHOW COLUMNS FROM `hy_goods` [ RunTime:0.003001s ]
NOTIC: [2] Missing argument 9 for Home\Model\GoodsModel::filterGoods(), called in C:\xampp\htdocs\kicker\Application\Home\Controller\FilterController.class.php on line 39 and defined C:\xampp\htdocs\kicker\Application\Home\Model\GoodsModel.class.php 第 35 行.
NOTIC: [8] Undefined variable: limit C:\xampp\htdocs\kicker\Application\Home\Model\GoodsModel.class.php 第 63 行.
SQL: SELECT `gid`,`main_title`,`price`,`goods_img`,`buy` FROM `hy_goods` WHERE ( cid=1 )  [ RunTime:0.000000s ]
SQL: SELECT `gid`,`main_title`,`price`,`goods_img`,`buy` FROM `hy_goods` WHERE ( cid=1 ) LIMIT 0,3   [ RunTime:0.000000s ]
SQL: SHOW COLUMNS FROM `hy_category` [ RunTime:0.003000s ]
SQL: SELECT `attr`,`band` FROM `hy_category` WHERE `cid` = 1 LIMIT 1   [ RunTime:0.000000s ]
INFO: [ view_parse ] --START--
INFO: [ template_filter ] --START--
INFO: Run Behavior\ContentReplaceBehavior [ RunTime:0.000000s ]
INFO: [ template_filter ] --END-- [ RunTime:0.000000s ]
INFO: Run Behavior\ParseTemplateBehavior [ RunTime:0.013001s ]
INFO: [ view_parse ] --END-- [ RunTime:0.013001s ]
INFO: [ view_filter ] --START--
INFO: Run Behavior\WriteHtmlCacheBehavior [ RunTime:0.000000s ]
INFO: [ view_filter ] --END-- [ RunTime:0.000000s ]
INFO: [ app_end ] --START--
INFO: Run Behavior\ShowPageTraceBehavior [ RunTime:0.001000s ]
INFO: [ app_end ] --END-- [ RunTime:0.001000s ]

[ 2015-04-22T17:20:17+08:00 ] 127.0.0.1 /kicker/Home/Filter/index.html?cid=1&min_price=0&max_price=100&page=1
INFO: [ app_init ] --START--
INFO: Run Behavior\BuildLiteBehavior [ RunTime:0.000000s ]
INFO: [ app_init ] --END-- [ RunTime:0.000000s ]
INFO: [ app_begin ] --START--
INFO: Run Behavior\ReadHtmlCacheBehavior [ RunTime:0.001000s ]
INFO: [ app_begin ] --END-- [ RunTime:0.001000s ]
NOTIC: [8] Undefined index: username C:\xampp\htdocs\kicker\Application\Home\Controller\CommonController.class.php 第 10 行.
NOTIC: [8192] mysql_connect(): The mysql extension is deprecated and will be removed in the future: use mysqli or PDO instead C:\xampp\htdocs\kicker\ThinkPHP\Library\Think\Db\Driver\Mysql.class.php 第 52 行.
SQL: SHOW COLUMNS FROM `hy_goods` [ RunTime:0.002000s ]
NOTIC: [2] Missing argument 9 for Home\Model\GoodsModel::filterGoods(), called in C:\xampp\htdocs\kicker\Application\Home\Controller\FilterController.class.php on line 39 and defined C:\xampp\htdocs\kicker\Application\Home\Model\GoodsModel.class.php 第 35 行.
NOTIC: [8] Undefined variable: limit C:\xampp\htdocs\kicker\Application\Home\Model\GoodsModel.class.php 第 63 行.
SQL: SELECT `gid`,`main_title`,`price`,`goods_img`,`buy` FROM `hy_goods` WHERE ( cid=1 and (price between 0 and 100) )  [ RunTime:0.000000s ]
SQL: SELECT `gid`,`main_title`,`price`,`goods_img`,`buy` FROM `hy_goods` WHERE ( cid=1 and (price between 0 and 100) ) LIMIT 0,3   [ RunTime:0.000000s ]
SQL: SHOW COLUMNS FROM `hy_category` [ RunTime:0.002000s ]
SQL: SELECT `attr`,`band` FROM `hy_category` WHERE `cid` = 1 LIMIT 1   [ RunTime:0.000000s ]
INFO: [ view_parse ] --START--
INFO: [ template_filter ] --START--
INFO: Run Behavior\ContentReplaceBehavior [ RunTime:0.000000s ]
INFO: [ template_filter ] --END-- [ RunTime:0.000000s ]
INFO: Run Behavior\ParseTemplateBehavior [ RunTime:0.012001s ]
INFO: [ view_parse ] --END-- [ RunTime:0.012001s ]
INFO: [ view_filter ] --START--
INFO: Run Behavior\WriteHtmlCacheBehavior [ RunTime:0.000000s ]
INFO: [ view_filter ] --END-- [ RunTime:0.000000s ]
INFO: [ app_end ] --START--
INFO: Run Behavior\ShowPageTraceBehavior [ RunTime:0.000000s ]
INFO: [ app_end ] --END-- [ RunTime:0.000000s ]

[ 2015-04-22T17:20:18+08:00 ] 127.0.0.1 /kicker/Home/Filter/index.html?cid=1&min_price=100&max_price=200&page=1
INFO: [ app_init ] --START--
INFO: Run Behavior\BuildLiteBehavior [ RunTime:0.000000s ]
INFO: [ app_init ] --END-- [ RunTime:0.000000s ]
INFO: [ app_begin ] --START--
INFO: Run Behavior\ReadHtmlCacheBehavior [ RunTime:0.001000s ]
INFO: [ app_begin ] --END-- [ RunTime:0.001000s ]
NOTIC: [8] Undefined index: username C:\xampp\htdocs\kicker\Application\Home\Controller\CommonController.class.php 第 10 行.
NOTIC: [8192] mysql_connect(): The mysql extension is deprecated and will be removed in the future: use mysqli or PDO instead C:\xampp\htdocs\kicker\ThinkPHP\Library\Think\Db\Driver\Mysql.class.php 第 52 行.
SQL: SHOW COLUMNS FROM `hy_goods` [ RunTime:0.003000s ]
NOTIC: [2] Missing argument 9 for Home\Model\GoodsModel::filterGoods(), called in C:\xampp\htdocs\kicker\Application\Home\Controller\FilterController.class.php on line 39 and defined C:\xampp\htdocs\kicker\Application\Home\Model\GoodsModel.class.php 第 35 行.
NOTIC: [8] Undefined variable: limit C:\xampp\htdocs\kicker\Application\Home\Model\GoodsModel.class.php 第 63 行.
SQL: SELECT `gid`,`main_title`,`price`,`goods_img`,`buy` FROM `hy_goods` WHERE ( cid=1 and (price between 100 and 200) )  [ RunTime:0.000000s ]
SQL: SELECT `gid`,`main_title`,`price`,`goods_img`,`buy` FROM `hy_goods` WHERE ( cid=1 and (price between 100 and 200) ) LIMIT 0,3   [ RunTime:0.000000s ]
SQL: SHOW COLUMNS FROM `hy_category` [ RunTime:0.002000s ]
SQL: SELECT `attr`,`band` FROM `hy_category` WHERE `cid` = 1 LIMIT 1   [ RunTime:0.001000s ]
INFO: [ view_parse ] --START--
INFO: [ template_filter ] --START--
INFO: Run Behavior\ContentReplaceBehavior [ RunTime:0.000000s ]
INFO: [ template_filter ] --END-- [ RunTime:0.000000s ]
INFO: Run Behavior\ParseTemplateBehavior [ RunTime:0.012001s ]
INFO: [ view_parse ] --END-- [ RunTime:0.012001s ]
INFO: [ view_filter ] --START--
INFO: Run Behavior\WriteHtmlCacheBehavior [ RunTime:0.001000s ]
INFO: [ view_filter ] --END-- [ RunTime:0.001000s ]
INFO: [ app_end ] --START--
INFO: Run Behavior\ShowPageTraceBehavior [ RunTime:0.000000s ]
INFO: [ app_end ] --END-- [ RunTime:0.000000s ]

[ 2015-04-22T17:20:19+08:00 ] 127.0.0.1 /kicker/Home/Filter/index.html?cid=1&min_price=500&max_price=800&page=1
INFO: [ app_init ] --START--
INFO: Run Behavior\BuildLiteBehavior [ RunTime:0.000000s ]
INFO: [ app_init ] --END-- [ RunTime:0.000000s ]
INFO: [ app_begin ] --START--
INFO: Run Behavior\ReadHtmlCacheBehavior [ RunTime:0.000000s ]
INFO: [ app_begin ] --END-- [ RunTime:0.000000s ]
NOTIC: [8] Undefined index: username C:\xampp\htdocs\kicker\Application\Home\Controller\CommonController.class.php 第 10 行.
NOTIC: [8192] mysql_connect(): The mysql extension is deprecated and will be removed in the future: use mysqli or PDO instead C:\xampp\htdocs\kicker\ThinkPHP\Library\Think\Db\Driver\Mysql.class.php 第 52 行.
SQL: SHOW COLUMNS FROM `hy_goods` [ RunTime:0.003000s ]
NOTIC: [2] Missing argument 9 for Home\Model\GoodsModel::filterGoods(), called in C:\xampp\htdocs\kicker\Application\Home\Controller\FilterController.class.php on line 39 and defined C:\xampp\htdocs\kicker\Application\Home\Model\GoodsModel.class.php 第 35 行.
NOTIC: [8] Undefined variable: limit C:\xampp\htdocs\kicker\Application\Home\Model\GoodsModel.class.php 第 63 行.
SQL: SELECT `gid`,`main_title`,`price`,`goods_img`,`buy` FROM `hy_goods` WHERE ( cid=1 and (price between 500 and 800) )  [ RunTime:0.001000s ]
SQL: SELECT `gid`,`main_title`,`price`,`goods_img`,`buy` FROM `hy_goods` WHERE ( cid=1 and (price between 500 and 800) ) LIMIT 0,3   [ RunTime:0.000000s ]
SQL: SHOW COLUMNS FROM `hy_category` [ RunTime:0.003000s ]
SQL: SELECT `attr`,`band` FROM `hy_category` WHERE `cid` = 1 LIMIT 1   [ RunTime:0.000000s ]
INFO: [ view_parse ] --START--
INFO: [ template_filter ] --START--
INFO: Run Behavior\ContentReplaceBehavior [ RunTime:0.000000s ]
INFO: [ template_filter ] --END-- [ RunTime:0.001000s ]
INFO: Run Behavior\ParseTemplateBehavior [ RunTime:0.012001s ]
INFO: [ view_parse ] --END-- [ RunTime:0.012001s ]
INFO: [ view_filter ] --START--
INFO: Run Behavior\WriteHtmlCacheBehavior [ RunTime:0.001000s ]
INFO: [ view_filter ] --END-- [ RunTime:0.001000s ]
INFO: [ app_end ] --START--
INFO: Run Behavior\ShowPageTraceBehavior [ RunTime:0.000000s ]
INFO: [ app_end ] --END-- [ RunTime:0.000000s ]

[ 2015-04-22T17:20:21+08:00 ] 127.0.0.1 /kicker/Home/Filter/index.html?cid=1&band=nike&min_price=500&max_price=800&page=1
INFO: [ app_init ] --START--
INFO: Run Behavior\BuildLiteBehavior [ RunTime:0.000000s ]
INFO: [ app_init ] --END-- [ RunTime:0.000000s ]
INFO: [ app_begin ] --START--
INFO: Run Behavior\ReadHtmlCacheBehavior [ RunTime:0.000000s ]
INFO: [ app_begin ] --END-- [ RunTime:0.001000s ]
NOTIC: [8] Undefined index: username C:\xampp\htdocs\kicker\Application\Home\Controller\CommonController.class.php 第 10 行.
NOTIC: [8192] mysql_connect(): The mysql extension is deprecated and will be removed in the future: use mysqli or PDO instead C:\xampp\htdocs\kicker\ThinkPHP\Library\Think\Db\Driver\Mysql.class.php 第 52 行.
SQL: SHOW COLUMNS FROM `hy_goods` [ RunTime:0.002000s ]
NOTIC: [2] Missing argument 9 for Home\Model\GoodsModel::filterGoods(), called in C:\xampp\htdocs\kicker\Application\Home\Controller\FilterController.class.php on line 39 and defined C:\xampp\htdocs\kicker\Application\Home\Model\GoodsModel.class.php 第 35 行.
NOTIC: [8] Undefined variable: limit C:\xampp\htdocs\kicker\Application\Home\Model\GoodsModel.class.php 第 63 行.
SQL: SELECT `gid`,`main_title`,`price`,`goods_img`,`buy` FROM `hy_goods` WHERE ( cid=1 and band ="nike" and (price between 500 and 800) )  [ RunTime:0.001001s ]
SQL: SELECT `gid`,`main_title`,`price`,`goods_img`,`buy` FROM `hy_goods` WHERE ( cid=1 and band ="nike" and (price between 500 and 800) ) LIMIT 0,3   [ RunTime:0.000000s ]
SQL: SHOW COLUMNS FROM `hy_category` [ RunTime:0.002000s ]
SQL: SELECT `attr`,`band` FROM `hy_category` WHERE `cid` = 1 LIMIT 1   [ RunTime:0.001000s ]
INFO: [ view_parse ] --START--
INFO: [ template_filter ] --START--
INFO: Run Behavior\ContentReplaceBehavior [ RunTime:0.000000s ]
INFO: [ template_filter ] --END-- [ RunTime:0.000000s ]
INFO: Run Behavior\ParseTemplateBehavior [ RunTime:0.012000s ]
INFO: [ view_parse ] --END-- [ RunTime:0.012000s ]
INFO: [ view_filter ] --START--
INFO: Run Behavior\WriteHtmlCacheBehavior [ RunTime:0.000000s ]
INFO: [ view_filter ] --END-- [ RunTime:0.000000s ]
INFO: [ app_end ] --START--
INFO: Run Behavior\ShowPageTraceBehavior [ RunTime:0.001000s ]
INFO: [ app_end ] --END-- [ RunTime:0.001000s ]

[ 2015-04-22T17:20:23+08:00 ] 127.0.0.1 /kicker/Home/Filter/index.html?cid=1&band=nike&page=1
INFO: [ app_init ] --START--
INFO: Run Behavior\BuildLiteBehavior [ RunTime:0.000000s ]
INFO: [ app_init ] --END-- [ RunTime:0.000000s ]
INFO: [ app_begin ] --START--
INFO: Run Behavior\ReadHtmlCacheBehavior [ RunTime:0.000000s ]
INFO: [ app_begin ] --END-- [ RunTime:0.000000s ]
NOTIC: [8] Undefined index: username C:\xampp\htdocs\kicker\Application\Home\Controller\CommonController.class.php 第 10 行.
NOTIC: [8192] mysql_connect(): The mysql extension is deprecated and will be removed in the future: use mysqli or PDO instead C:\xampp\htdocs\kicker\ThinkPHP\Library\Think\Db\Driver\Mysql.class.php 第 52 行.
SQL: SHOW COLUMNS FROM `hy_goods` [ RunTime:0.002000s ]
NOTIC: [2] Missing argument 9 for Home\Model\GoodsModel::filterGoods(), called in C:\xampp\htdocs\kicker\Application\Home\Controller\FilterController.class.php on line 39 and defined C:\xampp\htdocs\kicker\Application\Home\Model\GoodsModel.class.php 第 35 行.
NOTIC: [8] Undefined variable: limit C:\xampp\htdocs\kicker\Application\Home\Model\GoodsModel.class.php 第 63 行.
SQL: SELECT `gid`,`main_title`,`price`,`goods_img`,`buy` FROM `hy_goods` WHERE ( cid=1 and band ="nike" )  [ RunTime:0.001000s ]
SQL: SELECT `gid`,`main_title`,`price`,`goods_img`,`buy` FROM `hy_goods` WHERE ( cid=1 and band ="nike" ) LIMIT 0,3   [ RunTime:0.001000s ]
SQL: SHOW COLUMNS FROM `hy_category` [ RunTime:0.002000s ]
SQL: SELECT `attr`,`band` FROM `hy_category` WHERE `cid` = 1 LIMIT 1   [ RunTime:0.000000s ]
INFO: [ view_parse ] --START--
INFO: [ template_filter ] --START--
INFO: Run Behavior\ContentReplaceBehavior [ RunTime:0.001000s ]
INFO: [ template_filter ] --END-- [ RunTime:0.001000s ]
INFO: Run Behavior\ParseTemplateBehavior [ RunTime:0.012001s ]
INFO: [ view_parse ] --END-- [ RunTime:0.012001s ]
INFO: [ view_filter ] --START--
INFO: Run Behavior\WriteHtmlCacheBehavior [ RunTime:0.000000s ]
INFO: [ view_filter ] --END-- [ RunTime:0.001000s ]
INFO: [ app_end ] --START--
INFO: Run Behavior\ShowPageTraceBehavior [ RunTime:0.000000s ]
INFO: [ app_end ] --END-- [ RunTime:0.000000s ]

[ 2015-04-22T17:20:29+08:00 ] 127.0.0.1 /kicker/Home/filter/index.html?cid=3&page=1
INFO: [ app_init ] --START--
INFO: Run Behavior\BuildLiteBehavior [ RunTime:0.000000s ]
INFO: [ app_init ] --END-- [ RunTime:0.001000s ]
INFO: [ app_begin ] --START--
INFO: Run Behavior\ReadHtmlCacheBehavior [ RunTime:0.001000s ]
INFO: [ app_begin ] --END-- [ RunTime:0.001000s ]
NOTIC: [8] Undefined index: username C:\xampp\htdocs\kicker\Application\Home\Controller\CommonController.class.php 第 10 行.
NOTIC: [8192] mysql_connect(): The mysql extension is deprecated and will be removed in the future: use mysqli or PDO instead C:\xampp\htdocs\kicker\ThinkPHP\Library\Think\Db\Driver\Mysql.class.php 第 52 行.
SQL: SHOW COLUMNS FROM `hy_goods` [ RunTime:0.003001s ]
NOTIC: [2] Missing argument 9 for Home\Model\GoodsModel::filterGoods(), called in C:\xampp\htdocs\kicker\Application\Home\Controller\FilterController.class.php on line 39 and defined C:\xampp\htdocs\kicker\Application\Home\Model\GoodsModel.class.php 第 35 行.
NOTIC: [8] Undefined variable: limit C:\xampp\htdocs\kicker\Application\Home\Model\GoodsModel.class.php 第 63 行.
SQL: SELECT `gid`,`main_title`,`price`,`goods_img`,`buy` FROM `hy_goods` WHERE ( cid=3 )  [ RunTime:0.001000s ]
SQL: SELECT `gid`,`main_title`,`price`,`goods_img`,`buy` FROM `hy_goods` WHERE ( cid=3 ) LIMIT 0,3   [ RunTime:0.000000s ]
SQL: SHOW COLUMNS FROM `hy_category` [ RunTime:0.003000s ]
SQL: SELECT `attr`,`band` FROM `hy_category` WHERE `cid` = 3 LIMIT 1   [ RunTime:0.000000s ]
INFO: [ view_parse ] --START--
INFO: [ template_filter ] --START--
INFO: Run Behavior\ContentReplaceBehavior [ RunTime:0.000000s ]
INFO: [ template_filter ] --END-- [ RunTime:0.000000s ]
INFO: Run Behavior\ParseTemplateBehavior [ RunTime:0.015001s ]
INFO: [ view_parse ] --END-- [ RunTime:0.015001s ]
INFO: [ view_filter ] --START--
INFO: Run Behavior\WriteHtmlCacheBehavior [ RunTime:0.000000s ]
INFO: [ view_filter ] --END-- [ RunTime:0.000000s ]
INFO: [ app_end ] --START--
INFO: Run Behavior\ShowPageTraceBehavior [ RunTime:0.000000s ]
INFO: [ app_end ] --END-- [ RunTime:0.000000s ]

[ 2015-04-22T17:20:31+08:00 ] 127.0.0.1 /kicker/Home/filter/index.html?cid=4&page=1
INFO: [ app_init ] --START--
INFO: Run Behavior\BuildLiteBehavior [ RunTime:0.000000s ]
INFO: [ app_init ] --END-- [ RunTime:0.000000s ]
INFO: [ app_begin ] --START--
INFO: Run Behavior\ReadHtmlCacheBehavior [ RunTime:0.000000s ]
INFO: [ app_begin ] --END-- [ RunTime:0.000000s ]
NOTIC: [8] Undefined index: username C:\xampp\htdocs\kicker\Application\Home\Controller\CommonController.class.php 第 10 行.
NOTIC: [8192] mysql_connect(): The mysql extension is deprecated and will be removed in the future: use mysqli or PDO instead C:\xampp\htdocs\kicker\ThinkPHP\Library\Think\Db\Driver\Mysql.class.php 第 52 行.
SQL: SHOW COLUMNS FROM `hy_goods` [ RunTime:0.002000s ]
NOTIC: [2] Missing argument 9 for Home\Model\GoodsModel::filterGoods(), called in C:\xampp\htdocs\kicker\Application\Home\Controller\FilterController.class.php on line 39 and defined C:\xampp\htdocs\kicker\Application\Home\Model\GoodsModel.class.php 第 35 行.
NOTIC: [8] Undefined variable: limit C:\xampp\htdocs\kicker\Application\Home\Model\GoodsModel.class.php 第 63 行.
SQL: SELECT `gid`,`main_title`,`price`,`goods_img`,`buy` FROM `hy_goods` WHERE ( cid=4 )  [ RunTime:0.000000s ]
SQL: SELECT `gid`,`main_title`,`price`,`goods_img`,`buy` FROM `hy_goods` WHERE ( cid=4 ) LIMIT 0,3   [ RunTime:0.000000s ]
SQL: SHOW COLUMNS FROM `hy_category` [ RunTime:0.003000s ]
SQL: SELECT `attr`,`band` FROM `hy_category` WHERE `cid` = 4 LIMIT 1   [ RunTime:0.000000s ]
INFO: [ view_parse ] --START--
INFO: [ template_filter ] --START--
INFO: Run Behavior\ContentReplaceBehavior [ RunTime:0.000000s ]
INFO: [ template_filter ] --END-- [ RunTime:0.000000s ]
INFO: Run Behavior\ParseTemplateBehavior [ RunTime:0.012001s ]
INFO: [ view_parse ] --END-- [ RunTime:0.013001s ]
INFO: [ view_filter ] --START--
INFO: Run Behavior\WriteHtmlCacheBehavior [ RunTime:0.000000s ]
INFO: [ view_filter ] --END-- [ RunTime:0.000000s ]
INFO: [ app_end ] --START--
INFO: Run Behavior\ShowPageTraceBehavior [ RunTime:0.001000s ]
INFO: [ app_end ] --END-- [ RunTime:0.001000s ]

[ 2015-04-22T17:20:34+08:00 ] 127.0.0.1 /kicker/Home/Filter/index.html?cid=4&page=2
INFO: [ app_init ] --START--
INFO: Run Behavior\BuildLiteBehavior [ RunTime:0.000000s ]
INFO: [ app_init ] --END-- [ RunTime:0.000000s ]
INFO: [ app_begin ] --START--
INFO: Run Behavior\ReadHtmlCacheBehavior [ RunTime:0.000000s ]
INFO: [ app_begin ] --END-- [ RunTime:0.000000s ]
NOTIC: [8] Undefined index: username C:\xampp\htdocs\kicker\Application\Home\Controller\CommonController.class.php 第 10 行.
NOTIC: [8192] mysql_connect(): The mysql extension is deprecated and will be removed in the future: use mysqli or PDO instead C:\xampp\htdocs\kicker\ThinkPHP\Library\Think\Db\Driver\Mysql.class.php 第 52 行.
SQL: SHOW COLUMNS FROM `hy_goods` [ RunTime:0.002000s ]
NOTIC: [2] Missing argument 9 for Home\Model\GoodsModel::filterGoods(), called in C:\xampp\htdocs\kicker\Application\Home\Controller\FilterController.class.php on line 39 and defined C:\xampp\htdocs\kicker\Application\Home\Model\GoodsModel.class.php 第 35 行.
NOTIC: [8] Undefined variable: limit C:\xampp\htdocs\kicker\Application\Home\Model\GoodsModel.class.php 第 63 行.
SQL: SELECT `gid`,`main_title`,`price`,`goods_img`,`buy` FROM `hy_goods` WHERE ( cid=4 )  [ RunTime:0.000000s ]
SQL: SELECT `gid`,`main_title`,`price`,`goods_img`,`buy` FROM `hy_goods` WHERE ( cid=4 ) LIMIT 3,3   [ RunTime:0.001000s ]
SQL: SHOW COLUMNS FROM `hy_category` [ RunTime:0.002000s ]
SQL: SELECT `attr`,`band` FROM `hy_category` WHERE `cid` = 4 LIMIT 1   [ RunTime:0.001001s ]
INFO: [ view_parse ] --START--
INFO: [ template_filter ] --START--
INFO: Run Behavior\ContentReplaceBehavior [ RunTime:0.000000s ]
INFO: [ template_filter ] --END-- [ RunTime:0.000000s ]
INFO: Run Behavior\ParseTemplateBehavior [ RunTime:0.012000s ]
INFO: [ view_parse ] --END-- [ RunTime:0.012000s ]
INFO: [ view_filter ] --START--
INFO: Run Behavior\WriteHtmlCacheBehavior [ RunTime:0.001000s ]
INFO: [ view_filter ] --END-- [ RunTime:0.001000s ]
INFO: [ app_end ] --START--
INFO: Run Behavior\ShowPageTraceBehavior [ RunTime:0.000000s ]
INFO: [ app_end ] --END-- [ RunTime:0.001000s ]

[ 2015-04-22T17:20:36+08:00 ] 127.0.0.1 /kicker/Home/Filter/index.html?cid=4&page=3
INFO: [ app_init ] --START--
INFO: Run Behavior\BuildLiteBehavior [ RunTime:0.000000s ]
INFO: [ app_init ] --END-- [ RunTime:0.001001s ]
INFO: [ app_begin ] --START--
INFO: Run Behavior\ReadHtmlCacheBehavior [ RunTime:0.001000s ]
INFO: [ app_begin ] --END-- [ RunTime:0.001000s ]
NOTIC: [8] Undefined index: username C:\xampp\htdocs\kicker\Application\Home\Controller\CommonController.class.php 第 10 行.
NOTIC: [8192] mysql_connect(): The mysql extension is deprecated and will be removed in the future: use mysqli or PDO instead C:\xampp\htdocs\kicker\ThinkPHP\Library\Think\Db\Driver\Mysql.class.php 第 52 行.
SQL: SHOW COLUMNS FROM `hy_goods` [ RunTime:0.002000s ]
NOTIC: [2] Missing argument 9 for Home\Model\GoodsModel::filterGoods(), called in C:\xampp\htdocs\kicker\Application\Home\Controller\FilterController.class.php on line 39 and defined C:\xampp\htdocs\kicker\Application\Home\Model\GoodsModel.class.php 第 35 行.
NOTIC: [8] Undefined variable: limit C:\xampp\htdocs\kicker\Application\Home\Model\GoodsModel.class.php 第 63 行.
SQL: SELECT `gid`,`main_title`,`price`,`goods_img`,`buy` FROM `hy_goods` WHERE ( cid=4 )  [ RunTime:0.000000s ]
SQL: SELECT `gid`,`main_title`,`price`,`goods_img`,`buy` FROM `hy_goods` WHERE ( cid=4 ) LIMIT 6,3   [ RunTime:0.000000s ]
SQL: SHOW COLUMNS FROM `hy_category` [ RunTime:0.003000s ]
SQL: SELECT `attr`,`band` FROM `hy_category` WHERE `cid` = 4 LIMIT 1   [ RunTime:0.000000s ]
INFO: [ view_parse ] --START--
INFO: [ template_filter ] --START--
INFO: Run Behavior\ContentReplaceBehavior [ RunTime:0.001000s ]
INFO: [ template_filter ] --END-- [ RunTime:0.001000s ]
INFO: Run Behavior\ParseTemplateBehavior [ RunTime:0.013000s ]
INFO: [ view_parse ] --END-- [ RunTime:0.013000s ]
INFO: [ view_filter ] --START--
INFO: Run Behavior\WriteHtmlCacheBehavior [ RunTime:0.000000s ]
INFO: [ view_filter ] --END-- [ RunTime:0.000000s ]
INFO: [ app_end ] --START--
INFO: Run Behavior\ShowPageTraceBehavior [ RunTime:0.000000s ]
INFO: [ app_end ] --END-- [ RunTime:0.000000s ]

[ 2015-04-22T17:20:38+08:00 ] 127.0.0.1 /kicker/Home/Filter/index.html?cid=4&page=2
INFO: [ app_init ] --START--
INFO: Run Behavior\BuildLiteBehavior [ RunTime:0.000000s ]
INFO: [ app_init ] --END-- [ RunTime:0.000000s ]
INFO: [ app_begin ] --START--
INFO: Run Behavior\ReadHtmlCacheBehavior [ RunTime:0.000000s ]
INFO: [ app_begin ] --END-- [ RunTime:0.000000s ]
NOTIC: [8] Undefined index: username C:\xampp\htdocs\kicker\Application\Home\Controller\CommonController.class.php 第 10 行.
NOTIC: [8192] mysql_connect(): The mysql extension is deprecated and will be removed in the future: use mysqli or PDO instead C:\xampp\htdocs\kicker\ThinkPHP\Library\Think\Db\Driver\Mysql.class.php 第 52 行.
SQL: SHOW COLUMNS FROM `hy_goods` [ RunTime:0.003001s ]
NOTIC: [2] Missing argument 9 for Home\Model\GoodsModel::filterGoods(), called in C:\xampp\htdocs\kicker\Application\Home\Controller\FilterController.class.php on line 39 and defined C:\xampp\htdocs\kicker\Application\Home\Model\GoodsModel.class.php 第 35 行.
NOTIC: [8] Undefined variable: limit C:\xampp\htdocs\kicker\Application\Home\Model\GoodsModel.class.php 第 63 行.
SQL: SELECT `gid`,`main_title`,`price`,`goods_img`,`buy` FROM `hy_goods` WHERE ( cid=4 )  [ RunTime:0.000000s ]
SQL: SELECT `gid`,`main_title`,`price`,`goods_img`,`buy` FROM `hy_goods` WHERE ( cid=4 ) LIMIT 3,3   [ RunTime:0.001000s ]
SQL: SHOW COLUMNS FROM `hy_category` [ RunTime:0.002000s ]
SQL: SELECT `attr`,`band` FROM `hy_category` WHERE `cid` = 4 LIMIT 1   [ RunTime:0.001000s ]
INFO: [ view_parse ] --START--
INFO: [ template_filter ] --START--
INFO: Run Behavior\ContentReplaceBehavior [ RunTime:0.000000s ]
INFO: [ template_filter ] --END-- [ RunTime:0.000000s ]
INFO: Run Behavior\ParseTemplateBehavior [ RunTime:0.013001s ]
INFO: [ view_parse ] --END-- [ RunTime:0.013001s ]
INFO: [ view_filter ] --START--
INFO: Run Behavior\WriteHtmlCacheBehavior [ RunTime:0.000000s ]
INFO: [ view_filter ] --END-- [ RunTime:0.000000s ]
INFO: [ app_end ] --START--
INFO: Run Behavior\ShowPageTraceBehavior [ RunTime:0.000000s ]
INFO: [ app_end ] --END-- [ RunTime:0.000000s ]

[ 2015-04-22T17:20:50+08:00 ] 127.0.0.1 /kicker/Home/filter/index.html?cid=3&page=1
INFO: [ app_init ] --START--
INFO: Run Behavior\BuildLiteBehavior [ RunTime:0.000000s ]
INFO: [ app_init ] --END-- [ RunTime:0.000000s ]
INFO: [ app_begin ] --START--
INFO: Run Behavior\ReadHtmlCacheBehavior [ RunTime:0.001000s ]
INFO: [ app_begin ] --END-- [ RunTime:0.001000s ]
NOTIC: [8] Undefined index: username C:\xampp\htdocs\kicker\Application\Home\Controller\CommonController.class.php 第 10 行.
NOTIC: [8192] mysql_connect(): The mysql extension is deprecated and will be removed in the future: use mysqli or PDO instead C:\xampp\htdocs\kicker\ThinkPHP\Library\Think\Db\Driver\Mysql.class.php 第 52 行.
SQL: SHOW COLUMNS FROM `hy_goods` [ RunTime:0.002000s ]
NOTIC: [2] Missing argument 9 for Home\Model\GoodsModel::filterGoods(), called in C:\xampp\htdocs\kicker\Application\Home\Controller\FilterController.class.php on line 39 and defined C:\xampp\htdocs\kicker\Application\Home\Model\GoodsModel.class.php 第 35 行.
NOTIC: [8] Undefined variable: limit C:\xampp\htdocs\kicker\Application\Home\Model\GoodsModel.class.php 第 63 行.
SQL: SELECT `gid`,`main_title`,`price`,`goods_img`,`buy` FROM `hy_goods` WHERE ( cid=3 )  [ RunTime:0.000000s ]
SQL: SELECT `gid`,`main_title`,`price`,`goods_img`,`buy` FROM `hy_goods` WHERE ( cid=3 ) LIMIT 0,3   [ RunTime:0.000000s ]
SQL: SHOW COLUMNS FROM `hy_category` [ RunTime:0.003001s ]
SQL: SELECT `attr`,`band` FROM `hy_category` WHERE `cid` = 3 LIMIT 1   [ RunTime:0.000000s ]
INFO: [ view_parse ] --START--
INFO: [ template_filter ] --START--
INFO: Run Behavior\ContentReplaceBehavior [ RunTime:0.000000s ]
INFO: [ template_filter ] --END-- [ RunTime:0.000000s ]
INFO: Run Behavior\ParseTemplateBehavior [ RunTime:0.012000s ]
INFO: [ view_parse ] --END-- [ RunTime:0.013000s ]
INFO: [ view_filter ] --START--
INFO: Run Behavior\WriteHtmlCacheBehavior [ RunTime:0.000000s ]
INFO: [ view_filter ] --END-- [ RunTime:0.000000s ]
INFO: [ app_end ] --START--
INFO: Run Behavior\ShowPageTraceBehavior [ RunTime:0.000000s ]
INFO: [ app_end ] --END-- [ RunTime:0.001000s ]

[ 2015-04-22T17:20:51+08:00 ] 127.0.0.1 /kicker/Home/filter/index.html?cid=1&page=1
INFO: [ app_init ] --START--
INFO: Run Behavior\BuildLiteBehavior [ RunTime:0.000000s ]
INFO: [ app_init ] --END-- [ RunTime:0.000000s ]
INFO: [ app_begin ] --START--
INFO: Run Behavior\ReadHtmlCacheBehavior [ RunTime:0.001001s ]
INFO: [ app_begin ] --END-- [ RunTime:0.001001s ]
NOTIC: [8] Undefined index: username C:\xampp\htdocs\kicker\Application\Home\Controller\CommonController.class.php 第 10 行.
NOTIC: [8192] mysql_connect(): The mysql extension is deprecated and will be removed in the future: use mysqli or PDO instead C:\xampp\htdocs\kicker\ThinkPHP\Library\Think\Db\Driver\Mysql.class.php 第 52 行.
SQL: SHOW COLUMNS FROM `hy_goods` [ RunTime:0.003000s ]
NOTIC: [2] Missing argument 9 for Home\Model\GoodsModel::filterGoods(), called in C:\xampp\htdocs\kicker\Application\Home\Controller\FilterController.class.php on line 39 and defined C:\xampp\htdocs\kicker\Application\Home\Model\GoodsModel.class.php 第 35 行.
NOTIC: [8] Undefined variable: limit C:\xampp\htdocs\kicker\Application\Home\Model\GoodsModel.class.php 第 63 行.
SQL: SELECT `gid`,`main_title`,`price`,`goods_img`,`buy` FROM `hy_goods` WHERE ( cid=1 )  [ RunTime:0.000000s ]
SQL: SELECT `gid`,`main_title`,`price`,`goods_img`,`buy` FROM `hy_goods` WHERE ( cid=1 ) LIMIT 0,3   [ RunTime:0.001000s ]
SQL: SHOW COLUMNS FROM `hy_category` [ RunTime:0.002000s ]
SQL: SELECT `attr`,`band` FROM `hy_category` WHERE `cid` = 1 LIMIT 1   [ RunTime:0.001000s ]
INFO: [ view_parse ] --START--
INFO: [ template_filter ] --START--
INFO: Run Behavior\ContentReplaceBehavior [ RunTime:0.000000s ]
INFO: [ template_filter ] --END-- [ RunTime:0.000000s ]
INFO: Run Behavior\ParseTemplateBehavior [ RunTime:0.012001s ]
INFO: [ view_parse ] --END-- [ RunTime:0.013001s ]
INFO: [ view_filter ] --START--
INFO: Run Behavior\WriteHtmlCacheBehavior [ RunTime:0.000000s ]
INFO: [ view_filter ] --END-- [ RunTime:0.000000s ]
INFO: [ app_end ] --START--
INFO: Run Behavior\ShowPageTraceBehavior [ RunTime:0.000000s ]
INFO: [ app_end ] --END-- [ RunTime:0.000000s ]

[ 2015-04-22T17:20:53+08:00 ] 127.0.0.1 /kicker/Home/index/index.html
INFO: [ app_init ] --START--
INFO: Run Behavior\BuildLiteBehavior [ RunTime:0.000000s ]
INFO: [ app_init ] --END-- [ RunTime:0.001000s ]
INFO: [ app_begin ] --START--
INFO: Run Behavior\ReadHtmlCacheBehavior [ RunTime:0.001000s ]
INFO: [ app_begin ] --END-- [ RunTime:0.001000s ]
NOTIC: [8] Undefined index: username C:\xampp\htdocs\kicker\Application\Home\Controller\CommonController.class.php 第 10 行.
NOTIC: [8192] mysql_connect(): The mysql extension is deprecated and will be removed in the future: use mysqli or PDO instead C:\xampp\htdocs\kicker\ThinkPHP\Library\Think\Db\Driver\Mysql.class.php 第 52 行.
SQL: SHOW COLUMNS FROM `hy_goods` [ RunTime:0.004000s ]
SQL: SELECT * FROM `hy_goods` WHERE `cid` = 1 LIMIT 8   [ RunTime:0.000000s ]
SQL: SELECT * FROM `hy_goods` WHERE `cid` = 3 LIMIT 8   [ RunTime:0.000000s ]
SQL: SELECT * FROM `hy_goods` WHERE `cid` = 4 LIMIT 8   [ RunTime:0.001000s ]
INFO: [ view_parse ] --START--
INFO: [ template_filter ] --START--
INFO: Run Behavior\ContentReplaceBehavior [ RunTime:0.000000s ]
INFO: [ template_filter ] --END-- [ RunTime:0.000000s ]
INFO: Run Behavior\ParseTemplateBehavior [ RunTime:0.013001s ]
INFO: [ view_parse ] --END-- [ RunTime:0.013001s ]
INFO: [ view_filter ] --START--
INFO: Run Behavior\WriteHtmlCacheBehavior [ RunTime:0.000000s ]
INFO: [ view_filter ] --END-- [ RunTime:0.000000s ]
INFO: [ app_end ] --START--
INFO: Run Behavior\ShowPageTraceBehavior [ RunTime:0.000000s ]
INFO: [ app_end ] --END-- [ RunTime:0.000000s ]

[ 2015-04-22T17:25:28+08:00 ] 127.0.0.1 /kicker/Home/index/index.html
INFO: [ app_init ] --START--
INFO: Run Behavior\BuildLiteBehavior [ RunTime:0.000000s ]
INFO: [ app_init ] --END-- [ RunTime:0.001000s ]
INFO: [ app_begin ] --START--
INFO: Run Behavior\ReadHtmlCacheBehavior [ RunTime:0.000000s ]
INFO: [ app_begin ] --END-- [ RunTime:0.000000s ]
NOTIC: [8] Undefined index: username C:\xampp\htdocs\kicker\Application\Home\Controller\CommonController.class.php 第 10 行.
NOTIC: [8192] mysql_connect(): The mysql extension is deprecated and will be removed in the future: use mysqli or PDO instead C:\xampp\htdocs\kicker\ThinkPHP\Library\Think\Db\Driver\Mysql.class.php 第 52 行.
SQL: SHOW COLUMNS FROM `hy_goods` [ RunTime:0.003000s ]
SQL: SELECT * FROM `hy_goods` WHERE `cid` = 1 LIMIT 8   [ RunTime:0.001001s ]
SQL: SELECT * FROM `hy_goods` WHERE `cid` = 3 LIMIT 8   [ RunTime:0.000000s ]
SQL: SELECT * FROM `hy_goods` WHERE `cid` = 4 LIMIT 8   [ RunTime:0.001000s ]
INFO: [ view_parse ] --START--
INFO: [ template_filter ] --START--
INFO: Run Behavior\ContentReplaceBehavior [ RunTime:0.000000s ]
INFO: [ template_filter ] --END-- [ RunTime:0.000000s ]
INFO: Run Behavior\ParseTemplateBehavior [ RunTime:0.013000s ]
INFO: [ view_parse ] --END-- [ RunTime:0.013000s ]
INFO: [ view_filter ] --START--
INFO: Run Behavior\WriteHtmlCacheBehavior [ RunTime:0.000000s ]
INFO: [ view_filter ] --END-- [ RunTime:0.000000s ]
INFO: [ app_end ] --START--
INFO: Run Behavior\ShowPageTraceBehavior [ RunTime:0.001000s ]
INFO: [ app_end ] --END-- [ RunTime:0.001000s ]

[ 2015-04-22T17:25:31+08:00 ] 127.0.0.1 /kicker/Home/Filter/index.html?cid=1&page=1
INFO: [ app_init ] --START--
INFO: Run Behavior\BuildLiteBehavior [ RunTime:0.000000s ]
INFO: [ app_init ] --END-- [ RunTime:0.001000s ]
INFO: [ app_begin ] --START--
INFO: Run Behavior\ReadHtmlCacheBehavior [ RunTime:0.001000s ]
INFO: [ app_begin ] --END-- [ RunTime:0.001000s ]
NOTIC: [8] Undefined index: username C:\xampp\htdocs\kicker\Application\Home\Controller\CommonController.class.php 第 10 行.
NOTIC: [8192] mysql_connect(): The mysql extension is deprecated and will be removed in the future: use mysqli or PDO instead C:\xampp\htdocs\kicker\ThinkPHP\Library\Think\Db\Driver\Mysql.class.php 第 52 行.
SQL: SHOW COLUMNS FROM `hy_goods` [ RunTime:0.002000s ]
NOTIC: [2] Missing argument 9 for Home\Model\GoodsModel::filterGoods(), called in C:\xampp\htdocs\kicker\Application\Home\Controller\FilterController.class.php on line 39 and defined C:\xampp\htdocs\kicker\Application\Home\Model\GoodsModel.class.php 第 35 行.
NOTIC: [8] Undefined variable: limit C:\xampp\htdocs\kicker\Application\Home\Model\GoodsModel.class.php 第 63 行.
SQL: SELECT `gid`,`main_title`,`price`,`goods_img`,`buy` FROM `hy_goods` WHERE ( cid=1 )  [ RunTime:0.000000s ]
SQL: SELECT `gid`,`main_title`,`price`,`goods_img`,`buy` FROM `hy_goods` WHERE ( cid=1 ) LIMIT 0,3   [ RunTime:0.000000s ]
SQL: SHOW COLUMNS FROM `hy_category` [ RunTime:0.003001s ]
SQL: SELECT `attr`,`band` FROM `hy_category` WHERE `cid` = 1 LIMIT 1   [ RunTime:0.000000s ]
INFO: [ view_parse ] --START--
INFO: [ template_filter ] --START--
INFO: Run Behavior\ContentReplaceBehavior [ RunTime:0.000000s ]
INFO: [ template_filter ] --END-- [ RunTime:0.000000s ]
INFO: Run Behavior\ParseTemplateBehavior [ RunTime:0.014000s ]
INFO: [ view_parse ] --END-- [ RunTime:0.014000s ]
INFO: [ view_filter ] --START--
INFO: Run Behavior\WriteHtmlCacheBehavior [ RunTime:0.000000s ]
INFO: [ view_filter ] --END-- [ RunTime:0.000000s ]
INFO: [ app_end ] --START--
INFO: Run Behavior\ShowPageTraceBehavior [ RunTime:0.001000s ]
INFO: [ app_end ] --END-- [ RunTime:0.001000s ]

[ 2015-04-22T17:30:10+08:00 ] 127.0.0.1 /kicker/Home/index/index.html
INFO: [ app_init ] --START--
INFO: Run Behavior\BuildLiteBehavior [ RunTime:0.000000s ]
INFO: [ app_init ] --END-- [ RunTime:0.000000s ]
INFO: [ app_begin ] --START--
INFO: Run Behavior\ReadHtmlCacheBehavior [ RunTime:0.001000s ]
INFO: [ app_begin ] --END-- [ RunTime:0.001000s ]
NOTIC: [8] Undefined index: username C:\xampp\htdocs\kicker\Application\Home\Controller\CommonController.class.php 第 10 行.
NOTIC: [8192] mysql_connect(): The mysql extension is deprecated and will be removed in the future: use mysqli or PDO instead C:\xampp\htdocs\kicker\ThinkPHP\Library\Think\Db\Driver\Mysql.class.php 第 52 行.
SQL: SHOW COLUMNS FROM `hy_goods` [ RunTime:0.002000s ]
SQL: SELECT * FROM `hy_goods` WHERE `cid` = 1 LIMIT 8   [ RunTime:0.000000s ]
SQL: SELECT * FROM `hy_goods` WHERE `cid` = 3 LIMIT 8   [ RunTime:0.000000s ]
SQL: SELECT * FROM `hy_goods` WHERE `cid` = 4 LIMIT 8   [ RunTime:0.000000s ]
INFO: [ view_parse ] --START--
INFO: [ template_filter ] --START--
INFO: Run Behavior\ContentReplaceBehavior [ RunTime:0.000000s ]
INFO: [ template_filter ] --END-- [ RunTime:0.000000s ]
INFO: Run Behavior\ParseTemplateBehavior [ RunTime:0.013001s ]
INFO: [ view_parse ] --END-- [ RunTime:0.013001s ]
INFO: [ view_filter ] --START--
INFO: Run Behavior\WriteHtmlCacheBehavior [ RunTime:0.000000s ]
INFO: [ view_filter ] --END-- [ RunTime:0.000000s ]
INFO: [ app_end ] --START--
INFO: Run Behavior\ShowPageTraceBehavior [ RunTime:0.001000s ]
INFO: [ app_end ] --END-- [ RunTime:0.001000s ]

[ 2015-04-22T17:30:12+08:00 ] 127.0.0.1 /kicker/Home/index/index.html
INFO: [ app_init ] --START--
INFO: Run Behavior\BuildLiteBehavior [ RunTime:0.000000s ]
INFO: [ app_init ] --END-- [ RunTime:0.000000s ]
INFO: [ app_begin ] --START--
INFO: Run Behavior\ReadHtmlCacheBehavior [ RunTime:0.001000s ]
INFO: [ app_begin ] --END-- [ RunTime:0.001000s ]
NOTIC: [8] Undefined index: username C:\xampp\htdocs\kicker\Application\Home\Controller\CommonController.class.php 第 10 行.
NOTIC: [8192] mysql_connect(): The mysql extension is deprecated and will be removed in the future: use mysqli or PDO instead C:\xampp\htdocs\kicker\ThinkPHP\Library\Think\Db\Driver\Mysql.class.php 第 52 行.
SQL: SHOW COLUMNS FROM `hy_goods` [ RunTime:0.003000s ]
SQL: SELECT * FROM `hy_goods` WHERE `cid` = 1 LIMIT 8   [ RunTime:0.001000s ]
SQL: SELECT * FROM `hy_goods` WHERE `cid` = 3 LIMIT 8   [ RunTime:0.000000s ]
SQL: SELECT * FROM `hy_goods` WHERE `cid` = 4 LIMIT 8   [ RunTime:0.001001s ]
INFO: [ view_parse ] --START--
INFO: [ template_filter ] --START--
INFO: Run Behavior\ContentReplaceBehavior [ RunTime:0.000000s ]
INFO: [ template_filter ] --END-- [ RunTime:0.000000s ]
INFO: Run Behavior\ParseTemplateBehavior [ RunTime:0.013000s ]
INFO: [ view_parse ] --END-- [ RunTime:0.013000s ]
INFO: [ view_filter ] --START--
INFO: Run Behavior\WriteHtmlCacheBehavior [ RunTime:0.000000s ]
INFO: [ view_filter ] --END-- [ RunTime:0.000000s ]
INFO: [ app_end ] --START--
INFO: Run Behavior\ShowPageTraceBehavior [ RunTime:0.001000s ]
INFO: [ app_end ] --END-- [ RunTime:0.001000s ]

[ 2015-04-22T17:30:53+08:00 ] 127.0.0.1 /kicker/Home/index/index.html
INFO: [ app_init ] --START--
INFO: Run Behavior\BuildLiteBehavior [ RunTime:0.000000s ]
INFO: [ app_init ] --END-- [ RunTime:0.000000s ]
INFO: [ app_begin ] --START--
INFO: Run Behavior\ReadHtmlCacheBehavior [ RunTime:0.000000s ]
INFO: [ app_begin ] --END-- [ RunTime:0.000000s ]
NOTIC: [8] Undefined index: username C:\xampp\htdocs\kicker\Application\Home\Controller\CommonController.class.php 第 10 行.
NOTIC: [8192] mysql_connect(): The mysql extension is deprecated and will be removed in the future: use mysqli or PDO instead C:\xampp\htdocs\kicker\ThinkPHP\Library\Think\Db\Driver\Mysql.class.php 第 52 行.
SQL: SHOW COLUMNS FROM `hy_goods` [ RunTime:0.003000s ]
SQL: SELECT * FROM `hy_goods` WHERE `cid` = 1 LIMIT 8   [ RunTime:0.000000s ]
SQL: SELECT * FROM `hy_goods` WHERE `cid` = 3 LIMIT 8   [ RunTime:0.001000s ]
SQL: SELECT * FROM `hy_goods` WHERE `cid` = 4 LIMIT 8   [ RunTime:0.000000s ]
INFO: [ view_parse ] --START--
INFO: [ template_filter ] --START--
INFO: Run Behavior\ContentReplaceBehavior [ RunTime:0.000000s ]
INFO: [ template_filter ] --END-- [ RunTime:0.000000s ]
INFO: Run Behavior\ParseTemplateBehavior [ RunTime:0.013001s ]
INFO: [ view_parse ] --END-- [ RunTime:0.013001s ]
INFO: [ view_filter ] --START--
INFO: Run Behavior\WriteHtmlCacheBehavior [ RunTime:0.001000s ]
INFO: [ view_filter ] --END-- [ RunTime:0.001000s ]
INFO: [ app_end ] --START--
INFO: Run Behavior\ShowPageTraceBehavior [ RunTime:0.001000s ]
INFO: [ app_end ] --END-- [ RunTime:0.001000s ]

[ 2015-04-22T17:30:57+08:00 ] 127.0.0.1 /kicker/Home/Filter/index.html?cid=1&page=1
INFO: [ app_init ] --START--
INFO: Run Behavior\BuildLiteBehavior [ RunTime:0.000000s ]
INFO: [ app_init ] --END-- [ RunTime:0.001000s ]
INFO: [ app_begin ] --START--
INFO: Run Behavior\ReadHtmlCacheBehavior [ RunTime:0.000000s ]
INFO: [ app_begin ] --END-- [ RunTime:0.000000s ]
NOTIC: [8] Undefined index: username C:\xampp\htdocs\kicker\Application\Home\Controller\CommonController.class.php 第 10 行.
NOTIC: [8192] mysql_connect(): The mysql extension is deprecated and will be removed in the future: use mysqli or PDO instead C:\xampp\htdocs\kicker\ThinkPHP\Library\Think\Db\Driver\Mysql.class.php 第 52 行.
SQL: SHOW COLUMNS FROM `hy_goods` [ RunTime:0.003000s ]
NOTIC: [2] Missing argument 9 for Home\Model\GoodsModel::filterGoods(), called in C:\xampp\htdocs\kicker\Application\Home\Controller\FilterController.class.php on line 39 and defined C:\xampp\htdocs\kicker\Application\Home\Model\GoodsModel.class.php 第 35 行.
NOTIC: [8] Undefined variable: limit C:\xampp\htdocs\kicker\Application\Home\Model\GoodsModel.class.php 第 63 行.
SQL: SELECT `gid`,`main_title`,`price`,`goods_img`,`buy` FROM `hy_goods` WHERE ( cid=1 )  [ RunTime:0.000000s ]
SQL: SELECT `gid`,`main_title`,`price`,`goods_img`,`buy` FROM `hy_goods` WHERE ( cid=1 ) LIMIT 0,3   [ RunTime:0.001000s ]
SQL: SHOW COLUMNS FROM `hy_category` [ RunTime:0.002000s ]
SQL: SELECT `attr`,`band` FROM `hy_category` WHERE `cid` = 1 LIMIT 1   [ RunTime:0.001000s ]
INFO: [ view_parse ] --START--
INFO: [ template_filter ] --START--
INFO: Run Behavior\ContentReplaceBehavior [ RunTime:0.000000s ]
INFO: [ template_filter ] --END-- [ RunTime:0.000000s ]
INFO: Run Behavior\ParseTemplateBehavior [ RunTime:0.014001s ]
INFO: [ view_parse ] --END-- [ RunTime:0.014001s ]
INFO: [ view_filter ] --START--
INFO: Run Behavior\WriteHtmlCacheBehavior [ RunTime:0.000000s ]
INFO: [ view_filter ] --END-- [ RunTime:0.000000s ]
INFO: [ app_end ] --START--
INFO: Run Behavior\ShowPageTraceBehavior [ RunTime:0.001000s ]
INFO: [ app_end ] --END-- [ RunTime:0.001000s ]

[ 2015-04-22T17:31:54+08:00 ] 127.0.0.1 /kicker/Home/index/index.html
INFO: [ app_init ] --START--
INFO: Run Behavior\BuildLiteBehavior [ RunTime:0.000000s ]
INFO: [ app_init ] --END-- [ RunTime:0.000000s ]
INFO: [ app_begin ] --START--
INFO: Run Behavior\ReadHtmlCacheBehavior [ RunTime:0.000000s ]
INFO: [ app_begin ] --END-- [ RunTime:0.000000s ]
NOTIC: [8] Undefined index: username C:\xampp\htdocs\kicker\Application\Home\Controller\CommonController.class.php 第 10 行.
NOTIC: [8192] mysql_connect(): The mysql extension is deprecated and will be removed in the future: use mysqli or PDO instead C:\xampp\htdocs\kicker\ThinkPHP\Library\Think\Db\Driver\Mysql.class.php 第 52 行.
SQL: SHOW COLUMNS FROM `hy_goods` [ RunTime:0.003000s ]
SQL: SELECT * FROM `hy_goods` WHERE `cid` = 1 LIMIT 8   [ RunTime:0.000000s ]
SQL: SELECT * FROM `hy_goods` WHERE `cid` = 3 LIMIT 8   [ RunTime:0.001001s ]
SQL: SELECT * FROM `hy_goods` WHERE `cid` = 4 LIMIT 8   [ RunTime:0.000000s ]
INFO: [ view_parse ] --START--
INFO: [ template_filter ] --START--
INFO: Run Behavior\ContentReplaceBehavior [ RunTime:0.000000s ]
INFO: [ template_filter ] --END-- [ RunTime:0.000000s ]
INFO: Run Behavior\ParseTemplateBehavior [ RunTime:0.012000s ]
INFO: [ view_parse ] --END-- [ RunTime:0.012000s ]
INFO: [ view_filter ] --START--
INFO: Run Behavior\WriteHtmlCacheBehavior [ RunTime:0.000000s ]
INFO: [ view_filter ] --END-- [ RunTime:0.000000s ]
INFO: [ app_end ] --START--
INFO: Run Behavior\ShowPageTraceBehavior [ RunTime:0.001000s ]
INFO: [ app_end ] --END-- [ RunTime:0.001000s ]

[ 2015-04-22T17:32:02+08:00 ] 127.0.0.1 /kicker/Home/Filter/index.html?cid=3&page=1
INFO: [ app_init ] --START--
INFO: Run Behavior\BuildLiteBehavior [ RunTime:0.000000s ]
INFO: [ app_init ] --END-- [ RunTime:0.001000s ]
INFO: [ app_begin ] --START--
INFO: Run Behavior\ReadHtmlCacheBehavior [ RunTime:0.001000s ]
INFO: [ app_begin ] --END-- [ RunTime:0.001000s ]
NOTIC: [8] Undefined index: username C:\xampp\htdocs\kicker\Application\Home\Controller\CommonController.class.php 第 10 行.
NOTIC: [8192] mysql_connect(): The mysql extension is deprecated and will be removed in the future: use mysqli or PDO instead C:\xampp\htdocs\kicker\ThinkPHP\Library\Think\Db\Driver\Mysql.class.php 第 52 行.
SQL: SHOW COLUMNS FROM `hy_goods` [ RunTime:0.003000s ]
NOTIC: [2] Missing argument 9 for Home\Model\GoodsModel::filterGoods(), called in C:\xampp\htdocs\kicker\Application\Home\Controller\FilterController.class.php on line 39 and defined C:\xampp\htdocs\kicker\Application\Home\Model\GoodsModel.class.php 第 35 行.
NOTIC: [8] Undefined variable: limit C:\xampp\htdocs\kicker\Application\Home\Model\GoodsModel.class.php 第 63 行.
SQL: SELECT `gid`,`main_title`,`price`,`goods_img`,`buy` FROM `hy_goods` WHERE ( cid=3 )  [ RunTime:0.001000s ]
SQL: SELECT `gid`,`main_title`,`price`,`goods_img`,`buy` FROM `hy_goods` WHERE ( cid=3 ) LIMIT 0,3   [ RunTime:0.000000s ]
SQL: SHOW COLUMNS FROM `hy_category` [ RunTime:0.002000s ]
SQL: SELECT `attr`,`band` FROM `hy_category` WHERE `cid` = 3 LIMIT 1   [ RunTime:0.000000s ]
INFO: [ view_parse ] --START--
INFO: [ template_filter ] --START--
INFO: Run Behavior\ContentReplaceBehavior [ RunTime:0.000000s ]
INFO: [ template_filter ] --END-- [ RunTime:0.000000s ]
INFO: Run Behavior\ParseTemplateBehavior [ RunTime:0.013001s ]
INFO: [ view_parse ] --END-- [ RunTime:0.013001s ]
INFO: [ view_filter ] --START--
INFO: Run Behavior\WriteHtmlCacheBehavior [ RunTime:0.000000s ]
INFO: [ view_filter ] --END-- [ RunTime:0.000000s ]
INFO: [ app_end ] --START--
INFO: Run Behavior\ShowPageTraceBehavior [ RunTime:0.000000s ]
INFO: [ app_end ] --END-- [ RunTime:0.000000s ]

[ 2015-04-22T17:32:06+08:00 ] 127.0.0.1 /kicker/Home/Filter/index.html?cid=4&page=1
INFO: [ app_init ] --START--
INFO: Run Behavior\BuildLiteBehavior [ RunTime:0.000000s ]
INFO: [ app_init ] --END-- [ RunTime:0.001000s ]
INFO: [ app_begin ] --START--
INFO: Run Behavior\ReadHtmlCacheBehavior [ RunTime:0.001000s ]
INFO: [ app_begin ] --END-- [ RunTime:0.001000s ]
NOTIC: [8] Undefined index: username C:\xampp\htdocs\kicker\Application\Home\Controller\CommonController.class.php 第 10 行.
NOTIC: [8192] mysql_connect(): The mysql extension is deprecated and will be removed in the future: use mysqli or PDO instead C:\xampp\htdocs\kicker\ThinkPHP\Library\Think\Db\Driver\Mysql.class.php 第 52 行.
SQL: SHOW COLUMNS FROM `hy_goods` [ RunTime:0.003001s ]
NOTIC: [2] Missing argument 9 for Home\Model\GoodsModel::filterGoods(), called in C:\xampp\htdocs\kicker\Application\Home\Controller\FilterController.class.php on line 39 and defined C:\xampp\htdocs\kicker\Application\Home\Model\GoodsModel.class.php 第 35 行.
NOTIC: [8] Undefined variable: limit C:\xampp\htdocs\kicker\Application\Home\Model\GoodsModel.class.php 第 63 行.
SQL: SELECT `gid`,`main_title`,`price`,`goods_img`,`buy` FROM `hy_goods` WHERE ( cid=4 )  [ RunTime:0.001000s ]
SQL: SELECT `gid`,`main_title`,`price`,`goods_img`,`buy` FROM `hy_goods` WHERE ( cid=4 ) LIMIT 0,3   [ RunTime:0.000000s ]
SQL: SHOW COLUMNS FROM `hy_category` [ RunTime:0.002000s ]
SQL: SELECT `attr`,`band` FROM `hy_category` WHERE `cid` = 4 LIMIT 1   [ RunTime:0.000000s ]
INFO: [ view_parse ] --START--
INFO: [ template_filter ] --START--
INFO: Run Behavior\ContentReplaceBehavior [ RunTime:0.000000s ]
INFO: [ template_filter ] --END-- [ RunTime:0.001000s ]
INFO: Run Behavior\ParseTemplateBehavior [ RunTime:0.013001s ]
INFO: [ view_parse ] --END-- [ RunTime:0.013001s ]
INFO: [ view_filter ] --START--
INFO: Run Behavior\WriteHtmlCacheBehavior [ RunTime:0.000000s ]
INFO: [ view_filter ] --END-- [ RunTime:0.000000s ]
INFO: [ app_end ] --START--
INFO: Run Behavior\ShowPageTraceBehavior [ RunTime:0.001000s ]
INFO: [ app_end ] --END-- [ RunTime:0.001000s ]

[ 2015-04-22T17:33:55+08:00 ] 127.0.0.1 /kicker/Home/index/index.html
INFO: [ app_init ] --START--
INFO: Run Behavior\BuildLiteBehavior [ RunTime:0.000000s ]
INFO: [ app_init ] --END-- [ RunTime:0.000000s ]
INFO: [ app_begin ] --START--
INFO: Run Behavior\ReadHtmlCacheBehavior [ RunTime:0.000000s ]
INFO: [ app_begin ] --END-- [ RunTime:0.001000s ]
NOTIC: [8] Undefined index: username C:\xampp\htdocs\kicker\Application\Home\Controller\CommonController.class.php 第 10 行.
NOTIC: [8192] mysql_connect(): The mysql extension is deprecated and will be removed in the future: use mysqli or PDO instead C:\xampp\htdocs\kicker\ThinkPHP\Library\Think\Db\Driver\Mysql.class.php 第 52 行.
SQL: SHOW COLUMNS FROM `hy_goods` [ RunTime:0.003001s ]
SQL: SELECT * FROM `hy_goods` WHERE `cid` = 1 LIMIT 8   [ RunTime:0.000000s ]
SQL: SELECT * FROM `hy_goods` WHERE `cid` = 3 LIMIT 8   [ RunTime:0.001000s ]
SQL: SELECT * FROM `hy_goods` WHERE `cid` = 4 LIMIT 8   [ RunTime:0.000000s ]
INFO: [ view_parse ] --START--
INFO: [ template_filter ] --START--
INFO: Run Behavior\ContentReplaceBehavior [ RunTime:0.000000s ]
INFO: [ template_filter ] --END-- [ RunTime:0.000000s ]
INFO: Run Behavior\ParseTemplateBehavior [ RunTime:0.012000s ]
INFO: [ view_parse ] --END-- [ RunTime:0.012000s ]
INFO: [ view_filter ] --START--
INFO: Run Behavior\WriteHtmlCacheBehavior [ RunTime:0.000000s ]
INFO: [ view_filter ] --END-- [ RunTime:0.000000s ]
INFO: [ app_end ] --START--
INFO: Run Behavior\ShowPageTraceBehavior [ RunTime:0.001000s ]
INFO: [ app_end ] --END-- [ RunTime:0.001000s ]

