[ 2015-04-20T15:06:31+08:00 ] 127.0.0.1 /kicker/
INFO: [ app_init ] --START--
INFO: Run Behavior\BuildLiteBehavior [ RunTime:0.000000s ]
INFO: [ app_init ] --END-- [ RunTime:0.008001s ]
INFO: [ app_begin ] --START--
INFO: Run Behavior\ReadHtmlCacheBehavior [ RunTime:0.012000s ]
INFO: [ app_begin ] --END-- [ RunTime:0.012000s ]
NOTIC: [8] Undefined index: username C:\xampp\htdocs\kicker\Application\Home\Controller\CommonController.class.php 第 10 行.
NOTIC: [8192] mysql_connect(): The mysql extension is deprecated and will be removed in the future: use mysqli or PDO instead C:\xampp\htdocs\kicker\ThinkPHP\Library\Think\Db\Driver\Mysql.class.php 第 52 行.
NOTIC: [2] mysql_connect(): Access denied for user 'root'@'localhost' (using password: YES) C:\xampp\htdocs\kicker\ThinkPHP\Library\Think\Db\Driver\Mysql.class.php 第 52 行.
ERR: Access denied for user 'root'@'localhost' (using password: YES)

[ 2015-04-20T15:07:39+08:00 ] 127.0.0.1 /kicker/
INFO: [ app_init ] --START--
INFO: Run Behavior\BuildLiteBehavior [ RunTime:0.000000s ]
INFO: [ app_init ] --END-- [ RunTime:0.000000s ]
INFO: [ app_begin ] --START--
INFO: Run Behavior\ReadHtmlCacheBehavior [ RunTime:0.001001s ]
INFO: [ app_begin ] --END-- [ RunTime:0.001001s ]
NOTIC: [8] Undefined index: username C:\xampp\htdocs\kicker\Application\Home\Controller\CommonController.class.php 第 10 行.
NOTIC: [8192] mysql_connect(): The mysql extension is deprecated and will be removed in the future: use mysqli or PDO instead C:\xampp\htdocs\kicker\ThinkPHP\Library\Think\Db\Driver\Mysql.class.php 第 52 行.
NOTIC: [2] mysql_connect(): Access denied for user 'root'@'localhost' (using password: YES) C:\xampp\htdocs\kicker\ThinkPHP\Library\Think\Db\Driver\Mysql.class.php 第 52 行.
ERR: Access denied for user 'root'@'localhost' (using password: YES)

[ 2015-04-20T15:07:40+08:00 ] 127.0.0.1 /kicker/
INFO: [ app_init ] --START--
INFO: Run Behavior\BuildLiteBehavior [ RunTime:0.000000s ]
INFO: [ app_init ] --END-- [ RunTime:0.001000s ]
INFO: [ app_begin ] --START--
INFO: Run Behavior\ReadHtmlCacheBehavior [ RunTime:0.001000s ]
INFO: [ app_begin ] --END-- [ RunTime:0.002000s ]
NOTIC: [8] Undefined index: username C:\xampp\htdocs\kicker\Application\Home\Controller\CommonController.class.php 第 10 行.
NOTIC: [8192] mysql_connect(): The mysql extension is deprecated and will be removed in the future: use mysqli or PDO instead C:\xampp\htdocs\kicker\ThinkPHP\Library\Think\Db\Driver\Mysql.class.php 第 52 行.
NOTIC: [2] mysql_connect(): Access denied for user 'root'@'localhost' (using password: YES) C:\xampp\htdocs\kicker\ThinkPHP\Library\Think\Db\Driver\Mysql.class.php 第 52 行.
ERR: Access denied for user 'root'@'localhost' (using password: YES)

[ 2015-04-20T15:08:53+08:00 ] 127.0.0.1 /kicker/
INFO: [ app_init ] --START--
INFO: Run Behavior\BuildLiteBehavior [ RunTime:0.000000s ]
INFO: [ app_init ] --END-- [ RunTime:0.000000s ]
INFO: [ app_begin ] --START--
INFO: Run Behavior\ReadHtmlCacheBehavior [ RunTime:0.002000s ]
INFO: [ app_begin ] --END-- [ RunTime:0.002000s ]
NOTIC: [8] Undefined index: username C:\xampp\htdocs\kicker\Application\Home\Controller\CommonController.class.php 第 10 行.
NOTIC: [8192] mysql_connect(): The mysql extension is deprecated and will be removed in the future: use mysqli or PDO instead C:\xampp\htdocs\kicker\ThinkPHP\Library\Think\Db\Driver\Mysql.class.php 第 52 行.
NOTIC: [2] mysql_connect(): Access denied for user 'root'@'localhost' (using password: YES) C:\xampp\htdocs\kicker\ThinkPHP\Library\Think\Db\Driver\Mysql.class.php 第 52 行.
ERR: Access denied for user 'root'@'localhost' (using password: YES)

[ 2015-04-20T15:09:39+08:00 ] 127.0.0.1 /kicker/
INFO: [ app_init ] --START--
INFO: Run Behavior\BuildLiteBehavior [ RunTime:0.000000s ]
INFO: [ app_init ] --END-- [ RunTime:0.001000s ]
INFO: [ app_begin ] --START--
INFO: Run Behavior\ReadHtmlCacheBehavior [ RunTime:0.001000s ]
INFO: [ app_begin ] --END-- [ RunTime:0.001000s ]
NOTIC: [8] Undefined index: username C:\xampp\htdocs\kicker\Application\Home\Controller\CommonController.class.php 第 10 行.
NOTIC: [8192] mysql_connect(): The mysql extension is deprecated and will be removed in the future: use mysqli or PDO instead C:\xampp\htdocs\kicker\ThinkPHP\Library\Think\Db\Driver\Mysql.class.php 第 52 行.
NOTIC: [2] mysql_connect(): Access denied for user 'root'@'localhost' (using password: YES) C:\xampp\htdocs\kicker\ThinkPHP\Library\Think\Db\Driver\Mysql.class.php 第 52 行.
ERR: Access denied for user 'root'@'localhost' (using password: YES)

[ 2015-04-20T15:09:42+08:00 ] 127.0.0.1 /kicker/
INFO: [ app_init ] --START--
INFO: Run Behavior\BuildLiteBehavior [ RunTime:0.000000s ]
INFO: [ app_init ] --END-- [ RunTime:0.001000s ]
INFO: [ app_begin ] --START--
INFO: Run Behavior\ReadHtmlCacheBehavior [ RunTime:0.001000s ]
INFO: [ app_begin ] --END-- [ RunTime:0.002000s ]
NOTIC: [8] Undefined index: username C:\xampp\htdocs\kicker\Application\Home\Controller\CommonController.class.php 第 10 行.
NOTIC: [8192] mysql_connect(): The mysql extension is deprecated and will be removed in the future: use mysqli or PDO instead C:\xampp\htdocs\kicker\ThinkPHP\Library\Think\Db\Driver\Mysql.class.php 第 52 行.
NOTIC: [2] mysql_connect(): Access denied for user 'root'@'localhost' (using password: YES) C:\xampp\htdocs\kicker\ThinkPHP\Library\Think\Db\Driver\Mysql.class.php 第 52 行.
ERR: Access denied for user 'root'@'localhost' (using password: YES)

[ 2015-04-20T15:10:18+08:00 ] 127.0.0.1 /kicker/
INFO: [ app_init ] --START--
INFO: Run Behavior\BuildLiteBehavior [ RunTime:0.000000s ]
INFO: [ app_init ] --END-- [ RunTime:0.000000s ]
INFO: [ app_begin ] --START--
INFO: Run Behavior\ReadHtmlCacheBehavior [ RunTime:0.001000s ]
INFO: [ app_begin ] --END-- [ RunTime:0.001000s ]
NOTIC: [8] Undefined index: username C:\xampp\htdocs\kicker\Application\Home\Controller\CommonController.class.php 第 10 行.
NOTIC: [8192] mysql_connect(): The mysql extension is deprecated and will be removed in the future: use mysqli or PDO instead C:\xampp\htdocs\kicker\ThinkPHP\Library\Think\Db\Driver\Mysql.class.php 第 52 行.
NOTIC: [2] mysql_connect(): Access denied for user 'root'@'localhost' (using password: YES) C:\xampp\htdocs\kicker\ThinkPHP\Library\Think\Db\Driver\Mysql.class.php 第 52 行.
ERR: Access denied for user 'root'@'localhost' (using password: YES)

[ 2015-04-20T15:10:19+08:00 ] 127.0.0.1 /kicker/
INFO: [ app_init ] --START--
INFO: Run Behavior\BuildLiteBehavior [ RunTime:0.000000s ]
INFO: [ app_init ] --END-- [ RunTime:0.000000s ]
INFO: [ app_begin ] --START--
INFO: Run Behavior\ReadHtmlCacheBehavior [ RunTime:0.001000s ]
INFO: [ app_begin ] --END-- [ RunTime:0.001000s ]
NOTIC: [8] Undefined index: username C:\xampp\htdocs\kicker\Application\Home\Controller\CommonController.class.php 第 10 行.
NOTIC: [8192] mysql_connect(): The mysql extension is deprecated and will be removed in the future: use mysqli or PDO instead C:\xampp\htdocs\kicker\ThinkPHP\Library\Think\Db\Driver\Mysql.class.php 第 52 行.
NOTIC: [2] mysql_connect(): Access denied for user 'root'@'localhost' (using password: YES) C:\xampp\htdocs\kicker\ThinkPHP\Library\Think\Db\Driver\Mysql.class.php 第 52 行.
ERR: Access denied for user 'root'@'localhost' (using password: YES)

[ 2015-04-20T15:12:44+08:00 ] 127.0.0.1 /kicker/
INFO: [ app_init ] --START--
INFO: Run Behavior\BuildLiteBehavior [ RunTime:0.000000s ]
INFO: [ app_init ] --END-- [ RunTime:0.000000s ]
INFO: [ app_begin ] --START--
INFO: Run Behavior\ReadHtmlCacheBehavior [ RunTime:0.001000s ]
INFO: [ app_begin ] --END-- [ RunTime:0.001000s ]
NOTIC: [8] Undefined index: username C:\xampp\htdocs\kicker\Application\Home\Controller\CommonController.class.php 第 10 行.
NOTIC: [8192] mysql_connect(): The mysql extension is deprecated and will be removed in the future: use mysqli or PDO instead C:\xampp\htdocs\kicker\ThinkPHP\Library\Think\Db\Driver\Mysql.class.php 第 52 行.
NOTIC: [2] mysql_connect(): Access denied for user 'root'@'localhost' (using password: YES) C:\xampp\htdocs\kicker\ThinkPHP\Library\Think\Db\Driver\Mysql.class.php 第 52 行.
ERR: Access denied for user 'root'@'localhost' (using password: YES)

[ 2015-04-20T15:13:45+08:00 ] 127.0.0.1 /kicker/
INFO: [ app_init ] --START--
INFO: Run Behavior\BuildLiteBehavior [ RunTime:0.000000s ]
INFO: [ app_init ] --END-- [ RunTime:0.010000s ]
INFO: [ app_begin ] --START--
INFO: Run Behavior\ReadHtmlCacheBehavior [ RunTime:0.012001s ]
INFO: [ app_begin ] --END-- [ RunTime:0.012001s ]
NOTIC: [8] Undefined index: username C:\xampp\htdocs\kicker\Application\Home\Controller\CommonController.class.php 第 10 行.
NOTIC: [8192] mysql_connect(): The mysql extension is deprecated and will be removed in the future: use mysqli or PDO instead C:\xampp\htdocs\kicker\ThinkPHP\Library\Think\Db\Driver\Mysql.class.php 第 52 行.
NOTIC: [2] mysql_connect(): Access denied for user 'root'@'localhost' (using password: YES) C:\xampp\htdocs\kicker\ThinkPHP\Library\Think\Db\Driver\Mysql.class.php 第 52 行.
ERR: Access denied for user 'root'@'localhost' (using password: YES)

[ 2015-04-20T15:13:48+08:00 ] 127.0.0.1 /kicker/
INFO: [ app_init ] --START--
INFO: Run Behavior\BuildLiteBehavior [ RunTime:0.000000s ]
INFO: [ app_init ] --END-- [ RunTime:0.000000s ]
INFO: [ app_begin ] --START--
INFO: Run Behavior\ReadHtmlCacheBehavior [ RunTime:0.002001s ]
INFO: [ app_begin ] --END-- [ RunTime:0.002001s ]
NOTIC: [8] Undefined index: username C:\xampp\htdocs\kicker\Application\Home\Controller\CommonController.class.php 第 10 行.
NOTIC: [8192] mysql_connect(): The mysql extension is deprecated and will be removed in the future: use mysqli or PDO instead C:\xampp\htdocs\kicker\ThinkPHP\Library\Think\Db\Driver\Mysql.class.php 第 52 行.
NOTIC: [2] mysql_connect(): Access denied for user 'root'@'localhost' (using password: YES) C:\xampp\htdocs\kicker\ThinkPHP\Library\Think\Db\Driver\Mysql.class.php 第 52 行.
ERR: Access denied for user 'root'@'localhost' (using password: YES)

[ 2015-04-20T15:15:31+08:00 ] 127.0.0.1 /kicker/
INFO: [ app_init ] --START--
INFO: Run Behavior\BuildLiteBehavior [ RunTime:0.000000s ]
INFO: [ app_init ] --END-- [ RunTime:0.000000s ]
INFO: [ app_begin ] --START--
INFO: Run Behavior\ReadHtmlCacheBehavior [ RunTime:0.001000s ]
INFO: [ app_begin ] --END-- [ RunTime:0.001000s ]
NOTIC: [8] Undefined index: username C:\xampp\htdocs\kicker\Application\Home\Controller\CommonController.class.php 第 10 行.
NOTIC: [8192] mysql_connect(): The mysql extension is deprecated and will be removed in the future: use mysqli or PDO instead C:\xampp\htdocs\kicker\ThinkPHP\Library\Think\Db\Driver\Mysql.class.php 第 52 行.
NOTIC: [2] mysql_connect(): Access denied for user 'root'@'localhost' (using password: YES) C:\xampp\htdocs\kicker\ThinkPHP\Library\Think\Db\Driver\Mysql.class.php 第 52 行.
ERR: Access denied for user 'root'@'localhost' (using password: YES)

[ 2015-04-20T15:15:32+08:00 ] 127.0.0.1 /kicker/
INFO: [ app_init ] --START--
INFO: Run Behavior\BuildLiteBehavior [ RunTime:0.000000s ]
INFO: [ app_init ] --END-- [ RunTime:0.000000s ]
INFO: [ app_begin ] --START--
INFO: Run Behavior\ReadHtmlCacheBehavior [ RunTime:0.001000s ]
INFO: [ app_begin ] --END-- [ RunTime:0.001000s ]
NOTIC: [8] Undefined index: username C:\xampp\htdocs\kicker\Application\Home\Controller\CommonController.class.php 第 10 行.
NOTIC: [8192] mysql_connect(): The mysql extension is deprecated and will be removed in the future: use mysqli or PDO instead C:\xampp\htdocs\kicker\ThinkPHP\Library\Think\Db\Driver\Mysql.class.php 第 52 行.
NOTIC: [2] mysql_connect(): Access denied for user 'root'@'localhost' (using password: YES) C:\xampp\htdocs\kicker\ThinkPHP\Library\Think\Db\Driver\Mysql.class.php 第 52 行.
ERR: Access denied for user 'root'@'localhost' (using password: YES)

[ 2015-04-20T15:15:34+08:00 ] 127.0.0.1 /kicker/
INFO: [ app_init ] --START--
INFO: Run Behavior\BuildLiteBehavior [ RunTime:0.000000s ]
INFO: [ app_init ] --END-- [ RunTime:0.001000s ]
INFO: [ app_begin ] --START--
INFO: Run Behavior\ReadHtmlCacheBehavior [ RunTime:0.001000s ]
INFO: [ app_begin ] --END-- [ RunTime:0.001000s ]
NOTIC: [8] Undefined index: username C:\xampp\htdocs\kicker\Application\Home\Controller\CommonController.class.php 第 10 行.
NOTIC: [8192] mysql_connect(): The mysql extension is deprecated and will be removed in the future: use mysqli or PDO instead C:\xampp\htdocs\kicker\ThinkPHP\Library\Think\Db\Driver\Mysql.class.php 第 52 行.
NOTIC: [2] mysql_connect(): Access denied for user 'root'@'localhost' (using password: YES) C:\xampp\htdocs\kicker\ThinkPHP\Library\Think\Db\Driver\Mysql.class.php 第 52 行.
ERR: Access denied for user 'root'@'localhost' (using password: YES)

[ 2015-04-20T15:16:06+08:00 ] 127.0.0.1 /kicker/
INFO: [ app_init ] --START--
INFO: Run Behavior\BuildLiteBehavior [ RunTime:0.000000s ]
INFO: [ app_init ] --END-- [ RunTime:0.000000s ]
INFO: [ app_begin ] --START--
INFO: Run Behavior\ReadHtmlCacheBehavior [ RunTime:0.000000s ]
INFO: [ app_begin ] --END-- [ RunTime:0.000000s ]
NOTIC: [8] Undefined index: username C:\xampp\htdocs\kicker\Application\Home\Controller\CommonController.class.php 第 10 行.
NOTIC: [8192] mysql_connect(): The mysql extension is deprecated and will be removed in the future: use mysqli or PDO instead C:\xampp\htdocs\kicker\ThinkPHP\Library\Think\Db\Driver\Mysql.class.php 第 52 行.
SQL: SHOW COLUMNS FROM `hy_goods` [ RunTime:0.024002s ]
SQL: SELECT * FROM `hy_goods` WHERE `cid` = 1 LIMIT 8   [ RunTime:0.006000s ]
SQL: SELECT * FROM `hy_goods` WHERE `cid` = 3 LIMIT 8   [ RunTime:0.000000s ]
SQL: SELECT * FROM `hy_goods` WHERE `cid` = 4 LIMIT 8   [ RunTime:0.000000s ]
INFO: [ view_parse ] --START--
INFO: [ template_filter ] --START--
INFO: Run Behavior\ContentReplaceBehavior [ RunTime:0.000000s ]
INFO: [ template_filter ] --END-- [ RunTime:0.000000s ]
INFO: Run Behavior\ParseTemplateBehavior [ RunTime:0.080005s ]
INFO: [ view_parse ] --END-- [ RunTime:0.080005s ]
INFO: [ view_filter ] --START--
INFO: Run Behavior\WriteHtmlCacheBehavior [ RunTime:0.027001s ]
INFO: [ view_filter ] --END-- [ RunTime:0.027001s ]
INFO: [ app_end ] --START--
INFO: Run Behavior\ShowPageTraceBehavior [ RunTime:0.027002s ]
INFO: [ app_end ] --END-- [ RunTime:0.027002s ]

[ 2015-04-20T15:16:39+08:00 ] 127.0.0.1 /kicker/Home/Detail/index.html?gid=4
INFO: [ app_init ] --START--
INFO: Run Behavior\BuildLiteBehavior [ RunTime:0.000000s ]
INFO: [ app_init ] --END-- [ RunTime:0.000000s ]
INFO: [ app_begin ] --START--
INFO: Run Behavior\ReadHtmlCacheBehavior [ RunTime:0.001000s ]
INFO: [ app_begin ] --END-- [ RunTime:0.001000s ]
NOTIC: [8] Undefined index: username C:\xampp\htdocs\kicker\Application\Home\Controller\CommonController.class.php 第 10 行.
NOTIC: [8192] mysql_connect(): The mysql extension is deprecated and will be removed in the future: use mysqli or PDO instead C:\xampp\htdocs\kicker\ThinkPHP\Library\Think\Db\Driver\Mysql.class.php 第 52 行.
SQL: SHOW COLUMNS FROM `hy_goods` [ RunTime:0.002000s ]
SQL: SELECT * FROM `hy_goods` WHERE `gid` = 4 LIMIT 1   [ RunTime:0.000000s ]
SQL: SHOW COLUMNS FROM `hy_goods` [ RunTime:0.003000s ]
SQL: SELECT `gid`,`main_title`,`goods_img`,`price`,`buy` FROM `hy_goods` WHERE `cid` = 1 LIMIT 5   [ RunTime:0.000000s ]
SQL: SELECT `gid`,`main_title`,`goods_img`,`price`,`buy` FROM `hy_goods` ORDER BY buy desc LIMIT 5   [ RunTime:0.000000s ]
SQL: SHOW COLUMNS FROM `hy_comment` [ RunTime:0.026001s ]
SQL: SHOW COLUMNS FROM `hy_user` [ RunTime:0.027002s ]
SQL: SELECT Comment.user_id AS user_id,Comment.goods_id AS goods_id,Comment.time AS time,Comment.content AS content,User.uname AS uname,User.head_image AS head_image FROM hy_comment Comment  JOIN hy_user User ON Comment.user_id = User.uid WHERE Comment.goods_id = '4' ORDER BY Comment.time desc  [ RunTime:0.016001s ]
SQL: SELECT count(comm_id) as c,sum(rating) as s FROM hy_comment Comment  JOIN hy_user User ON Comment.user_id = User.uid WHERE Comment.goods_id = '4' LIMIT 1   [ RunTime:0.000000s ]
NOTIC: [2] Division by zero C:\xampp\htdocs\kicker\Application\Home\Model\CommentViewModel.class.php 第 27 行.
INFO: [ view_parse ] --START--
INFO: [ template_filter ] --START--
INFO: Run Behavior\ContentReplaceBehavior [ RunTime:0.000000s ]
INFO: [ template_filter ] --END-- [ RunTime:0.000000s ]
INFO: Run Behavior\ParseTemplateBehavior [ RunTime:0.032002s ]
INFO: [ view_parse ] --END-- [ RunTime:0.032002s ]
INFO: [ view_filter ] --START--
INFO: Run Behavior\WriteHtmlCacheBehavior [ RunTime:0.001000s ]
INFO: [ view_filter ] --END-- [ RunTime:0.001000s ]
INFO: [ app_end ] --START--
INFO: Run Behavior\ShowPageTraceBehavior [ RunTime:0.001000s ]
INFO: [ app_end ] --END-- [ RunTime:0.001000s ]

[ 2015-04-20T15:16:42+08:00 ] 127.0.0.1 /kicker/Home/Detail/index.html?gid=7
INFO: [ app_init ] --START--
INFO: Run Behavior\BuildLiteBehavior [ RunTime:0.000000s ]
INFO: [ app_init ] --END-- [ RunTime:0.001000s ]
INFO: [ app_begin ] --START--
INFO: Run Behavior\ReadHtmlCacheBehavior [ RunTime:0.001000s ]
INFO: [ app_begin ] --END-- [ RunTime:0.001000s ]
NOTIC: [8] Undefined index: username C:\xampp\htdocs\kicker\Application\Home\Controller\CommonController.class.php 第 10 行.
NOTIC: [8192] mysql_connect(): The mysql extension is deprecated and will be removed in the future: use mysqli or PDO instead C:\xampp\htdocs\kicker\ThinkPHP\Library\Think\Db\Driver\Mysql.class.php 第 52 行.
SQL: SHOW COLUMNS FROM `hy_goods` [ RunTime:0.002000s ]
SQL: SELECT * FROM `hy_goods` WHERE `gid` = 7 LIMIT 1   [ RunTime:0.001000s ]
SQL: SHOW COLUMNS FROM `hy_goods` [ RunTime:0.002000s ]
SQL: SELECT `gid`,`main_title`,`goods_img`,`price`,`buy` FROM `hy_goods` WHERE `cid` = 1 LIMIT 5   [ RunTime:0.001001s ]
SQL: SELECT `gid`,`main_title`,`goods_img`,`price`,`buy` FROM `hy_goods` ORDER BY buy desc LIMIT 5   [ RunTime:0.000000s ]
SQL: SHOW COLUMNS FROM `hy_comment` [ RunTime:0.003000s ]
SQL: SHOW COLUMNS FROM `hy_user` [ RunTime:0.002000s ]
SQL: SELECT Comment.user_id AS user_id,Comment.goods_id AS goods_id,Comment.time AS time,Comment.content AS content,User.uname AS uname,User.head_image AS head_image FROM hy_comment Comment  JOIN hy_user User ON Comment.user_id = User.uid WHERE Comment.goods_id = '7' ORDER BY Comment.time desc  [ RunTime:0.000000s ]
SQL: SELECT count(comm_id) as c,sum(rating) as s FROM hy_comment Comment  JOIN hy_user User ON Comment.user_id = User.uid WHERE Comment.goods_id = '7' LIMIT 1   [ RunTime:0.000000s ]
NOTIC: [2] Division by zero C:\xampp\htdocs\kicker\Application\Home\Model\CommentViewModel.class.php 第 27 行.
INFO: [ view_parse ] --START--
INFO: [ template_filter ] --START--
INFO: Run Behavior\ContentReplaceBehavior [ RunTime:0.000000s ]
INFO: [ template_filter ] --END-- [ RunTime:0.000000s ]
INFO: Run Behavior\ParseTemplateBehavior [ RunTime:0.016001s ]
INFO: [ view_parse ] --END-- [ RunTime:0.016001s ]
INFO: [ view_filter ] --START--
INFO: Run Behavior\WriteHtmlCacheBehavior [ RunTime:0.001000s ]
INFO: [ view_filter ] --END-- [ RunTime:0.001000s ]
INFO: [ app_end ] --START--
INFO: Run Behavior\ShowPageTraceBehavior [ RunTime:0.001000s ]
INFO: [ app_end ] --END-- [ RunTime:0.001000s ]

[ 2015-04-20T15:16:45+08:00 ] 127.0.0.1 /kicker/Home/Detail/index.html?gid=3
INFO: [ app_init ] --START--
INFO: Run Behavior\BuildLiteBehavior [ RunTime:0.000000s ]
INFO: [ app_init ] --END-- [ RunTime:0.000000s ]
INFO: [ app_begin ] --START--
INFO: Run Behavior\ReadHtmlCacheBehavior [ RunTime:0.001000s ]
INFO: [ app_begin ] --END-- [ RunTime:0.001000s ]
NOTIC: [8] Undefined index: username C:\xampp\htdocs\kicker\Application\Home\Controller\CommonController.class.php 第 10 行.
NOTIC: [8192] mysql_connect(): The mysql extension is deprecated and will be removed in the future: use mysqli or PDO instead C:\xampp\htdocs\kicker\ThinkPHP\Library\Think\Db\Driver\Mysql.class.php 第 52 行.
SQL: SHOW COLUMNS FROM `hy_goods` [ RunTime:0.002000s ]
SQL: SELECT * FROM `hy_goods` WHERE `gid` = 3 LIMIT 1   [ RunTime:0.000000s ]
SQL: SHOW COLUMNS FROM `hy_goods` [ RunTime:0.003000s ]
SQL: SELECT `gid`,`main_title`,`goods_img`,`price`,`buy` FROM `hy_goods` WHERE `cid` = 1 LIMIT 5   [ RunTime:0.000000s ]
SQL: SELECT `gid`,`main_title`,`goods_img`,`price`,`buy` FROM `hy_goods` ORDER BY buy desc LIMIT 5   [ RunTime:0.000000s ]
SQL: SHOW COLUMNS FROM `hy_comment` [ RunTime:0.002000s ]
SQL: SHOW COLUMNS FROM `hy_user` [ RunTime:0.002000s ]
SQL: SELECT Comment.user_id AS user_id,Comment.goods_id AS goods_id,Comment.time AS time,Comment.content AS content,User.uname AS uname,User.head_image AS head_image FROM hy_comment Comment  JOIN hy_user User ON Comment.user_id = User.uid WHERE Comment.goods_id = '3' ORDER BY Comment.time desc  [ RunTime:0.000000s ]
SQL: SELECT count(comm_id) as c,sum(rating) as s FROM hy_comment Comment  JOIN hy_user User ON Comment.user_id = User.uid WHERE Comment.goods_id = '3' LIMIT 1   [ RunTime:0.001001s ]
INFO: [ view_parse ] --START--
INFO: [ template_filter ] --START--
INFO: Run Behavior\ContentReplaceBehavior [ RunTime:0.000000s ]
INFO: [ template_filter ] --END-- [ RunTime:0.000000s ]
INFO: Run Behavior\ParseTemplateBehavior [ RunTime:0.017000s ]
INFO: [ view_parse ] --END-- [ RunTime:0.017000s ]
INFO: [ view_filter ] --START--
INFO: Run Behavior\WriteHtmlCacheBehavior [ RunTime:0.001001s ]
INFO: [ view_filter ] --END-- [ RunTime:0.001001s ]
INFO: [ app_end ] --START--
INFO: Run Behavior\ShowPageTraceBehavior [ RunTime:0.001000s ]
INFO: [ app_end ] --END-- [ RunTime:0.001000s ]

[ 2015-04-20T15:16:59+08:00 ] 127.0.0.1 /kicker/
INFO: [ app_init ] --START--
INFO: Run Behavior\BuildLiteBehavior [ RunTime:0.000000s ]
INFO: [ app_init ] --END-- [ RunTime:0.001000s ]
INFO: [ app_begin ] --START--
INFO: Run Behavior\ReadHtmlCacheBehavior [ RunTime:0.000000s ]
INFO: [ app_begin ] --END-- [ RunTime:0.000000s ]
NOTIC: [8] Undefined index: username C:\xampp\htdocs\kicker\Application\Home\Controller\CommonController.class.php 第 10 行.
NOTIC: [8192] mysql_connect(): The mysql extension is deprecated and will be removed in the future: use mysqli or PDO instead C:\xampp\htdocs\kicker\ThinkPHP\Library\Think\Db\Driver\Mysql.class.php 第 52 行.
SQL: SHOW COLUMNS FROM `hy_goods` [ RunTime:0.002000s ]
SQL: SELECT * FROM `hy_goods` WHERE `cid` = 1 LIMIT 8   [ RunTime:0.001000s ]
SQL: SELECT * FROM `hy_goods` WHERE `cid` = 3 LIMIT 8   [ RunTime:0.000000s ]
SQL: SELECT * FROM `hy_goods` WHERE `cid` = 4 LIMIT 8   [ RunTime:0.000000s ]
INFO: [ view_parse ] --START--
INFO: [ template_filter ] --START--
INFO: Run Behavior\ContentReplaceBehavior [ RunTime:0.000000s ]
INFO: [ template_filter ] --END-- [ RunTime:0.000000s ]
INFO: Run Behavior\ParseTemplateBehavior [ RunTime:0.013001s ]
INFO: [ view_parse ] --END-- [ RunTime:0.013001s ]
INFO: [ view_filter ] --START--
INFO: Run Behavior\WriteHtmlCacheBehavior [ RunTime:0.001000s ]
INFO: [ view_filter ] --END-- [ RunTime:0.001000s ]
INFO: [ app_end ] --START--
INFO: Run Behavior\ShowPageTraceBehavior [ RunTime:0.000000s ]
INFO: [ app_end ] --END-- [ RunTime:0.000000s ]

[ 2015-04-20T15:17:01+08:00 ] 127.0.0.1 /kicker/Home/Detail/index.html?gid=3
INFO: [ app_init ] --START--
INFO: Run Behavior\BuildLiteBehavior [ RunTime:0.000000s ]
INFO: [ app_init ] --END-- [ RunTime:0.001000s ]
INFO: [ app_begin ] --START--
INFO: Run Behavior\ReadHtmlCacheBehavior [ RunTime:0.000000s ]
INFO: [ app_begin ] --END-- [ RunTime:0.000000s ]
NOTIC: [8] Undefined index: username C:\xampp\htdocs\kicker\Application\Home\Controller\CommonController.class.php 第 10 行.
NOTIC: [8192] mysql_connect(): The mysql extension is deprecated and will be removed in the future: use mysqli or PDO instead C:\xampp\htdocs\kicker\ThinkPHP\Library\Think\Db\Driver\Mysql.class.php 第 52 行.
SQL: SHOW COLUMNS FROM `hy_goods` [ RunTime:0.003000s ]
SQL: SELECT * FROM `hy_goods` WHERE `gid` = 3 LIMIT 1   [ RunTime:0.001000s ]
SQL: SHOW COLUMNS FROM `hy_goods` [ RunTime:0.002000s ]
SQL: SELECT `gid`,`main_title`,`goods_img`,`price`,`buy` FROM `hy_goods` WHERE `cid` = 1 LIMIT 5   [ RunTime:0.000000s ]
SQL: SELECT `gid`,`main_title`,`goods_img`,`price`,`buy` FROM `hy_goods` ORDER BY buy desc LIMIT 5   [ RunTime:0.000000s ]
SQL: SHOW COLUMNS FROM `hy_comment` [ RunTime:0.002000s ]
SQL: SHOW COLUMNS FROM `hy_user` [ RunTime:0.002001s ]
SQL: SELECT Comment.user_id AS user_id,Comment.goods_id AS goods_id,Comment.time AS time,Comment.content AS content,User.uname AS uname,User.head_image AS head_image FROM hy_comment Comment  JOIN hy_user User ON Comment.user_id = User.uid WHERE Comment.goods_id = '3' ORDER BY Comment.time desc  [ RunTime:0.000000s ]
SQL: SELECT count(comm_id) as c,sum(rating) as s FROM hy_comment Comment  JOIN hy_user User ON Comment.user_id = User.uid WHERE Comment.goods_id = '3' LIMIT 1   [ RunTime:0.001000s ]
INFO: [ view_parse ] --START--
INFO: [ template_filter ] --START--
INFO: Run Behavior\ContentReplaceBehavior [ RunTime:0.000000s ]
INFO: [ template_filter ] --END-- [ RunTime:0.000000s ]
INFO: Run Behavior\ParseTemplateBehavior [ RunTime:0.017001s ]
INFO: [ view_parse ] --END-- [ RunTime:0.017001s ]
INFO: [ view_filter ] --START--
INFO: Run Behavior\WriteHtmlCacheBehavior [ RunTime:0.000000s ]
INFO: [ view_filter ] --END-- [ RunTime:0.000000s ]
INFO: [ app_end ] --START--
INFO: Run Behavior\ShowPageTraceBehavior [ RunTime:0.001000s ]
INFO: [ app_end ] --END-- [ RunTime:0.001000s ]

[ 2015-04-20T15:20:17+08:00 ] 127.0.0.1 /kicker/Home/Detail/index.html?gid=3
INFO: [ app_init ] --START--
INFO: Run Behavior\BuildLiteBehavior [ RunTime:0.000000s ]
INFO: [ app_init ] --END-- [ RunTime:0.001000s ]
INFO: [ app_begin ] --START--
INFO: Run Behavior\ReadHtmlCacheBehavior [ RunTime:0.001000s ]
INFO: [ app_begin ] --END-- [ RunTime:0.001000s ]
NOTIC: [8] Undefined index: username C:\xampp\htdocs\kicker\Application\Home\Controller\CommonController.class.php 第 10 行.
NOTIC: [8192] mysql_connect(): The mysql extension is deprecated and will be removed in the future: use mysqli or PDO instead C:\xampp\htdocs\kicker\ThinkPHP\Library\Think\Db\Driver\Mysql.class.php 第 52 行.
SQL: SHOW COLUMNS FROM `hy_goods` [ RunTime:0.003000s ]
SQL: SELECT `main_title`,`gid`,`goods_img`,`price` FROM `hy_goods` WHERE `gid` = 3 LIMIT 1   [ RunTime:0.000000s ]
NOTIC: [8] Undefined index: goods_attr C:\xampp\htdocs\kicker\Application\Member\Controller\CartController.class.php 第 77 行.
NOTIC: [8] Undefined index: cart_id C:\xampp\htdocs\kicker\Application\Member\Controller\CartController.class.php 第 81 行.
SQL: SELECT * FROM `hy_goods` WHERE `gid` = 3 LIMIT 1   [ RunTime:0.000000s ]
SQL: SHOW COLUMNS FROM `hy_goods` [ RunTime:0.002000s ]
SQL: SELECT `gid`,`main_title`,`goods_img`,`price`,`buy` FROM `hy_goods` WHERE `cid` = 1 LIMIT 5   [ RunTime:0.000000s ]
SQL: SELECT `gid`,`main_title`,`goods_img`,`price`,`buy` FROM `hy_goods` ORDER BY buy desc LIMIT 5   [ RunTime:0.000000s ]
SQL: SHOW COLUMNS FROM `hy_comment` [ RunTime:0.002000s ]
SQL: SHOW COLUMNS FROM `hy_user` [ RunTime:0.002000s ]
SQL: SELECT Comment.user_id AS user_id,Comment.goods_id AS goods_id,Comment.time AS time,Comment.content AS content,User.uname AS uname,User.head_image AS head_image FROM hy_comment Comment  JOIN hy_user User ON Comment.user_id = User.uid WHERE Comment.goods_id = '3' ORDER BY Comment.time desc  [ RunTime:0.001000s ]
SQL: SELECT count(comm_id) as c,sum(rating) as s FROM hy_comment Comment  JOIN hy_user User ON Comment.user_id = User.uid WHERE Comment.goods_id = '3' LIMIT 1   [ RunTime:0.000000s ]
INFO: [ view_parse ] --START--
INFO: [ template_filter ] --START--
INFO: Run Behavior\ContentReplaceBehavior [ RunTime:0.000000s ]
INFO: [ template_filter ] --END-- [ RunTime:0.000000s ]
INFO: Run Behavior\ParseTemplateBehavior [ RunTime:0.017001s ]
INFO: [ view_parse ] --END-- [ RunTime:0.017001s ]
INFO: [ view_filter ] --START--
INFO: Run Behavior\WriteHtmlCacheBehavior [ RunTime:0.000000s ]
INFO: [ view_filter ] --END-- [ RunTime:0.000000s ]
INFO: [ app_end ] --START--
INFO: Run Behavior\ShowPageTraceBehavior [ RunTime:0.001000s ]
INFO: [ app_end ] --END-- [ RunTime:0.001000s ]

[ 2015-04-20T15:26:58+08:00 ] 127.0.0.1 /kicker/Home/index/index.html
INFO: [ app_init ] --START--
INFO: Run Behavior\BuildLiteBehavior [ RunTime:0.000000s ]
INFO: [ app_init ] --END-- [ RunTime:0.001000s ]
INFO: [ app_begin ] --START--
INFO: Run Behavior\ReadHtmlCacheBehavior [ RunTime:0.000000s ]
INFO: [ app_begin ] --END-- [ RunTime:0.001000s ]
NOTIC: [8] Undefined index: username C:\xampp\htdocs\kicker\Application\Home\Controller\CommonController.class.php 第 10 行.
NOTIC: [8192] mysql_connect(): The mysql extension is deprecated and will be removed in the future: use mysqli or PDO instead C:\xampp\htdocs\kicker\ThinkPHP\Library\Think\Db\Driver\Mysql.class.php 第 52 行.
SQL: SHOW COLUMNS FROM `hy_goods` [ RunTime:0.003000s ]
SQL: SELECT `main_title`,`gid`,`goods_img`,`price` FROM `hy_goods` WHERE `gid` = 3 LIMIT 1   [ RunTime:0.001000s ]
NOTIC: [8] Undefined index: goods_attr C:\xampp\htdocs\kicker\Application\Member\Controller\CartController.class.php 第 77 行.
NOTIC: [8] Undefined index: cart_id C:\xampp\htdocs\kicker\Application\Member\Controller\CartController.class.php 第 81 行.
SQL: SELECT * FROM `hy_goods` WHERE `cid` = 1 LIMIT 8   [ RunTime:0.000000s ]
SQL: SELECT * FROM `hy_goods` WHERE `cid` = 3 LIMIT 8   [ RunTime:0.000000s ]
SQL: SELECT * FROM `hy_goods` WHERE `cid` = 4 LIMIT 8   [ RunTime:0.000000s ]
INFO: [ view_parse ] --START--
INFO: [ template_filter ] --START--
INFO: Run Behavior\ContentReplaceBehavior [ RunTime:0.000000s ]
INFO: [ template_filter ] --END-- [ RunTime:0.000000s ]
INFO: Run Behavior\ParseTemplateBehavior [ RunTime:0.014001s ]
INFO: [ view_parse ] --END-- [ RunTime:0.014001s ]
INFO: [ view_filter ] --START--
INFO: Run Behavior\WriteHtmlCacheBehavior [ RunTime:0.001000s ]
INFO: [ view_filter ] --END-- [ RunTime:0.001000s ]
INFO: [ app_end ] --START--
INFO: Run Behavior\ShowPageTraceBehavior [ RunTime:0.001000s ]
INFO: [ app_end ] --END-- [ RunTime:0.001000s ]

[ 2015-04-20T15:38:50+08:00 ] 127.0.0.1 /kicker/Home/index/index.html
INFO: [ app_init ] --START--
INFO: Run Behavior\BuildLiteBehavior [ RunTime:0.000000s ]
INFO: [ app_init ] --END-- [ RunTime:0.001000s ]
INFO: [ app_begin ] --START--
INFO: Run Behavior\ReadHtmlCacheBehavior [ RunTime:0.001000s ]
INFO: [ app_begin ] --END-- [ RunTime:0.001000s ]
NOTIC: [8192] mysql_connect(): The mysql extension is deprecated and will be removed in the future: use mysqli or PDO instead C:\xampp\htdocs\kicker\ThinkPHP\Library\Think\Db\Driver\Mysql.class.php 第 52 行.
SQL: SHOW COLUMNS FROM `hy_cart` [ RunTime:0.026001s ]
SQL: SHOW COLUMNS FROM `hy_goods` [ RunTime:0.003000s ]
SQL: SELECT Cart.cart_id AS cart_id FROM hy_cart Cart  JOIN hy_goods Goods ON Cart.goods_id = Goods.gid WHERE `goods_id` = 3 AND Cart.user_id = 13 LIMIT 1   [ RunTime:0.016001s ]
SQL: SHOW COLUMNS FROM `hy_cart` [ RunTime:0.003000s ]
SQL: INSERT INTO `hy_cart` (`user_id`,`goods_id`,`goods_num`,`goods_attr`) VALUES (13,3,3,'\n									M								') [ RunTime:0.061004s ]
SQL: SELECT Cart.cart_id AS cart_id,Cart.goods_num AS goods_num,Cart.goods_attr AS goods_attr,Goods.main_title AS main_title,Goods.gid AS gid,Goods.goods_img AS goods_img,Goods.price AS price FROM hy_cart Cart  JOIN hy_goods Goods ON Cart.goods_id = Goods.gid WHERE Cart.user_id = '13'  [ RunTime:0.001000s ]
SQL: SHOW COLUMNS FROM `hy_goods` [ RunTime:0.005000s ]
SQL: SELECT * FROM `hy_goods` WHERE `cid` = 1 LIMIT 8   [ RunTime:0.001000s ]
SQL: SELECT * FROM `hy_goods` WHERE `cid` = 3 LIMIT 8   [ RunTime:0.001000s ]
SQL: SELECT * FROM `hy_goods` WHERE `cid` = 4 LIMIT 8   [ RunTime:0.001000s ]
INFO: [ view_parse ] --START--
INFO: [ template_filter ] --START--
INFO: Run Behavior\ContentReplaceBehavior [ RunTime:0.000000s ]
INFO: [ template_filter ] --END-- [ RunTime:0.000000s ]
INFO: Run Behavior\ParseTemplateBehavior [ RunTime:0.022002s ]
INFO: [ view_parse ] --END-- [ RunTime:0.022002s ]
INFO: [ view_filter ] --START--
INFO: Run Behavior\WriteHtmlCacheBehavior [ RunTime:0.001000s ]
INFO: [ view_filter ] --END-- [ RunTime:0.001000s ]
INFO: [ app_end ] --START--
INFO: Run Behavior\ShowPageTraceBehavior [ RunTime:0.000000s ]
INFO: [ app_end ] --END-- [ RunTime:0.001000s ]

[ 2015-04-20T15:40:43+08:00 ] 127.0.0.1 /kicker/Home/index/index.html
INFO: [ app_init ] --START--
INFO: Run Behavior\BuildLiteBehavior [ RunTime:0.000000s ]
INFO: [ app_init ] --END-- [ RunTime:0.000000s ]
INFO: [ app_begin ] --START--
INFO: Run Behavior\ReadHtmlCacheBehavior [ RunTime:0.001000s ]
INFO: [ app_begin ] --END-- [ RunTime:0.001000s ]
NOTIC: [8] Undefined index: username C:\xampp\htdocs\kicker\Application\Home\Controller\CommonController.class.php 第 10 行.
NOTIC: [8192] mysql_connect(): The mysql extension is deprecated and will be removed in the future: use mysqli or PDO instead C:\xampp\htdocs\kicker\ThinkPHP\Library\Think\Db\Driver\Mysql.class.php 第 52 行.
SQL: SHOW COLUMNS FROM `hy_goods` [ RunTime:0.003000s ]
SQL: SELECT * FROM `hy_goods` WHERE `cid` = 1 LIMIT 8   [ RunTime:0.001000s ]
SQL: SELECT * FROM `hy_goods` WHERE `cid` = 3 LIMIT 8   [ RunTime:0.000000s ]
SQL: SELECT * FROM `hy_goods` WHERE `cid` = 4 LIMIT 8   [ RunTime:0.001000s ]
INFO: [ view_parse ] --START--
INFO: [ template_filter ] --START--
INFO: Run Behavior\ContentReplaceBehavior [ RunTime:0.000000s ]
INFO: [ template_filter ] --END-- [ RunTime:0.001000s ]
INFO: Run Behavior\ParseTemplateBehavior [ RunTime:0.013001s ]
INFO: [ view_parse ] --END-- [ RunTime:0.014001s ]
INFO: [ view_filter ] --START--
INFO: Run Behavior\WriteHtmlCacheBehavior [ RunTime:0.000000s ]
INFO: [ view_filter ] --END-- [ RunTime:0.000000s ]
INFO: [ app_end ] --START--
INFO: Run Behavior\ShowPageTraceBehavior [ RunTime:0.001000s ]
INFO: [ app_end ] --END-- [ RunTime:0.001000s ]

[ 2015-04-20T16:43:31+08:00 ] 127.0.0.1 /kicker/Home/Detail/index.html?gid=19
INFO: [ app_init ] --START--
INFO: Run Behavior\BuildLiteBehavior [ RunTime:0.000000s ]
INFO: [ app_init ] --END-- [ RunTime:0.001000s ]
INFO: [ app_begin ] --START--
INFO: Run Behavior\ReadHtmlCacheBehavior [ RunTime:0.001000s ]
INFO: [ app_begin ] --END-- [ RunTime:0.001000s ]
NOTIC: [8] Undefined index: username C:\xampp\htdocs\kicker\Application\Home\Controller\CommonController.class.php 第 10 行.
NOTIC: [8192] mysql_connect(): The mysql extension is deprecated and will be removed in the future: use mysqli or PDO instead C:\xampp\htdocs\kicker\ThinkPHP\Library\Think\Db\Driver\Mysql.class.php 第 52 行.
SQL: SHOW COLUMNS FROM `hy_goods` [ RunTime:0.003000s ]
SQL: SELECT * FROM `hy_goods` WHERE `gid` = 19 LIMIT 1   [ RunTime:0.000000s ]
SQL: SHOW COLUMNS FROM `hy_goods` [ RunTime:0.002000s ]
SQL: SELECT `gid`,`main_title`,`goods_img`,`price`,`buy` FROM `hy_goods` WHERE `cid` = 4 LIMIT 5   [ RunTime:0.000000s ]
SQL: SELECT `gid`,`main_title`,`goods_img`,`price`,`buy` FROM `hy_goods` ORDER BY buy desc LIMIT 5   [ RunTime:0.001000s ]
SQL: SHOW COLUMNS FROM `hy_comment` [ RunTime:0.002000s ]
SQL: SHOW COLUMNS FROM `hy_user` [ RunTime:0.003000s ]
SQL: SELECT Comment.user_id AS user_id,Comment.goods_id AS goods_id,Comment.time AS time,Comment.content AS content,User.uname AS uname,User.head_image AS head_image FROM hy_comment Comment  JOIN hy_user User ON Comment.user_id = User.uid WHERE Comment.goods_id = '19' ORDER BY Comment.time desc  [ RunTime:0.000000s ]
SQL: SELECT count(comm_id) as c,sum(rating) as s FROM hy_comment Comment  JOIN hy_user User ON Comment.user_id = User.uid WHERE Comment.goods_id = '19' LIMIT 1   [ RunTime:0.000000s ]
NOTIC: [2] Division by zero C:\xampp\htdocs\kicker\Application\Home\Model\CommentViewModel.class.php 第 27 行.
INFO: [ view_parse ] --START--
INFO: [ template_filter ] --START--
INFO: Run Behavior\ContentReplaceBehavior [ RunTime:0.001001s ]
INFO: [ template_filter ] --END-- [ RunTime:0.001001s ]
INFO: Run Behavior\ParseTemplateBehavior [ RunTime:0.081005s ]
INFO: [ view_parse ] --END-- [ RunTime:0.082005s ]
INFO: [ view_filter ] --START--
INFO: Run Behavior\WriteHtmlCacheBehavior [ RunTime:0.026002s ]
INFO: [ view_filter ] --END-- [ RunTime:0.026002s ]
INFO: [ app_end ] --START--
INFO: Run Behavior\ShowPageTraceBehavior [ RunTime:0.035002s ]
INFO: [ app_end ] --END-- [ RunTime:0.035002s ]

[ 2015-04-20T16:43:35+08:00 ] 127.0.0.1 /kicker/Home/Detail/index.html?gid=11
INFO: [ app_init ] --START--
INFO: Run Behavior\BuildLiteBehavior [ RunTime:0.000000s ]
INFO: [ app_init ] --END-- [ RunTime:0.001000s ]
INFO: [ app_begin ] --START--
INFO: Run Behavior\ReadHtmlCacheBehavior [ RunTime:0.002000s ]
INFO: [ app_begin ] --END-- [ RunTime:0.002000s ]
NOTIC: [8] Undefined index: username C:\xampp\htdocs\kicker\Application\Home\Controller\CommonController.class.php 第 10 行.
NOTIC: [8192] mysql_connect(): The mysql extension is deprecated and will be removed in the future: use mysqli or PDO instead C:\xampp\htdocs\kicker\ThinkPHP\Library\Think\Db\Driver\Mysql.class.php 第 52 行.
SQL: SHOW COLUMNS FROM `hy_goods` [ RunTime:0.003000s ]
SQL: SELECT * FROM `hy_goods` WHERE `gid` = 11 LIMIT 1   [ RunTime:0.000000s ]
NOTIC: [8] Undefined offset: 1 C:\xampp\htdocs\kicker\Application\Home\Controller\DetailController.class.php 第 26 行.
NOTIC: [8] Undefined offset: 2 C:\xampp\htdocs\kicker\Application\Home\Controller\DetailController.class.php 第 26 行.
SQL: SHOW COLUMNS FROM `hy_goods` [ RunTime:0.003000s ]
SQL: SELECT `gid`,`main_title`,`goods_img`,`price`,`buy` FROM `hy_goods` WHERE `cid` = 3 LIMIT 5   [ RunTime:0.001000s ]
SQL: SELECT `gid`,`main_title`,`goods_img`,`price`,`buy` FROM `hy_goods` ORDER BY buy desc LIMIT 5   [ RunTime:0.000000s ]
SQL: SHOW COLUMNS FROM `hy_comment` [ RunTime:0.002000s ]
SQL: SHOW COLUMNS FROM `hy_user` [ RunTime:0.003000s ]
SQL: SELECT Comment.user_id AS user_id,Comment.goods_id AS goods_id,Comment.time AS time,Comment.content AS content,User.uname AS uname,User.head_image AS head_image FROM hy_comment Comment  JOIN hy_user User ON Comment.user_id = User.uid WHERE Comment.goods_id = '11' ORDER BY Comment.time desc  [ RunTime:0.001000s ]
SQL: SELECT count(comm_id) as c,sum(rating) as s FROM hy_comment Comment  JOIN hy_user User ON Comment.user_id = User.uid WHERE Comment.goods_id = '11' LIMIT 1   [ RunTime:0.000000s ]
INFO: [ view_parse ] --START--
INFO: [ template_filter ] --START--
INFO: Run Behavior\ContentReplaceBehavior [ RunTime:0.000000s ]
INFO: [ template_filter ] --END-- [ RunTime:0.000000s ]
INFO: Run Behavior\ParseTemplateBehavior [ RunTime:0.017001s ]
INFO: [ view_parse ] --END-- [ RunTime:0.017001s ]
INFO: [ view_filter ] --START--
INFO: Run Behavior\WriteHtmlCacheBehavior [ RunTime:0.000000s ]
INFO: [ view_filter ] --END-- [ RunTime:0.000000s ]
INFO: [ app_end ] --START--
INFO: Run Behavior\ShowPageTraceBehavior [ RunTime:0.001000s ]
INFO: [ app_end ] --END-- [ RunTime:0.001000s ]

[ 2015-04-20T16:43:41+08:00 ] 127.0.0.1 /kicker/Home/Detail/index.html?gid=8
INFO: [ app_init ] --START--
INFO: Run Behavior\BuildLiteBehavior [ RunTime:0.000000s ]
INFO: [ app_init ] --END-- [ RunTime:0.000000s ]
INFO: [ app_begin ] --START--
INFO: Run Behavior\ReadHtmlCacheBehavior [ RunTime:0.000000s ]
INFO: [ app_begin ] --END-- [ RunTime:0.000000s ]
NOTIC: [8] Undefined index: username C:\xampp\htdocs\kicker\Application\Home\Controller\CommonController.class.php 第 10 行.
NOTIC: [8192] mysql_connect(): The mysql extension is deprecated and will be removed in the future: use mysqli or PDO instead C:\xampp\htdocs\kicker\ThinkPHP\Library\Think\Db\Driver\Mysql.class.php 第 52 行.
SQL: SHOW COLUMNS FROM `hy_goods` [ RunTime:0.003000s ]
SQL: SELECT * FROM `hy_goods` WHERE `gid` = 8 LIMIT 1   [ RunTime:0.000000s ]
SQL: SHOW COLUMNS FROM `hy_goods` [ RunTime:0.003000s ]
SQL: SELECT `gid`,`main_title`,`goods_img`,`price`,`buy` FROM `hy_goods` WHERE `cid` = 1 LIMIT 5   [ RunTime:0.000000s ]
SQL: SELECT `gid`,`main_title`,`goods_img`,`price`,`buy` FROM `hy_goods` ORDER BY buy desc LIMIT 5   [ RunTime:0.001000s ]
SQL: SHOW COLUMNS FROM `hy_comment` [ RunTime:0.003001s ]
SQL: SHOW COLUMNS FROM `hy_user` [ RunTime:0.002000s ]
SQL: SELECT Comment.user_id AS user_id,Comment.goods_id AS goods_id,Comment.time AS time,Comment.content AS content,User.uname AS uname,User.head_image AS head_image FROM hy_comment Comment  JOIN hy_user User ON Comment.user_id = User.uid WHERE Comment.goods_id = '8' ORDER BY Comment.time desc  [ RunTime:0.001000s ]
SQL: SELECT count(comm_id) as c,sum(rating) as s FROM hy_comment Comment  JOIN hy_user User ON Comment.user_id = User.uid WHERE Comment.goods_id = '8' LIMIT 1   [ RunTime:0.000000s ]
NOTIC: [2] Division by zero C:\xampp\htdocs\kicker\Application\Home\Model\CommentViewModel.class.php 第 27 行.
INFO: [ view_parse ] --START--
INFO: [ template_filter ] --START--
INFO: Run Behavior\ContentReplaceBehavior [ RunTime:0.000000s ]
INFO: [ template_filter ] --END-- [ RunTime:0.000000s ]
INFO: Run Behavior\ParseTemplateBehavior [ RunTime:0.017001s ]
INFO: [ view_parse ] --END-- [ RunTime:0.017001s ]
INFO: [ view_filter ] --START--
INFO: Run Behavior\WriteHtmlCacheBehavior [ RunTime:0.000000s ]
INFO: [ view_filter ] --END-- [ RunTime:0.000000s ]
INFO: [ app_end ] --START--
INFO: Run Behavior\ShowPageTraceBehavior [ RunTime:0.000000s ]
INFO: [ app_end ] --END-- [ RunTime:0.000000s ]

