[ 2015-01-09T09:53:39+08:00 ] 127.0.0.1 /kicker/
INFO: [ app_init ] --START--
INFO: Run Behavior\BuildLiteBehavior [ RunTime:0.000000s ]
INFO: [ app_init ] --END-- [ RunTime:0.001000s ]
INFO: [ app_begin ] --START--
INFO: Run Behavior\ReadHtmlCacheBehavior [ RunTime:0.001000s ]
INFO: [ app_begin ] --END-- [ RunTime:0.001000s ]
NOTIC: [8] Undefined index: username C:\xampp\htdocs\kicker\Application\Home\Controller\CommonController.class.php 第 10 行.
NOTIC: [8192] mysql_connect(): The mysql extension is deprecated and will be removed in the future: use mysqli or PDO instead C:\xampp\htdocs\kicker\ThinkPHP\Library\Think\Db\Driver\Mysql.class.php 第 52 行.
SQL: SHOW COLUMNS FROM `hy_goods` [ RunTime:0.029001s ]
SQL: SELECT * FROM `hy_goods` WHERE `cid` = 1 LIMIT 8   [ RunTime:0.006001s ]
SQL: SELECT * FROM `hy_goods` WHERE `cid` = 3 LIMIT 8   [ RunTime:0.001000s ]
SQL: SELECT * FROM `hy_goods` WHERE `cid` = 4 LIMIT 8   [ RunTime:0.001000s ]
INFO: [ view_parse ] --START--
INFO: [ template_filter ] --START--
INFO: Run Behavior\ContentReplaceBehavior [ RunTime:0.000000s ]
INFO: [ template_filter ] --END-- [ RunTime:0.000000s ]
INFO: Run Behavior\ParseTemplateBehavior [ RunTime:0.075004s ]
INFO: [ view_parse ] --END-- [ RunTime:0.075004s ]
INFO: [ view_filter ] --START--
INFO: Run Behavior\WriteHtmlCacheBehavior [ RunTime:0.000000s ]
INFO: [ view_filter ] --END-- [ RunTime:0.001000s ]
INFO: [ app_end ] --START--
INFO: Run Behavior\ShowPageTraceBehavior [ RunTime:0.002000s ]
INFO: [ app_end ] --END-- [ RunTime:0.002000s ]

[ 2015-01-09T09:53:41+08:00 ] 127.0.0.1 /kicker/Home/Detail/index.html?gid=3
INFO: [ app_init ] --START--
INFO: Run Behavior\BuildLiteBehavior [ RunTime:0.000000s ]
INFO: [ app_init ] --END-- [ RunTime:0.000000s ]
INFO: [ app_begin ] --START--
INFO: Run Behavior\ReadHtmlCacheBehavior [ RunTime:0.001000s ]
INFO: [ app_begin ] --END-- [ RunTime:0.001000s ]
NOTIC: [8] Undefined index: username C:\xampp\htdocs\kicker\Application\Home\Controller\CommonController.class.php 第 10 行.
NOTIC: [8192] mysql_connect(): The mysql extension is deprecated and will be removed in the future: use mysqli or PDO instead C:\xampp\htdocs\kicker\ThinkPHP\Library\Think\Db\Driver\Mysql.class.php 第 52 行.
SQL: SHOW COLUMNS FROM `hy_goods` [ RunTime:0.002001s ]
SQL: SELECT * FROM `hy_goods` WHERE `gid` = 3 LIMIT 1   [ RunTime:0.000000s ]
SQL: SHOW COLUMNS FROM `hy_goods` [ RunTime:0.002000s ]
SQL: SELECT `gid`,`main_title`,`goods_img`,`price`,`buy` FROM `hy_goods` WHERE `cid` = 1 LIMIT 5   [ RunTime:0.000000s ]
SQL: SELECT `gid`,`main_title`,`goods_img`,`price`,`buy` FROM `hy_goods` ORDER BY buy desc LIMIT 5   [ RunTime:0.019001s ]
SQL: SHOW COLUMNS FROM `hy_comment` [ RunTime:0.031002s ]
SQL: SHOW COLUMNS FROM `hy_user` [ RunTime:0.025002s ]
SQL: SELECT Comment.user_id AS user_id,Comment.goods_id AS goods_id,Comment.time AS time,Comment.content AS content,User.uname AS uname,User.head_image AS head_image FROM hy_comment Comment  JOIN hy_user User ON Comment.user_id = User.uid WHERE Comment.goods_id = '3' ORDER BY Comment.time desc  [ RunTime:0.001000s ]
SQL: SELECT count(comm_id) as c,sum(rating) as s FROM hy_comment Comment  JOIN hy_user User ON Comment.user_id = User.uid WHERE Comment.goods_id = '3' LIMIT 1   [ RunTime:0.000000s ]
INFO: [ view_parse ] --START--
INFO: [ template_filter ] --START--
INFO: Run Behavior\ContentReplaceBehavior [ RunTime:0.000000s ]
INFO: [ template_filter ] --END-- [ RunTime:0.001000s ]
INFO: Run Behavior\ParseTemplateBehavior [ RunTime:0.035002s ]
INFO: [ view_parse ] --END-- [ RunTime:0.035002s ]
INFO: [ view_filter ] --START--
INFO: Run Behavior\WriteHtmlCacheBehavior [ RunTime:0.001000s ]
INFO: [ view_filter ] --END-- [ RunTime:0.001000s ]
INFO: [ app_end ] --START--
INFO: Run Behavior\ShowPageTraceBehavior [ RunTime:0.001000s ]
INFO: [ app_end ] --END-- [ RunTime:0.001000s ]

[ 2015-01-09T09:54:23+08:00 ] 127.0.0.1 /kicker/Home/index/index.html
INFO: [ app_init ] --START--
INFO: Run Behavior\BuildLiteBehavior [ RunTime:0.000000s ]
INFO: [ app_init ] --END-- [ RunTime:0.000000s ]
INFO: [ app_begin ] --START--
INFO: Run Behavior\ReadHtmlCacheBehavior [ RunTime:0.001000s ]
INFO: [ app_begin ] --END-- [ RunTime:0.001000s ]
NOTIC: [8192] mysql_connect(): The mysql extension is deprecated and will be removed in the future: use mysqli or PDO instead C:\xampp\htdocs\kicker\ThinkPHP\Library\Think\Db\Driver\Mysql.class.php 第 52 行.
SQL: SHOW COLUMNS FROM `hy_cart` [ RunTime:0.017001s ]
SQL: SHOW COLUMNS FROM `hy_goods` [ RunTime:0.001000s ]
SQL: SELECT Cart.cart_id AS cart_id,Cart.goods_num AS goods_num,Cart.goods_attr AS goods_attr,Goods.main_title AS main_title,Goods.gid AS gid,Goods.goods_img AS goods_img,Goods.price AS price FROM hy_cart Cart  JOIN hy_goods Goods ON Cart.goods_id = Goods.gid WHERE Cart.user_id = '4'  [ RunTime:0.000000s ]
SQL: SHOW COLUMNS FROM `hy_goods` [ RunTime:0.002000s ]
SQL: SELECT * FROM `hy_goods` WHERE `cid` = 1 LIMIT 8   [ RunTime:0.000000s ]
SQL: SELECT * FROM `hy_goods` WHERE `cid` = 3 LIMIT 8   [ RunTime:0.000000s ]
SQL: SELECT * FROM `hy_goods` WHERE `cid` = 4 LIMIT 8   [ RunTime:0.000000s ]
INFO: [ view_parse ] --START--
INFO: [ template_filter ] --START--
INFO: Run Behavior\ContentReplaceBehavior [ RunTime:0.000000s ]
INFO: [ template_filter ] --END-- [ RunTime:0.000000s ]
INFO: Run Behavior\ParseTemplateBehavior [ RunTime:0.017001s ]
INFO: [ view_parse ] --END-- [ RunTime:0.017001s ]
INFO: [ view_filter ] --START--
INFO: Run Behavior\WriteHtmlCacheBehavior [ RunTime:0.000000s ]
INFO: [ view_filter ] --END-- [ RunTime:0.000000s ]
INFO: [ app_end ] --START--
INFO: Run Behavior\ShowPageTraceBehavior [ RunTime:0.000000s ]
INFO: [ app_end ] --END-- [ RunTime:0.000000s ]

[ 2015-01-09T10:12:12+08:00 ] 127.0.0.1 /kicker/Home/index/index.html
INFO: [ app_init ] --START--
INFO: Run Behavior\BuildLiteBehavior [ RunTime:0.000000s ]
INFO: [ app_init ] --END-- [ RunTime:0.000000s ]
INFO: [ app_begin ] --START--
INFO: Run Behavior\ReadHtmlCacheBehavior [ RunTime:0.001000s ]
INFO: [ app_begin ] --END-- [ RunTime:0.001000s ]
NOTIC: [8192] mysql_connect(): The mysql extension is deprecated and will be removed in the future: use mysqli or PDO instead C:\xampp\htdocs\kicker\ThinkPHP\Library\Think\Db\Driver\Mysql.class.php 第 52 行.
SQL: SHOW COLUMNS FROM `hy_cart` [ RunTime:0.002000s ]
SQL: SHOW COLUMNS FROM `hy_goods` [ RunTime:0.002000s ]
SQL: SELECT Cart.cart_id AS cart_id,Cart.goods_num AS goods_num,Cart.goods_attr AS goods_attr,Goods.main_title AS main_title,Goods.gid AS gid,Goods.goods_img AS goods_img,Goods.price AS price FROM hy_cart Cart  JOIN hy_goods Goods ON Cart.goods_id = Goods.gid WHERE Cart.user_id = '4'  [ RunTime:0.000000s ]
SQL: SHOW COLUMNS FROM `hy_goods` [ RunTime:0.002000s ]
SQL: SELECT * FROM `hy_goods` WHERE `cid` = 1 LIMIT 8   [ RunTime:0.000000s ]
SQL: SELECT * FROM `hy_goods` WHERE `cid` = 3 LIMIT 8   [ RunTime:0.000000s ]
SQL: SELECT * FROM `hy_goods` WHERE `cid` = 4 LIMIT 8   [ RunTime:0.001000s ]
INFO: [ view_parse ] --START--
INFO: [ template_filter ] --START--
INFO: Run Behavior\ContentReplaceBehavior [ RunTime:0.000000s ]
INFO: [ template_filter ] --END-- [ RunTime:0.000000s ]
INFO: Run Behavior\ParseTemplateBehavior [ RunTime:0.018001s ]
INFO: [ view_parse ] --END-- [ RunTime:0.019001s ]
INFO: [ view_filter ] --START--
INFO: Run Behavior\WriteHtmlCacheBehavior [ RunTime:0.000000s ]
INFO: [ view_filter ] --END-- [ RunTime:0.000000s ]
INFO: [ app_end ] --START--
INFO: Run Behavior\ShowPageTraceBehavior [ RunTime:0.001000s ]
INFO: [ app_end ] --END-- [ RunTime:0.001000s ]

[ 2015-01-09T10:32:17+08:00 ] 127.0.0.1 /kicker/Home/index/index.html
INFO: [ app_init ] --START--
INFO: Run Behavior\BuildLiteBehavior [ RunTime:0.000000s ]
INFO: [ app_init ] --END-- [ RunTime:0.001000s ]
INFO: [ app_begin ] --START--
INFO: Run Behavior\ReadHtmlCacheBehavior [ RunTime:0.000000s ]
INFO: [ app_begin ] --END-- [ RunTime:0.001000s ]
NOTIC: [8192] mysql_connect(): The mysql extension is deprecated and will be removed in the future: use mysqli or PDO instead C:\xampp\htdocs\kicker\ThinkPHP\Library\Think\Db\Driver\Mysql.class.php 第 52 行.
SQL: SHOW COLUMNS FROM `hy_cart` [ RunTime:0.002000s ]
SQL: SHOW COLUMNS FROM `hy_goods` [ RunTime:0.002000s ]
SQL: SELECT Cart.cart_id AS cart_id,Cart.goods_num AS goods_num,Cart.goods_attr AS goods_attr,Goods.main_title AS main_title,Goods.gid AS gid,Goods.goods_img AS goods_img,Goods.price AS price FROM hy_cart Cart  JOIN hy_goods Goods ON Cart.goods_id = Goods.gid WHERE Cart.user_id = '4'  [ RunTime:0.001000s ]
SQL: SHOW COLUMNS FROM `hy_goods` [ RunTime:0.002000s ]
SQL: SELECT * FROM `hy_goods` WHERE `cid` = 1 LIMIT 8   [ RunTime:0.001000s ]
SQL: SELECT * FROM `hy_goods` WHERE `cid` = 3 LIMIT 8   [ RunTime:0.000000s ]
SQL: SELECT * FROM `hy_goods` WHERE `cid` = 4 LIMIT 8   [ RunTime:0.001000s ]
INFO: [ view_parse ] --START--
INFO: [ template_filter ] --START--
INFO: Run Behavior\ContentReplaceBehavior [ RunTime:0.000000s ]
INFO: [ template_filter ] --END-- [ RunTime:0.000000s ]
INFO: Run Behavior\ParseTemplateBehavior [ RunTime:0.017001s ]
INFO: [ view_parse ] --END-- [ RunTime:0.017001s ]
INFO: [ view_filter ] --START--
INFO: Run Behavior\WriteHtmlCacheBehavior [ RunTime:0.000000s ]
INFO: [ view_filter ] --END-- [ RunTime:0.001000s ]
INFO: [ app_end ] --START--
INFO: Run Behavior\ShowPageTraceBehavior [ RunTime:0.001001s ]
INFO: [ app_end ] --END-- [ RunTime:0.001001s ]

[ 2015-01-09T10:51:36+08:00 ] 127.0.0.1 /kicker/Home/index/index.html
INFO: [ app_init ] --START--
INFO: Run Behavior\BuildLiteBehavior [ RunTime:0.000000s ]
INFO: [ app_init ] --END-- [ RunTime:0.000000s ]
INFO: [ app_begin ] --START--
INFO: Run Behavior\ReadHtmlCacheBehavior [ RunTime:0.001000s ]
INFO: [ app_begin ] --END-- [ RunTime:0.001000s ]
NOTIC: [8192] mysql_connect(): The mysql extension is deprecated and will be removed in the future: use mysqli or PDO instead C:\xampp\htdocs\kicker\ThinkPHP\Library\Think\Db\Driver\Mysql.class.php 第 52 行.
SQL: SHOW COLUMNS FROM `hy_cart` [ RunTime:0.002001s ]
SQL: SHOW COLUMNS FROM `hy_goods` [ RunTime:0.003000s ]
SQL: SELECT Cart.cart_id AS cart_id,Cart.goods_num AS goods_num,Cart.goods_attr AS goods_attr,Goods.main_title AS main_title,Goods.gid AS gid,Goods.goods_img AS goods_img,Goods.price AS price FROM hy_cart Cart  JOIN hy_goods Goods ON Cart.goods_id = Goods.gid WHERE Cart.user_id = '4'  [ RunTime:0.000000s ]
SQL: SHOW COLUMNS FROM `hy_goods` [ RunTime:0.003000s ]
SQL: SELECT * FROM `hy_goods` WHERE `cid` = 1 LIMIT 8   [ RunTime:0.000000s ]
SQL: SELECT * FROM `hy_goods` WHERE `cid` = 3 LIMIT 8   [ RunTime:0.000000s ]
SQL: SELECT * FROM `hy_goods` WHERE `cid` = 4 LIMIT 8   [ RunTime:0.001000s ]
INFO: [ view_parse ] --START--
INFO: [ template_filter ] --START--
INFO: Run Behavior\ContentReplaceBehavior [ RunTime:0.000000s ]
INFO: [ template_filter ] --END-- [ RunTime:0.000000s ]
INFO: Run Behavior\ParseTemplateBehavior [ RunTime:0.020001s ]
INFO: [ view_parse ] --END-- [ RunTime:0.020001s ]
INFO: [ view_filter ] --START--
INFO: Run Behavior\WriteHtmlCacheBehavior [ RunTime:0.001000s ]
INFO: [ view_filter ] --END-- [ RunTime:0.001000s ]
INFO: [ app_end ] --START--
INFO: Run Behavior\ShowPageTraceBehavior [ RunTime:0.001000s ]
INFO: [ app_end ] --END-- [ RunTime:0.002000s ]

[ 2015-01-09T11:42:59+08:00 ] 127.0.0.1 /kicker/Home/index/index.html
INFO: [ app_init ] --START--
INFO: Run Behavior\BuildLiteBehavior [ RunTime:0.000000s ]
INFO: [ app_init ] --END-- [ RunTime:0.000000s ]
INFO: [ app_begin ] --START--
INFO: Run Behavior\ReadHtmlCacheBehavior [ RunTime:0.001000s ]
INFO: [ app_begin ] --END-- [ RunTime:0.001000s ]
NOTIC: [8192] mysql_connect(): The mysql extension is deprecated and will be removed in the future: use mysqli or PDO instead C:\xampp\htdocs\kicker\ThinkPHP\Library\Think\Db\Driver\Mysql.class.php 第 52 行.
SQL: SHOW COLUMNS FROM `hy_cart` [ RunTime:0.002000s ]
SQL: SHOW COLUMNS FROM `hy_goods` [ RunTime:0.002000s ]
SQL: SELECT Cart.cart_id AS cart_id,Cart.goods_num AS goods_num,Cart.goods_attr AS goods_attr,Goods.main_title AS main_title,Goods.gid AS gid,Goods.goods_img AS goods_img,Goods.price AS price FROM hy_cart Cart  JOIN hy_goods Goods ON Cart.goods_id = Goods.gid WHERE Cart.user_id = '4'  [ RunTime:0.013001s ]
SQL: SHOW COLUMNS FROM `hy_goods` [ RunTime:0.002000s ]
SQL: SELECT * FROM `hy_goods` WHERE `cid` = 1 LIMIT 8   [ RunTime:0.011001s ]
SQL: SELECT * FROM `hy_goods` WHERE `cid` = 3 LIMIT 8   [ RunTime:0.000000s ]
SQL: SELECT * FROM `hy_goods` WHERE `cid` = 4 LIMIT 8   [ RunTime:0.000000s ]
INFO: [ view_parse ] --START--
INFO: [ template_filter ] --START--
INFO: Run Behavior\ContentReplaceBehavior [ RunTime:0.000000s ]
INFO: [ template_filter ] --END-- [ RunTime:0.000000s ]
INFO: Run Behavior\ParseTemplateBehavior [ RunTime:0.019001s ]
INFO: [ view_parse ] --END-- [ RunTime:0.019001s ]
INFO: [ view_filter ] --START--
INFO: Run Behavior\WriteHtmlCacheBehavior [ RunTime:0.001000s ]
INFO: [ view_filter ] --END-- [ RunTime:0.001000s ]
INFO: [ app_end ] --START--
INFO: Run Behavior\ShowPageTraceBehavior [ RunTime:0.001000s ]
INFO: [ app_end ] --END-- [ RunTime:0.001000s ]

[ 2015-01-09T11:48:12+08:00 ] 127.0.0.1 /kicker/Home/index/index.html
INFO: [ app_init ] --START--
INFO: Run Behavior\BuildLiteBehavior [ RunTime:0.000000s ]
INFO: [ app_init ] --END-- [ RunTime:0.000000s ]
INFO: [ app_begin ] --START--
INFO: Run Behavior\ReadHtmlCacheBehavior [ RunTime:0.001000s ]
INFO: [ app_begin ] --END-- [ RunTime:0.001000s ]
NOTIC: [8192] mysql_connect(): The mysql extension is deprecated and will be removed in the future: use mysqli or PDO instead C:\xampp\htdocs\kicker\ThinkPHP\Library\Think\Db\Driver\Mysql.class.php 第 52 行.
SQL: SHOW COLUMNS FROM `hy_cart` [ RunTime:0.002000s ]
SQL: SHOW COLUMNS FROM `hy_goods` [ RunTime:0.004000s ]
SQL: SELECT Cart.cart_id AS cart_id,Cart.goods_num AS goods_num,Cart.goods_attr AS goods_attr,Goods.main_title AS main_title,Goods.gid AS gid,Goods.goods_img AS goods_img,Goods.price AS price FROM hy_cart Cart  JOIN hy_goods Goods ON Cart.goods_id = Goods.gid WHERE Cart.user_id = '4'  [ RunTime:0.001000s ]
SQL: SHOW COLUMNS FROM `hy_goods` [ RunTime:0.003000s ]
SQL: SELECT * FROM `hy_goods` WHERE `cid` = 1 LIMIT 8   [ RunTime:0.001000s ]
SQL: SELECT * FROM `hy_goods` WHERE `cid` = 3 LIMIT 8   [ RunTime:0.001000s ]
SQL: SELECT * FROM `hy_goods` WHERE `cid` = 4 LIMIT 8   [ RunTime:0.000000s ]
INFO: [ view_parse ] --START--
INFO: [ template_filter ] --START--
INFO: Run Behavior\ContentReplaceBehavior [ RunTime:0.000000s ]
INFO: [ template_filter ] --END-- [ RunTime:0.000000s ]
INFO: Run Behavior\ParseTemplateBehavior [ RunTime:0.025002s ]
INFO: [ view_parse ] --END-- [ RunTime:0.025002s ]
INFO: [ view_filter ] --START--
INFO: Run Behavior\WriteHtmlCacheBehavior [ RunTime:0.000000s ]
INFO: [ view_filter ] --END-- [ RunTime:0.001000s ]
INFO: [ app_end ] --START--
INFO: Run Behavior\ShowPageTraceBehavior [ RunTime:0.001000s ]
INFO: [ app_end ] --END-- [ RunTime:0.001000s ]

[ 2015-01-09T11:48:15+08:00 ] 127.0.0.1 /kicker/Home/Detail/index.html?gid=11
INFO: [ app_init ] --START--
INFO: Run Behavior\BuildLiteBehavior [ RunTime:0.000000s ]
INFO: [ app_init ] --END-- [ RunTime:0.001000s ]
INFO: [ app_begin ] --START--
INFO: Run Behavior\ReadHtmlCacheBehavior [ RunTime:0.001000s ]
INFO: [ app_begin ] --END-- [ RunTime:0.001000s ]
NOTIC: [8192] mysql_connect(): The mysql extension is deprecated and will be removed in the future: use mysqli or PDO instead C:\xampp\htdocs\kicker\ThinkPHP\Library\Think\Db\Driver\Mysql.class.php 第 52 行.
SQL: SHOW COLUMNS FROM `hy_cart` [ RunTime:0.002000s ]
SQL: SHOW COLUMNS FROM `hy_goods` [ RunTime:0.002000s ]
SQL: SELECT Cart.cart_id AS cart_id,Cart.goods_num AS goods_num,Cart.goods_attr AS goods_attr,Goods.main_title AS main_title,Goods.gid AS gid,Goods.goods_img AS goods_img,Goods.price AS price FROM hy_cart Cart  JOIN hy_goods Goods ON Cart.goods_id = Goods.gid WHERE Cart.user_id = '4'  [ RunTime:0.001000s ]
SQL: SHOW COLUMNS FROM `hy_goods` [ RunTime:0.003000s ]
SQL: SELECT * FROM `hy_goods` WHERE `gid` = 11 LIMIT 1   [ RunTime:0.000000s ]
NOTIC: [8] Undefined offset: 1 C:\xampp\htdocs\kicker\Application\Home\Controller\DetailController.class.php 第 26 行.
NOTIC: [8] Undefined offset: 2 C:\xampp\htdocs\kicker\Application\Home\Controller\DetailController.class.php 第 26 行.
SQL: SHOW COLUMNS FROM `hy_goods` [ RunTime:0.003000s ]
SQL: SELECT `gid`,`main_title`,`goods_img`,`price`,`buy` FROM `hy_goods` WHERE `cid` = 3 LIMIT 5   [ RunTime:0.001000s ]
SQL: SELECT `gid`,`main_title`,`goods_img`,`price`,`buy` FROM `hy_goods` ORDER BY buy desc LIMIT 5   [ RunTime:0.001000s ]
SQL: SHOW COLUMNS FROM `hy_comment` [ RunTime:0.002001s ]
SQL: SHOW COLUMNS FROM `hy_user` [ RunTime:0.002000s ]
SQL: SELECT Comment.user_id AS user_id,Comment.goods_id AS goods_id,Comment.time AS time,Comment.content AS content,User.uname AS uname,User.head_image AS head_image FROM hy_comment Comment  JOIN hy_user User ON Comment.user_id = User.uid WHERE Comment.goods_id = '11' ORDER BY Comment.time desc  [ RunTime:0.016001s ]
SQL: SELECT count(comm_id) as c,sum(rating) as s FROM hy_comment Comment  JOIN hy_user User ON Comment.user_id = User.uid WHERE Comment.goods_id = '11' LIMIT 1   [ RunTime:0.001000s ]
INFO: [ view_parse ] --START--
INFO: [ template_filter ] --START--
INFO: Run Behavior\ContentReplaceBehavior [ RunTime:0.000000s ]
INFO: [ template_filter ] --END-- [ RunTime:0.000000s ]
INFO: Run Behavior\ParseTemplateBehavior [ RunTime:0.036002s ]
INFO: [ view_parse ] --END-- [ RunTime:0.036002s ]
INFO: [ view_filter ] --START--
INFO: Run Behavior\WriteHtmlCacheBehavior [ RunTime:0.001000s ]
INFO: [ view_filter ] --END-- [ RunTime:0.001000s ]
INFO: [ app_end ] --START--
INFO: Run Behavior\ShowPageTraceBehavior [ RunTime:0.001000s ]
INFO: [ app_end ] --END-- [ RunTime:0.001000s ]

[ 2015-01-09T14:40:01+08:00 ] 127.0.0.1 /kicker/Home/index/index.html
INFO: [ app_init ] --START--
INFO: Run Behavior\BuildLiteBehavior [ RunTime:0.000000s ]
INFO: [ app_init ] --END-- [ RunTime:0.000000s ]
INFO: [ app_begin ] --START--
INFO: Run Behavior\ReadHtmlCacheBehavior [ RunTime:0.001000s ]
INFO: [ app_begin ] --END-- [ RunTime:0.001000s ]
NOTIC: [8192] mysql_connect(): The mysql extension is deprecated and will be removed in the future: use mysqli or PDO instead C:\xampp\htdocs\kicker\ThinkPHP\Library\Think\Db\Driver\Mysql.class.php 第 52 行.
SQL: SHOW COLUMNS FROM `hy_cart` [ RunTime:0.003000s ]
SQL: SHOW COLUMNS FROM `hy_goods` [ RunTime:0.003000s ]
SQL: SELECT Cart.cart_id AS cart_id,Cart.goods_num AS goods_num,Cart.goods_attr AS goods_attr,Goods.main_title AS main_title,Goods.gid AS gid,Goods.goods_img AS goods_img,Goods.price AS price FROM hy_cart Cart  JOIN hy_goods Goods ON Cart.goods_id = Goods.gid WHERE Cart.user_id = '4'  [ RunTime:0.001000s ]
SQL: SHOW COLUMNS FROM `hy_goods` [ RunTime:0.006001s ]
SQL: SELECT * FROM `hy_goods` WHERE `cid` = 1 LIMIT 8   [ RunTime:0.000000s ]
SQL: SELECT * FROM `hy_goods` WHERE `cid` = 3 LIMIT 8   [ RunTime:0.001000s ]
SQL: SELECT * FROM `hy_goods` WHERE `cid` = 4 LIMIT 8   [ RunTime:0.000000s ]
INFO: [ view_parse ] --START--
INFO: [ template_filter ] --START--
INFO: Run Behavior\ContentReplaceBehavior [ RunTime:0.001000s ]
INFO: [ template_filter ] --END-- [ RunTime:0.001000s ]
INFO: Run Behavior\ParseTemplateBehavior [ RunTime:0.026001s ]
INFO: [ view_parse ] --END-- [ RunTime:0.026001s ]
INFO: [ view_filter ] --START--
INFO: Run Behavior\WriteHtmlCacheBehavior [ RunTime:0.001001s ]
INFO: [ view_filter ] --END-- [ RunTime:0.001001s ]
INFO: [ app_end ] --START--
INFO: Run Behavior\ShowPageTraceBehavior [ RunTime:0.001000s ]
INFO: [ app_end ] --END-- [ RunTime:0.001000s ]

[ 2015-01-09T15:00:15+08:00 ] 127.0.0.1 /kicker/Home/Detail/index.html?gid=6
INFO: [ app_init ] --START--
INFO: Run Behavior\BuildLiteBehavior [ RunTime:0.000000s ]
INFO: [ app_init ] --END-- [ RunTime:0.000000s ]
INFO: [ app_begin ] --START--
INFO: Run Behavior\ReadHtmlCacheBehavior [ RunTime:0.002001s ]
INFO: [ app_begin ] --END-- [ RunTime:0.002001s ]
NOTIC: [8192] mysql_connect(): The mysql extension is deprecated and will be removed in the future: use mysqli or PDO instead C:\xampp\htdocs\kicker\ThinkPHP\Library\Think\Db\Driver\Mysql.class.php 第 52 行.
SQL: SHOW COLUMNS FROM `hy_cart` [ RunTime:0.003000s ]
SQL: SHOW COLUMNS FROM `hy_goods` [ RunTime:0.006000s ]
SQL: SELECT Cart.cart_id AS cart_id,Cart.goods_num AS goods_num,Cart.goods_attr AS goods_attr,Goods.main_title AS main_title,Goods.gid AS gid,Goods.goods_img AS goods_img,Goods.price AS price FROM hy_cart Cart  JOIN hy_goods Goods ON Cart.goods_id = Goods.gid WHERE Cart.user_id = '4'  [ RunTime:0.000000s ]
SQL: SHOW COLUMNS FROM `hy_goods` [ RunTime:0.003000s ]
SQL: SELECT * FROM `hy_goods` WHERE `gid` = 6 LIMIT 1   [ RunTime:0.000000s ]
SQL: SHOW COLUMNS FROM `hy_goods` [ RunTime:0.004001s ]
SQL: SELECT `gid`,`main_title`,`goods_img`,`price`,`buy` FROM `hy_goods` WHERE `cid` = 1 LIMIT 5   [ RunTime:0.004000s ]
SQL: SELECT `gid`,`main_title`,`goods_img`,`price`,`buy` FROM `hy_goods` ORDER BY buy desc LIMIT 5   [ RunTime:0.000000s ]
SQL: SHOW COLUMNS FROM `hy_comment` [ RunTime:0.018001s ]
SQL: SHOW COLUMNS FROM `hy_user` [ RunTime:0.005000s ]
SQL: SELECT Comment.user_id AS user_id,Comment.goods_id AS goods_id,Comment.time AS time,Comment.content AS content,User.uname AS uname,User.head_image AS head_image FROM hy_comment Comment  JOIN hy_user User ON Comment.user_id = User.uid WHERE Comment.goods_id = '6' ORDER BY Comment.time desc  [ RunTime:0.000000s ]
SQL: SELECT count(comm_id) as c,sum(rating) as s FROM hy_comment Comment  JOIN hy_user User ON Comment.user_id = User.uid WHERE Comment.goods_id = '6' LIMIT 1   [ RunTime:0.000000s ]
NOTIC: [2] Division by zero C:\xampp\htdocs\kicker\Application\Home\Model\CommentViewModel.class.php 第 27 行.
INFO: [ view_parse ] --START--
INFO: [ template_filter ] --START--
INFO: Run Behavior\ContentReplaceBehavior [ RunTime:0.000000s ]
INFO: [ template_filter ] --END-- [ RunTime:0.000000s ]
INFO: Run Behavior\ParseTemplateBehavior [ RunTime:0.026001s ]
INFO: [ view_parse ] --END-- [ RunTime:0.026001s ]
INFO: [ view_filter ] --START--
INFO: Run Behavior\WriteHtmlCacheBehavior [ RunTime:0.001000s ]
INFO: [ view_filter ] --END-- [ RunTime:0.001000s ]
INFO: [ app_end ] --START--
INFO: Run Behavior\ShowPageTraceBehavior [ RunTime:0.001000s ]
INFO: [ app_end ] --END-- [ RunTime:0.002000s ]

[ 2015-01-09T15:00:19+08:00 ] 127.0.0.1 /kicker/Home/Detail/index.html?gid=12
INFO: [ app_init ] --START--
INFO: Run Behavior\BuildLiteBehavior [ RunTime:0.000000s ]
INFO: [ app_init ] --END-- [ RunTime:0.000000s ]
INFO: [ app_begin ] --START--
INFO: Run Behavior\ReadHtmlCacheBehavior [ RunTime:0.004001s ]
INFO: [ app_begin ] --END-- [ RunTime:0.004001s ]
NOTIC: [8192] mysql_connect(): The mysql extension is deprecated and will be removed in the future: use mysqli or PDO instead C:\xampp\htdocs\kicker\ThinkPHP\Library\Think\Db\Driver\Mysql.class.php 第 52 行.
SQL: SHOW COLUMNS FROM `hy_cart` [ RunTime:0.003000s ]
SQL: SHOW COLUMNS FROM `hy_goods` [ RunTime:0.004000s ]
SQL: SELECT Cart.cart_id AS cart_id,Cart.goods_num AS goods_num,Cart.goods_attr AS goods_attr,Goods.main_title AS main_title,Goods.gid AS gid,Goods.goods_img AS goods_img,Goods.price AS price FROM hy_cart Cart  JOIN hy_goods Goods ON Cart.goods_id = Goods.gid WHERE Cart.user_id = '4'  [ RunTime:0.000000s ]
SQL: SHOW COLUMNS FROM `hy_goods` [ RunTime:0.004001s ]
SQL: SELECT * FROM `hy_goods` WHERE `gid` = 12 LIMIT 1   [ RunTime:0.000000s ]
SQL: SHOW COLUMNS FROM `hy_goods` [ RunTime:0.004000s ]
SQL: SELECT `gid`,`main_title`,`goods_img`,`price`,`buy` FROM `hy_goods` WHERE `cid` = 3 LIMIT 5   [ RunTime:0.001000s ]
SQL: SELECT `gid`,`main_title`,`goods_img`,`price`,`buy` FROM `hy_goods` ORDER BY buy desc LIMIT 5   [ RunTime:0.001000s ]
SQL: SHOW COLUMNS FROM `hy_comment` [ RunTime:0.004000s ]
SQL: SHOW COLUMNS FROM `hy_user` [ RunTime:0.003000s ]
SQL: SELECT Comment.user_id AS user_id,Comment.goods_id AS goods_id,Comment.time AS time,Comment.content AS content,User.uname AS uname,User.head_image AS head_image FROM hy_comment Comment  JOIN hy_user User ON Comment.user_id = User.uid WHERE Comment.goods_id = '12' ORDER BY Comment.time desc  [ RunTime:0.000000s ]
SQL: SELECT count(comm_id) as c,sum(rating) as s FROM hy_comment Comment  JOIN hy_user User ON Comment.user_id = User.uid WHERE Comment.goods_id = '12' LIMIT 1   [ RunTime:0.001000s ]
NOTIC: [2] Division by zero C:\xampp\htdocs\kicker\Application\Home\Model\CommentViewModel.class.php 第 27 行.
INFO: [ view_parse ] --START--
INFO: [ template_filter ] --START--
INFO: Run Behavior\ContentReplaceBehavior [ RunTime:0.000000s ]
INFO: [ template_filter ] --END-- [ RunTime:0.000000s ]
INFO: Run Behavior\ParseTemplateBehavior [ RunTime:0.029001s ]
INFO: [ view_parse ] --END-- [ RunTime:0.029001s ]
INFO: [ view_filter ] --START--
INFO: Run Behavior\WriteHtmlCacheBehavior [ RunTime:0.001000s ]
INFO: [ view_filter ] --END-- [ RunTime:0.001000s ]
INFO: [ app_end ] --START--
INFO: Run Behavior\ShowPageTraceBehavior [ RunTime:0.001000s ]
INFO: [ app_end ] --END-- [ RunTime:0.001000s ]

